[2024-10-13 02:00:00.001 +00:00] [INF] [66] Emby.Server.Implementations.ScheduledTasks.TaskManager: "Extract Chapter Images" Completed after 0 minute(s) and 0 seconds
[2024-10-13 02:00:00.999 +00:00] [INF] [66] Emby.Server.Implementations.ScheduledTasks.TaskManager: Daily trigger for "Extract Chapter Images" set to fire at 2024-10-14 02:00:00.000 +00:00, which is 23:59:59.0007498 from now.
[2024-10-13 03:00:00.002 +00:00] [INF] [180] Emby.Server.Implementations.ScheduledTasks.TaskManager: "Generate Trickplay Images" Completed after 0 minute(s) and 0 seconds
[2024-10-13 03:00:01.000 +00:00] [INF] [180] Emby.Server.Implementations.ScheduledTasks.TaskManager: Daily trigger for "Generate Trickplay Images" set to fire at 2024-10-14 03:00:00.000 +00:00, which is 23:59:58.9995873 from now.
[2024-10-13 07:26:01.767 +00:00] [INF] [141] Emby.Server.Implementations.IO.LibraryMonitor: Stopping directory watching for path "/media"
[2024-10-13 07:26:01.767 +00:00] [INF] [141] Emby.Server.Implementations.Library.LibraryManager: Validating media library
[2024-10-13 07:26:01.770 +00:00] [WRN] [141] MediaBrowser.Controller.Entities.BaseItem: Library folder "/config/data/playlists" is inaccessible or empty, skipping
[2024-10-13 07:26:01.774 +00:00] [WRN] [141] MediaBrowser.Controller.Entities.BaseItem: Library folder "/config/data/playlists" is inaccessible or empty, skipping
[2024-10-13 07:26:01.779 +00:00] [INF] [141] Emby.Server.Implementations.ScheduledTasks.TaskManager: "Scan Media Library" Completed after 0 minute(s) and 0 seconds
[2024-10-13 07:26:01.779 +00:00] [INF] [69] Emby.Server.Implementations.IO.LibraryMonitor: Watching directory "/media"
[2024-10-13 09:23:30.969 +00:00] [INF] [173] Emby.Server.Implementations.ScheduledTasks.TaskManager: "Update Plugins" Completed after 0 minute(s) and 13 seconds
[2024-10-13 19:25:52.295 +00:00] [INF] [229] Emby.Server.Implementations.ScheduledTasks.TaskManager: "Download missing subtitles" Completed after 0 minute(s) and 0 seconds
[2024-10-13 19:25:52.344 +00:00] [INF] [229] Emby.Server.Implementations.ScheduledTasks.TaskManager: "Clean Log Directory" Completed after 0 minute(s) and 0 seconds
[2024-10-13 19:25:52.401 +00:00] [INF] [232] Emby.Server.Implementations.ScheduledTasks.TaskManager: "Clean Cache Directory" Completed after 0 minute(s) and 0 seconds
[2024-10-13 19:25:52.498 +00:00] [INF] [229] Emby.Server.Implementations.ScheduledTasks.TaskManager: "Audio Normalization" Completed after 0 minute(s) and 0 seconds
[2024-10-13 19:25:52.519 +00:00] [INF] [229] Emby.Server.Implementations.ScheduledTasks.TaskManager: "Clean Transcode Directory" Completed after 0 minute(s) and 0 seconds
[2024-10-13 19:25:52.542 +00:00] [INF] [229] Emby.Server.Implementations.Library.LibraryManager: People validation complete
[2024-10-13 19:25:52.542 +00:00] [INF] [229] Emby.Server.Implementations.ScheduledTasks.TaskManager: "Refresh People" Completed after 0 minute(s) and 0 seconds
[2024-10-13 19:25:52.561 +00:00] [INF] [232] Emby.Server.Implementations.ScheduledTasks.TaskManager: "TasksRefreshChannels" Completed after 0 minute(s) and 0 seconds
[2024-10-13 19:25:54.180 +00:00] [INF] [229] Emby.Server.Implementations.ScheduledTasks.Tasks.OptimizeDatabaseTask: Optimizing and vacuuming jellyfin.db...
[2024-10-13 19:25:54.204 +00:00] [INF] [229] Emby.Server.Implementations.ScheduledTasks.Tasks.OptimizeDatabaseTask: jellyfin.db optimized successfully!
[2024-10-13 19:25:54.204 +00:00] [INF] [229] Emby.Server.Implementations.ScheduledTasks.TaskManager: "Optimize database" Completed after 0 minute(s) and 0 seconds
[2024-10-13 19:26:01.778 +00:00] [INF] [227] Emby.Server.Implementations.IO.LibraryMonitor: Stopping directory watching for path "/media"
[2024-10-13 19:26:01.778 +00:00] [INF] [227] Emby.Server.Implementations.Library.LibraryManager: Validating media library
[2024-10-13 19:26:01.781 +00:00] [WRN] [227] MediaBrowser.Controller.Entities.BaseItem: Library folder "/config/data/playlists" is inaccessible or empty, skipping
[2024-10-13 19:26:01.785 +00:00] [WRN] [229] MediaBrowser.Controller.Entities.BaseItem: Library folder "/config/data/playlists" is inaccessible or empty, skipping
[2024-10-13 19:26:01.790 +00:00] [INF] [232] Emby.Server.Implementations.ScheduledTasks.TaskManager: "Scan Media Library" Completed after 0 minute(s) and 0 seconds
[2024-10-13 19:26:01.790 +00:00] [INF] [230] Emby.Server.Implementations.IO.LibraryMonitor: Watching directory "/media"
[2024-10-13 20:26:08.434 +00:00] [INF] [227] Jellyfin.LiveTv.Guide.GuideManager: Refreshing guide with 7 days of guide data
[2024-10-13 20:26:08.435 +00:00] [INF] [227] Emby.Server.Implementations.ScheduledTasks.TaskManager: "Refresh Guide" Completed after 0 minute(s) and 3 seconds
