[2024-09-07 02:00:03.037 +00:00] [INF] [105] Emby.Server.Implementations.ScheduledTasks.TaskManager: "Extract Chapter Images" Completed after 0 minute(s) and 0 seconds
[2024-09-07 02:00:04.036 +00:00] [INF] [30] Emby.Server.Implementations.ScheduledTasks.TaskManager: Daily trigger for "Extract Chapter Images" set to fire at 2024-09-08 02:00:00.000 +00:00, which is 23:59:55.9635268 from now.
[2024-09-07 03:00:03.037 +00:00] [INF] [211] Emby.Server.Implementations.ScheduledTasks.TaskManager: "Generate Trickplay Images" Completed after 0 minute(s) and 0 seconds
[2024-09-07 03:00:04.035 +00:00] [INF] [211] Emby.Server.Implementations.ScheduledTasks.TaskManager: Daily trigger for "Generate Trickplay Images" set to fire at 2024-09-08 03:00:00.000 +00:00, which is 23:59:55.9648519 from now.
[2024-09-07 07:25:56.044 +00:00] [INF] [92] Emby.Server.Implementations.IO.LibraryMonitor: Stopping directory watching for path "/media"
[2024-09-07 07:25:56.044 +00:00] [INF] [92] Emby.Server.Implementations.Library.LibraryManager: Validating media library
[2024-09-07 07:25:56.047 +00:00] [WRN] [92] MediaBrowser.Controller.Entities.BaseItem: Library folder "/config/data/playlists" is inaccessible or empty, skipping
[2024-09-07 07:25:56.050 +00:00] [WRN] [92] MediaBrowser.Controller.Entities.BaseItem: Library folder "/config/data/playlists" is inaccessible or empty, skipping
[2024-09-07 07:25:56.054 +00:00] [INF] [92] Emby.Server.Implementations.ScheduledTasks.TaskManager: "Scan Media Library" Completed after 0 minute(s) and 0 seconds
[2024-09-07 07:25:56.055 +00:00] [INF] [41] Emby.Server.Implementations.IO.LibraryMonitor: Watching directory "/media"
[2024-09-07 19:25:50.616 +00:00] [INF] [273] Emby.Server.Implementations.ScheduledTasks.TaskManager: "Download missing subtitles" Completed after 0 minute(s) and 0 seconds
[2024-09-07 19:25:50.675 +00:00] [INF] [273] Emby.Server.Implementations.ScheduledTasks.TaskManager: "Clean Log Directory" Completed after 0 minute(s) and 0 seconds
[2024-09-07 19:25:50.719 +00:00] [INF] [273] Emby.Server.Implementations.ScheduledTasks.TaskManager: "Clean Cache Directory" Completed after 0 minute(s) and 0 seconds
[2024-09-07 19:25:50.766 +00:00] [INF] [273] Emby.Server.Implementations.ScheduledTasks.TaskManager: "Audio Normalization" Completed after 0 minute(s) and 0 seconds
[2024-09-07 19:25:50.796 +00:00] [INF] [272] Emby.Server.Implementations.ScheduledTasks.TaskManager: "Clean Transcode Directory" Completed after 0 minute(s) and 0 seconds
[2024-09-07 19:25:50.857 +00:00] [INF] [270] Emby.Server.Implementations.ScheduledTasks.TaskManager: "TasksRefreshChannels" Completed after 0 minute(s) and 0 seconds
[2024-09-07 19:25:51.456 +00:00] [INF] [270] Emby.Server.Implementations.ScheduledTasks.Tasks.OptimizeDatabaseTask: Optimizing and vacuuming jellyfin.db...
[2024-09-07 19:25:51.489 +00:00] [INF] [270] Emby.Server.Implementations.ScheduledTasks.Tasks.OptimizeDatabaseTask: jellyfin.db optimized successfully!
[2024-09-07 19:25:51.490 +00:00] [INF] [270] Emby.Server.Implementations.ScheduledTasks.TaskManager: "Optimize database" Completed after 0 minute(s) and 0 seconds
[2024-09-07 19:25:56.053 +00:00] [INF] [270] Emby.Server.Implementations.IO.LibraryMonitor: Stopping directory watching for path "/media"
[2024-09-07 19:25:56.054 +00:00] [INF] [270] Emby.Server.Implementations.Library.LibraryManager: Validating media library
[2024-09-07 19:25:56.055 +00:00] [WRN] [270] MediaBrowser.Controller.Entities.BaseItem: Library folder "/config/data/playlists" is inaccessible or empty, skipping
[2024-09-07 19:25:56.059 +00:00] [WRN] [271] MediaBrowser.Controller.Entities.BaseItem: Library folder "/config/data/playlists" is inaccessible or empty, skipping
[2024-09-07 19:25:56.063 +00:00] [INF] [273] Emby.Server.Implementations.ScheduledTasks.TaskManager: "Scan Media Library" Completed after 0 minute(s) and 0 seconds
[2024-09-07 19:25:56.063 +00:00] [INF] [271] Emby.Server.Implementations.IO.LibraryMonitor: Watching directory "/media"
[2024-09-07 19:25:59.043 +00:00] [INF] [271] Emby.Server.Implementations.ScheduledTasks.TaskManager: "Update Plugins" Completed after 0 minute(s) and 1 seconds
[2024-09-07 20:25:57.777 +00:00] [INF] [185] Jellyfin.LiveTv.Guide.GuideManager: Refreshing guide with 7 days of guide data
[2024-09-07 20:25:57.778 +00:00] [INF] [185] Emby.Server.Implementations.ScheduledTasks.TaskManager: "Refresh Guide" Completed after 0 minute(s) and 3 seconds
