[2024-09-17 02:00:00.733 +00:00] [INF] [44] Emby.Server.Implementations.ScheduledTasks.TaskManager: "Extract Chapter Images" Completed after 0 minute(s) and 0 seconds
[2024-09-17 02:00:01.723 +00:00] [INF] [45] Emby.Server.Implementations.ScheduledTasks.TaskManager: Daily trigger for "Extract Chapter Images" set to fire at 2024-09-18 02:00:00.000 +00:00, which is 23:59:58.2768175 from now.
[2024-09-17 03:00:00.724 +00:00] [INF] [97] Emby.Server.Implementations.ScheduledTasks.TaskManager: "Generate Trickplay Images" Completed after 0 minute(s) and 0 seconds
[2024-09-17 03:00:01.723 +00:00] [INF] [99] Emby.Server.Implementations.ScheduledTasks.TaskManager: Daily trigger for "Generate Trickplay Images" set to fire at 2024-09-18 03:00:00.000 +00:00, which is 23:59:58.2770259 from now.
[2024-09-17 07:25:59.251 +00:00] [INF] [50] Emby.Server.Implementations.IO.LibraryMonitor: Stopping directory watching for path "/media"
[2024-09-17 07:25:59.252 +00:00] [INF] [50] Emby.Server.Implementations.Library.LibraryManager: Validating media library
[2024-09-17 07:25:59.256 +00:00] [WRN] [50] MediaBrowser.Controller.Entities.BaseItem: Library folder "/config/data/playlists" is inaccessible or empty, skipping
[2024-09-17 07:25:59.262 +00:00] [WRN] [139] MediaBrowser.Controller.Entities.BaseItem: Library folder "/config/data/playlists" is inaccessible or empty, skipping
[2024-09-17 07:25:59.268 +00:00] [INF] [139] Emby.Server.Implementations.ScheduledTasks.TaskManager: "Scan Media Library" Completed after 0 minute(s) and 0 seconds
[2024-09-17 07:25:59.268 +00:00] [INF] [49] Emby.Server.Implementations.IO.LibraryMonitor: Watching directory "/media"
[2024-09-17 19:25:52.281 +00:00] [INF] [32] Emby.Server.Implementations.ScheduledTasks.TaskManager: "Download missing subtitles" Completed after 0 minute(s) and 0 seconds
[2024-09-17 19:25:52.336 +00:00] [INF] [223] Emby.Server.Implementations.ScheduledTasks.TaskManager: "Clean Log Directory" Completed after 0 minute(s) and 0 seconds
[2024-09-17 19:25:52.390 +00:00] [INF] [223] Emby.Server.Implementations.ScheduledTasks.TaskManager: "Clean Cache Directory" Completed after 0 minute(s) and 0 seconds
[2024-09-17 19:25:52.445 +00:00] [INF] [32] Emby.Server.Implementations.ScheduledTasks.TaskManager: "Audio Normalization" Completed after 0 minute(s) and 0 seconds
[2024-09-17 19:25:52.466 +00:00] [INF] [223] Emby.Server.Implementations.ScheduledTasks.TaskManager: "Clean Transcode Directory" Completed after 0 minute(s) and 0 seconds
[2024-09-17 19:25:52.525 +00:00] [INF] [223] Emby.Server.Implementations.ScheduledTasks.TaskManager: "TasksRefreshChannels" Completed after 0 minute(s) and 0 seconds
[2024-09-17 19:25:53.439 +00:00] [INF] [223] Emby.Server.Implementations.ScheduledTasks.Tasks.OptimizeDatabaseTask: Optimizing and vacuuming jellyfin.db...
[2024-09-17 19:25:53.463 +00:00] [INF] [223] Emby.Server.Implementations.ScheduledTasks.Tasks.OptimizeDatabaseTask: jellyfin.db optimized successfully!
[2024-09-17 19:25:53.463 +00:00] [INF] [223] Emby.Server.Implementations.ScheduledTasks.TaskManager: "Optimize database" Completed after 0 minute(s) and 0 seconds
[2024-09-17 19:25:59.268 +00:00] [INF] [59] Emby.Server.Implementations.IO.LibraryMonitor: Stopping directory watching for path "/media"
[2024-09-17 19:25:59.268 +00:00] [INF] [59] Emby.Server.Implementations.Library.LibraryManager: Validating media library
[2024-09-17 19:25:59.270 +00:00] [WRN] [59] MediaBrowser.Controller.Entities.BaseItem: Library folder "/config/data/playlists" is inaccessible or empty, skipping
[2024-09-17 19:25:59.274 +00:00] [WRN] [201] MediaBrowser.Controller.Entities.BaseItem: Library folder "/config/data/playlists" is inaccessible or empty, skipping
[2024-09-17 19:25:59.279 +00:00] [INF] [206] Emby.Server.Implementations.ScheduledTasks.TaskManager: "Scan Media Library" Completed after 0 minute(s) and 0 seconds
[2024-09-17 19:25:59.300 +00:00] [INF] [32] Emby.Server.Implementations.IO.LibraryMonitor: Watching directory "/media"
[2024-09-17 19:26:07.114 +00:00] [INF] [59] Emby.Server.Implementations.ScheduledTasks.TaskManager: "Update Plugins" Completed after 0 minute(s) and 6 seconds
[2024-09-17 20:26:02.440 +00:00] [INF] [46] Jellyfin.LiveTv.Guide.GuideManager: Refreshing guide with 7 days of guide data
[2024-09-17 20:26:02.442 +00:00] [INF] [46] Emby.Server.Implementations.ScheduledTasks.TaskManager: "Refresh Guide" Completed after 0 minute(s) and 3 seconds
