[2024-09-30 02:00:00.002 +00:00] [INF] [47] Emby.Server.Implementations.ScheduledTasks.TaskManager: "Extract Chapter Images" Completed after 0 minute(s) and 0 seconds
[2024-09-30 02:00:00.999 +00:00] [INF] [93] Emby.Server.Implementations.ScheduledTasks.TaskManager: Daily trigger for "Extract Chapter Images" set to fire at 2024-10-01 02:00:00.000 +00:00, which is 23:59:59.0003665 from now.
[2024-09-30 03:00:00.003 +00:00] [INF] [178] Emby.Server.Implementations.ScheduledTasks.TaskManager: "Generate Trickplay Images" Completed after 0 minute(s) and 0 seconds
[2024-09-30 03:00:01.000 +00:00] [INF] [43] Emby.Server.Implementations.ScheduledTasks.TaskManager: Daily trigger for "Generate Trickplay Images" set to fire at 2024-10-01 03:00:00.000 +00:00, which is 23:59:58.9996010 from now.
[2024-09-30 07:25:59.972 +00:00] [INF] [172] Emby.Server.Implementations.IO.LibraryMonitor: Stopping directory watching for path "/media"
[2024-09-30 07:25:59.972 +00:00] [INF] [172] Emby.Server.Implementations.Library.LibraryManager: Validating media library
[2024-09-30 07:25:59.975 +00:00] [WRN] [172] MediaBrowser.Controller.Entities.BaseItem: Library folder "/config/data/playlists" is inaccessible or empty, skipping
[2024-09-30 07:25:59.979 +00:00] [WRN] [103] MediaBrowser.Controller.Entities.BaseItem: Library folder "/config/data/playlists" is inaccessible or empty, skipping
[2024-09-30 07:25:59.983 +00:00] [INF] [139] Emby.Server.Implementations.ScheduledTasks.TaskManager: "Scan Media Library" Completed after 0 minute(s) and 0 seconds
[2024-09-30 07:25:59.983 +00:00] [INF] [16] Emby.Server.Implementations.IO.LibraryMonitor: Watching directory "/media"
[2024-09-30 19:25:52.283 +00:00] [INF] [134] Emby.Server.Implementations.ScheduledTasks.TaskManager: "Download missing subtitles" Completed after 0 minute(s) and 0 seconds
[2024-09-30 19:25:52.335 +00:00] [INF] [105] Emby.Server.Implementations.ScheduledTasks.TaskManager: "Clean Log Directory" Completed after 0 minute(s) and 0 seconds
[2024-09-30 19:25:52.395 +00:00] [INF] [105] Emby.Server.Implementations.ScheduledTasks.TaskManager: "Clean Cache Directory" Completed after 0 minute(s) and 0 seconds
[2024-09-30 19:25:52.459 +00:00] [INF] [134] Emby.Server.Implementations.ScheduledTasks.TaskManager: "Audio Normalization" Completed after 0 minute(s) and 0 seconds
[2024-09-30 19:25:52.479 +00:00] [INF] [105] Emby.Server.Implementations.ScheduledTasks.TaskManager: "Clean Transcode Directory" Completed after 0 minute(s) and 0 seconds
[2024-09-30 19:25:52.531 +00:00] [INF] [105] Emby.Server.Implementations.ScheduledTasks.TaskManager: "TasksRefreshChannels" Completed after 0 minute(s) and 0 seconds
[2024-09-30 19:25:53.786 +00:00] [INF] [105] Emby.Server.Implementations.ScheduledTasks.Tasks.OptimizeDatabaseTask: Optimizing and vacuuming jellyfin.db...
[2024-09-30 19:25:53.812 +00:00] [INF] [105] Emby.Server.Implementations.ScheduledTasks.Tasks.OptimizeDatabaseTask: jellyfin.db optimized successfully!
[2024-09-30 19:25:53.812 +00:00] [INF] [105] Emby.Server.Implementations.ScheduledTasks.TaskManager: "Optimize database" Completed after 0 minute(s) and 0 seconds
[2024-09-30 19:25:59.983 +00:00] [INF] [105] Emby.Server.Implementations.IO.LibraryMonitor: Stopping directory watching for path "/media"
[2024-09-30 19:25:59.983 +00:00] [INF] [105] Emby.Server.Implementations.Library.LibraryManager: Validating media library
[2024-09-30 19:25:59.993 +00:00] [WRN] [105] MediaBrowser.Controller.Entities.BaseItem: Library folder "/config/data/playlists" is inaccessible or empty, skipping
[2024-09-30 19:26:00.021 +00:00] [INF] [127] Jellyfin.Drawing.ImageProcessor: Creating image collage and saving to "/cache/temp/faee682889d142eb8f36238154e23fad.png"
[2024-09-30 19:26:00.334 +00:00] [INF] [127] Jellyfin.Drawing.ImageProcessor: Completed creation of image collage and saved to "/cache/temp/faee682889d142eb8f36238154e23fad.png"
[2024-09-30 19:26:00.351 +00:00] [WRN] [134] MediaBrowser.Controller.Entities.BaseItem: Library folder "/config/data/playlists" is inaccessible or empty, skipping
[2024-09-30 19:26:00.355 +00:00] [INF] [134] Emby.Server.Implementations.ScheduledTasks.TaskManager: "Scan Media Library" Completed after 0 minute(s) and 0 seconds
[2024-09-30 19:26:00.355 +00:00] [INF] [127] Emby.Server.Implementations.IO.LibraryMonitor: Watching directory "/media"
[2024-09-30 19:26:02.112 +00:00] [INF] [105] Emby.Server.Implementations.ScheduledTasks.TaskManager: "Update Plugins" Completed after 0 minute(s) and 1 seconds
[2024-09-30 20:26:02.434 +00:00] [INF] [45] Jellyfin.LiveTv.Guide.GuideManager: Refreshing guide with 7 days of guide data
[2024-09-30 20:26:02.436 +00:00] [INF] [45] Emby.Server.Implementations.ScheduledTasks.TaskManager: "Refresh Guide" Completed after 0 minute(s) and 3 seconds
