[2024-10-05 02:00:00.002 +00:00] [INF] [232] Emby.Server.Implementations.ScheduledTasks.TaskManager: "Extract Chapter Images" Completed after 0 minute(s) and 0 seconds
[2024-10-05 02:00:01.000 +00:00] [INF] [182] Emby.Server.Implementations.ScheduledTasks.TaskManager: Daily trigger for "Extract Chapter Images" set to fire at 2024-10-06 02:00:00.000 +00:00, which is 23:59:58.9995334 from now.
[2024-10-05 03:00:00.002 +00:00] [INF] [22] Emby.Server.Implementations.ScheduledTasks.TaskManager: "Generate Trickplay Images" Completed after 0 minute(s) and 0 seconds
[2024-10-05 03:00:00.999 +00:00] [INF] [232] Emby.Server.Implementations.ScheduledTasks.TaskManager: Daily trigger for "Generate Trickplay Images" set to fire at 2024-10-06 03:00:00.000 +00:00, which is 23:59:59.0007329 from now.
[2024-10-05 07:26:00.445 +00:00] [INF] [105] Emby.Server.Implementations.IO.LibraryMonitor: Stopping directory watching for path "/media"
[2024-10-05 07:26:00.445 +00:00] [INF] [105] Emby.Server.Implementations.Library.LibraryManager: Validating media library
[2024-10-05 07:26:00.449 +00:00] [WRN] [105] MediaBrowser.Controller.Entities.BaseItem: Library folder "/config/data/playlists" is inaccessible or empty, skipping
[2024-10-05 07:26:00.453 +00:00] [WRN] [169] MediaBrowser.Controller.Entities.BaseItem: Library folder "/config/data/playlists" is inaccessible or empty, skipping
[2024-10-05 07:26:00.457 +00:00] [INF] [169] Emby.Server.Implementations.ScheduledTasks.TaskManager: "Scan Media Library" Completed after 0 minute(s) and 0 seconds
[2024-10-05 07:26:00.457 +00:00] [INF] [28] Emby.Server.Implementations.IO.LibraryMonitor: Watching directory "/media"
[2024-10-05 19:25:52.286 +00:00] [INF] [117] Emby.Server.Implementations.ScheduledTasks.TaskManager: "Download missing subtitles" Completed after 0 minute(s) and 0 seconds
[2024-10-05 19:25:52.337 +00:00] [INF] [181] Emby.Server.Implementations.ScheduledTasks.TaskManager: "Clean Log Directory" Completed after 0 minute(s) and 0 seconds
[2024-10-05 19:25:52.396 +00:00] [INF] [117] Emby.Server.Implementations.ScheduledTasks.TaskManager: "Clean Cache Directory" Completed after 0 minute(s) and 0 seconds
[2024-10-05 19:25:52.465 +00:00] [INF] [181] Emby.Server.Implementations.ScheduledTasks.TaskManager: "Audio Normalization" Completed after 0 minute(s) and 0 seconds
[2024-10-05 19:25:52.485 +00:00] [INF] [117] Emby.Server.Implementations.ScheduledTasks.TaskManager: "Clean Transcode Directory" Completed after 0 minute(s) and 0 seconds
[2024-10-05 19:25:52.535 +00:00] [INF] [117] Emby.Server.Implementations.ScheduledTasks.TaskManager: "TasksRefreshChannels" Completed after 0 minute(s) and 0 seconds
[2024-10-05 19:25:53.926 +00:00] [INF] [181] Emby.Server.Implementations.ScheduledTasks.Tasks.OptimizeDatabaseTask: Optimizing and vacuuming jellyfin.db...
[2024-10-05 19:25:53.957 +00:00] [INF] [181] Emby.Server.Implementations.ScheduledTasks.Tasks.OptimizeDatabaseTask: jellyfin.db optimized successfully!
[2024-10-05 19:25:53.957 +00:00] [INF] [181] Emby.Server.Implementations.ScheduledTasks.TaskManager: "Optimize database" Completed after 0 minute(s) and 0 seconds
[2024-10-05 19:26:00.457 +00:00] [INF] [181] Emby.Server.Implementations.IO.LibraryMonitor: Stopping directory watching for path "/media"
[2024-10-05 19:26:00.457 +00:00] [INF] [181] Emby.Server.Implementations.Library.LibraryManager: Validating media library
[2024-10-05 19:26:00.459 +00:00] [WRN] [181] MediaBrowser.Controller.Entities.BaseItem: Library folder "/config/data/playlists" is inaccessible or empty, skipping
[2024-10-05 19:26:00.463 +00:00] [WRN] [181] MediaBrowser.Controller.Entities.BaseItem: Library folder "/config/data/playlists" is inaccessible or empty, skipping
[2024-10-05 19:26:00.467 +00:00] [INF] [188] Emby.Server.Implementations.ScheduledTasks.TaskManager: "Scan Media Library" Completed after 0 minute(s) and 0 seconds
[2024-10-05 19:26:00.467 +00:00] [INF] [117] Emby.Server.Implementations.IO.LibraryMonitor: Watching directory "/media"
[2024-10-05 19:26:02.356 +00:00] [INF] [181] Emby.Server.Implementations.ScheduledTasks.TaskManager: "Update Plugins" Completed after 0 minute(s) and 1 seconds
[2024-10-05 20:26:02.430 +00:00] [INF] [45] Jellyfin.LiveTv.Guide.GuideManager: Refreshing guide with 7 days of guide data
[2024-10-05 20:26:02.431 +00:00] [INF] [45] Emby.Server.Implementations.ScheduledTasks.TaskManager: "Refresh Guide" Completed after 0 minute(s) and 3 seconds
