[2024-08-30 02:00:00.002 +00:00] [INF] [44] Emby.Server.Implementations.ScheduledTasks.TaskManager: "Extract Chapter Images" Completed after 0 minute(s) and 0 seconds
[2024-08-30 02:00:01.000 +00:00] [INF] [17] Emby.Server.Implementations.ScheduledTasks.TaskManager: Daily trigger for "Extract Chapter Images" set to fire at 2024-08-31 02:00:00.000 +00:00, which is 23:59:58.9991497 from now.
[2024-08-30 03:00:00.001 +00:00] [INF] [41] Emby.Server.Implementations.ScheduledTasks.TaskManager: "Generate Trickplay Images" Completed after 0 minute(s) and 0 seconds
[2024-08-30 03:00:00.999 +00:00] [INF] [49] Emby.Server.Implementations.ScheduledTasks.TaskManager: Daily trigger for "Generate Trickplay Images" set to fire at 2024-08-31 03:00:00.000 +00:00, which is 23:59:59.0007596 from now.
[2024-08-30 07:25:52.485 +00:00] [INF] [59] Emby.Server.Implementations.IO.LibraryMonitor: Stopping directory watching for path "/media"
[2024-08-30 07:25:52.485 +00:00] [INF] [59] Emby.Server.Implementations.Library.LibraryManager: Validating media library
[2024-08-30 07:25:52.488 +00:00] [WRN] [59] MediaBrowser.Controller.Entities.BaseItem: Library folder "/config/data/playlists" is inaccessible or empty, skipping
[2024-08-30 07:25:52.491 +00:00] [WRN] [59] MediaBrowser.Controller.Entities.BaseItem: Library folder "/config/data/playlists" is inaccessible or empty, skipping
[2024-08-30 07:25:52.495 +00:00] [INF] [59] Emby.Server.Implementations.ScheduledTasks.TaskManager: "Scan Media Library" Completed after 0 minute(s) and 0 seconds
[2024-08-30 07:25:52.495 +00:00] [INF] [35] Emby.Server.Implementations.IO.LibraryMonitor: Watching directory "/media"
[2024-08-30 19:25:47.576 +00:00] [INF] [196] Emby.Server.Implementations.ScheduledTasks.TaskManager: "Download missing subtitles" Completed after 0 minute(s) and 0 seconds
[2024-08-30 19:25:47.638 +00:00] [INF] [196] Emby.Server.Implementations.ScheduledTasks.TaskManager: "Clean Log Directory" Completed after 0 minute(s) and 0 seconds
[2024-08-30 19:25:47.675 +00:00] [INF] [196] Emby.Server.Implementations.ScheduledTasks.TaskManager: "Clean Cache Directory" Completed after 0 minute(s) and 0 seconds
[2024-08-30 19:25:47.718 +00:00] [INF] [196] Emby.Server.Implementations.ScheduledTasks.TaskManager: "Audio Normalization" Completed after 0 minute(s) and 0 seconds
[2024-08-30 19:25:47.750 +00:00] [INF] [196] Emby.Server.Implementations.ScheduledTasks.TaskManager: "Clean Transcode Directory" Completed after 0 minute(s) and 0 seconds
[2024-08-30 19:25:47.799 +00:00] [INF] [196] Emby.Server.Implementations.ScheduledTasks.TaskManager: "TasksRefreshChannels" Completed after 0 minute(s) and 0 seconds
[2024-08-30 19:25:48.198 +00:00] [INF] [196] Emby.Server.Implementations.ScheduledTasks.Tasks.OptimizeDatabaseTask: Optimizing and vacuuming jellyfin.db...
[2024-08-30 19:25:48.223 +00:00] [INF] [196] Emby.Server.Implementations.ScheduledTasks.Tasks.OptimizeDatabaseTask: jellyfin.db optimized successfully!
[2024-08-30 19:25:48.223 +00:00] [INF] [196] Emby.Server.Implementations.ScheduledTasks.TaskManager: "Optimize database" Completed after 0 minute(s) and 0 seconds
[2024-08-30 19:25:52.494 +00:00] [INF] [162] Emby.Server.Implementations.IO.LibraryMonitor: Stopping directory watching for path "/media"
[2024-08-30 19:25:52.494 +00:00] [INF] [162] Emby.Server.Implementations.Library.LibraryManager: Validating media library
[2024-08-30 19:25:52.496 +00:00] [WRN] [162] MediaBrowser.Controller.Entities.BaseItem: Library folder "/config/data/playlists" is inaccessible or empty, skipping
[2024-08-30 19:25:52.500 +00:00] [WRN] [162] MediaBrowser.Controller.Entities.BaseItem: Library folder "/config/data/playlists" is inaccessible or empty, skipping
[2024-08-30 19:25:52.504 +00:00] [INF] [162] Emby.Server.Implementations.ScheduledTasks.TaskManager: "Scan Media Library" Completed after 0 minute(s) and 0 seconds
[2024-08-30 19:25:52.504 +00:00] [INF] [133] Emby.Server.Implementations.IO.LibraryMonitor: Watching directory "/media"
[2024-08-30 19:25:55.734 +00:00] [INF] [162] Emby.Server.Implementations.ScheduledTasks.TaskManager: "Update Plugins" Completed after 0 minute(s) and 1 seconds
[2024-08-30 20:25:54.743 +00:00] [INF] [230] Jellyfin.LiveTv.Guide.GuideManager: Refreshing guide with 7 days of guide data
[2024-08-30 20:25:54.745 +00:00] [INF] [230] Emby.Server.Implementations.ScheduledTasks.TaskManager: "Refresh Guide" Completed after 0 minute(s) and 3 seconds
