[2024-09-27 02:00:00.008 +00:00] [INF] [58] Emby.Server.Implementations.ScheduledTasks.TaskManager: "Extract Chapter Images" Completed after 0 minute(s) and 0 seconds
[2024-09-27 02:00:01.000 +00:00] [INF] [150] Emby.Server.Implementations.ScheduledTasks.TaskManager: Daily trigger for "Extract Chapter Images" set to fire at 2024-09-28 02:00:00.000 +00:00, which is 23:59:58.9996349 from now.
[2024-09-27 03:00:00.002 +00:00] [INF] [97] Emby.Server.Implementations.ScheduledTasks.TaskManager: "Generate Trickplay Images" Completed after 0 minute(s) and 0 seconds
[2024-09-27 03:00:01.000 +00:00] [INF] [110] Emby.Server.Implementations.ScheduledTasks.TaskManager: Daily trigger for "Generate Trickplay Images" set to fire at 2024-09-28 03:00:00.000 +00:00, which is 23:59:58.9998908 from now.
[2024-09-27 07:25:59.911 +00:00] [INF] [194] Emby.Server.Implementations.IO.LibraryMonitor: Stopping directory watching for path "/media"
[2024-09-27 07:25:59.911 +00:00] [INF] [194] Emby.Server.Implementations.Library.LibraryManager: Validating media library
[2024-09-27 07:25:59.914 +00:00] [WRN] [194] MediaBrowser.Controller.Entities.BaseItem: Library folder "/config/data/playlists" is inaccessible or empty, skipping
[2024-09-27 07:25:59.918 +00:00] [WRN] [16] MediaBrowser.Controller.Entities.BaseItem: Library folder "/config/data/playlists" is inaccessible or empty, skipping
[2024-09-27 07:25:59.922 +00:00] [INF] [207] Emby.Server.Implementations.ScheduledTasks.TaskManager: "Scan Media Library" Completed after 0 minute(s) and 0 seconds
[2024-09-27 07:25:59.922 +00:00] [INF] [194] Emby.Server.Implementations.IO.LibraryMonitor: Watching directory "/media"
[2024-09-27 19:25:52.282 +00:00] [INF] [28] Emby.Server.Implementations.ScheduledTasks.TaskManager: "Download missing subtitles" Completed after 0 minute(s) and 0 seconds
[2024-09-27 19:25:52.335 +00:00] [INF] [28] Emby.Server.Implementations.ScheduledTasks.TaskManager: "Clean Log Directory" Completed after 0 minute(s) and 0 seconds
[2024-09-27 19:25:52.395 +00:00] [INF] [28] Emby.Server.Implementations.ScheduledTasks.TaskManager: "Clean Cache Directory" Completed after 0 minute(s) and 0 seconds
[2024-09-27 19:25:52.456 +00:00] [INF] [169] Emby.Server.Implementations.ScheduledTasks.TaskManager: "Audio Normalization" Completed after 0 minute(s) and 0 seconds
[2024-09-27 19:25:52.477 +00:00] [INF] [169] Emby.Server.Implementations.ScheduledTasks.TaskManager: "Clean Transcode Directory" Completed after 0 minute(s) and 0 seconds
[2024-09-27 19:25:52.531 +00:00] [INF] [169] Emby.Server.Implementations.ScheduledTasks.TaskManager: "TasksRefreshChannels" Completed after 0 minute(s) and 0 seconds
[2024-09-27 19:25:53.702 +00:00] [INF] [37] Emby.Server.Implementations.ScheduledTasks.Tasks.OptimizeDatabaseTask: Optimizing and vacuuming jellyfin.db...
[2024-09-27 19:25:53.731 +00:00] [INF] [37] Emby.Server.Implementations.ScheduledTasks.Tasks.OptimizeDatabaseTask: jellyfin.db optimized successfully!
[2024-09-27 19:25:53.731 +00:00] [INF] [37] Emby.Server.Implementations.ScheduledTasks.TaskManager: "Optimize database" Completed after 0 minute(s) and 0 seconds
[2024-09-27 19:25:59.921 +00:00] [INF] [37] Emby.Server.Implementations.IO.LibraryMonitor: Stopping directory watching for path "/media"
[2024-09-27 19:25:59.921 +00:00] [INF] [37] Emby.Server.Implementations.Library.LibraryManager: Validating media library
[2024-09-27 19:25:59.922 +00:00] [WRN] [37] MediaBrowser.Controller.Entities.BaseItem: Library folder "/config/data/playlists" is inaccessible or empty, skipping
[2024-09-27 19:25:59.926 +00:00] [WRN] [37] MediaBrowser.Controller.Entities.BaseItem: Library folder "/config/data/playlists" is inaccessible or empty, skipping
[2024-09-27 19:25:59.930 +00:00] [INF] [37] Emby.Server.Implementations.ScheduledTasks.TaskManager: "Scan Media Library" Completed after 0 minute(s) and 0 seconds
[2024-09-27 19:25:59.930 +00:00] [INF] [169] Emby.Server.Implementations.IO.LibraryMonitor: Watching directory "/media"
[2024-09-27 19:26:02.145 +00:00] [INF] [37] Emby.Server.Implementations.ScheduledTasks.TaskManager: "Update Plugins" Completed after 0 minute(s) and 1 seconds
[2024-09-27 20:26:02.434 +00:00] [INF] [168] Jellyfin.LiveTv.Guide.GuideManager: Refreshing guide with 7 days of guide data
[2024-09-27 20:26:02.436 +00:00] [INF] [168] Emby.Server.Implementations.ScheduledTasks.TaskManager: "Refresh Guide" Completed after 0 minute(s) and 3 seconds
