[2024-09-20 02:00:00.002 +00:00] [INF] [148] Emby.Server.Implementations.ScheduledTasks.TaskManager: "Extract Chapter Images" Completed after 0 minute(s) and 0 seconds
[2024-09-20 02:00:01.000 +00:00] [INF] [142] Emby.Server.Implementations.ScheduledTasks.TaskManager: Daily trigger for "Extract Chapter Images" set to fire at 2024-09-21 02:00:00.000 +00:00, which is 23:59:58.9991176 from now.
[2024-09-20 03:00:00.001 +00:00] [INF] [28] Emby.Server.Implementations.ScheduledTasks.TaskManager: "Generate Trickplay Images" Completed after 0 minute(s) and 0 seconds
[2024-09-20 03:00:00.999 +00:00] [INF] [28] Emby.Server.Implementations.ScheduledTasks.TaskManager: Daily trigger for "Generate Trickplay Images" set to fire at 2024-09-21 03:00:00.000 +00:00, which is 23:59:59.0005924 from now.
[2024-09-20 07:25:59.334 +00:00] [INF] [75] Emby.Server.Implementations.IO.LibraryMonitor: Stopping directory watching for path "/media"
[2024-09-20 07:25:59.334 +00:00] [INF] [75] Emby.Server.Implementations.Library.LibraryManager: Validating media library
[2024-09-20 07:25:59.338 +00:00] [WRN] [75] MediaBrowser.Controller.Entities.BaseItem: Library folder "/config/data/playlists" is inaccessible or empty, skipping
[2024-09-20 07:25:59.342 +00:00] [WRN] [75] MediaBrowser.Controller.Entities.BaseItem: Library folder "/config/data/playlists" is inaccessible or empty, skipping
[2024-09-20 07:25:59.345 +00:00] [INF] [75] Emby.Server.Implementations.ScheduledTasks.TaskManager: "Scan Media Library" Completed after 0 minute(s) and 0 seconds
[2024-09-20 07:25:59.374 +00:00] [INF] [31] Emby.Server.Implementations.IO.LibraryMonitor: Watching directory "/media"
[2024-09-20 19:25:52.280 +00:00] [INF] [67] Emby.Server.Implementations.ScheduledTasks.TaskManager: "Download missing subtitles" Completed after 0 minute(s) and 0 seconds
[2024-09-20 19:25:52.333 +00:00] [INF] [228] Emby.Server.Implementations.ScheduledTasks.TaskManager: "Clean Log Directory" Completed after 0 minute(s) and 0 seconds
[2024-09-20 19:25:52.392 +00:00] [INF] [228] Emby.Server.Implementations.ScheduledTasks.TaskManager: "Clean Cache Directory" Completed after 0 minute(s) and 0 seconds
[2024-09-20 19:25:52.449 +00:00] [INF] [228] Emby.Server.Implementations.ScheduledTasks.TaskManager: "Audio Normalization" Completed after 0 minute(s) and 0 seconds
[2024-09-20 19:25:52.468 +00:00] [INF] [227] Emby.Server.Implementations.ScheduledTasks.TaskManager: "Clean Transcode Directory" Completed after 0 minute(s) and 0 seconds
[2024-09-20 19:25:52.527 +00:00] [INF] [226] Emby.Server.Implementations.ScheduledTasks.TaskManager: "TasksRefreshChannels" Completed after 0 minute(s) and 0 seconds
[2024-09-20 19:25:53.519 +00:00] [INF] [227] Emby.Server.Implementations.ScheduledTasks.Tasks.OptimizeDatabaseTask: Optimizing and vacuuming jellyfin.db...
[2024-09-20 19:25:53.544 +00:00] [INF] [227] Emby.Server.Implementations.ScheduledTasks.Tasks.OptimizeDatabaseTask: jellyfin.db optimized successfully!
[2024-09-20 19:25:53.544 +00:00] [INF] [227] Emby.Server.Implementations.ScheduledTasks.TaskManager: "Optimize database" Completed after 0 minute(s) and 0 seconds
[2024-09-20 19:25:59.346 +00:00] [INF] [67] Emby.Server.Implementations.IO.LibraryMonitor: Stopping directory watching for path "/media"
[2024-09-20 19:25:59.346 +00:00] [INF] [67] Emby.Server.Implementations.Library.LibraryManager: Validating media library
[2024-09-20 19:25:59.348 +00:00] [WRN] [67] MediaBrowser.Controller.Entities.BaseItem: Library folder "/config/data/playlists" is inaccessible or empty, skipping
[2024-09-20 19:25:59.352 +00:00] [WRN] [227] MediaBrowser.Controller.Entities.BaseItem: Library folder "/config/data/playlists" is inaccessible or empty, skipping
[2024-09-20 19:25:59.356 +00:00] [INF] [67] Emby.Server.Implementations.ScheduledTasks.TaskManager: "Scan Media Library" Completed after 0 minute(s) and 0 seconds
[2024-09-20 19:25:59.356 +00:00] [INF] [112] Emby.Server.Implementations.IO.LibraryMonitor: Watching directory "/media"
[2024-09-20 19:26:02.417 +00:00] [INF] [226] Emby.Server.Implementations.ScheduledTasks.TaskManager: "Update Plugins" Completed after 0 minute(s) and 1 seconds
[2024-09-20 20:26:02.439 +00:00] [INF] [92] Jellyfin.LiveTv.Guide.GuideManager: Refreshing guide with 7 days of guide data
[2024-09-20 20:26:02.441 +00:00] [INF] [92] Emby.Server.Implementations.ScheduledTasks.TaskManager: "Refresh Guide" Completed after 0 minute(s) and 3 seconds
