[2024-09-06 02:00:00.001 +00:00] [INF] [28] Emby.Server.Implementations.ScheduledTasks.TaskManager: "Extract Chapter Images" Completed after 0 minute(s) and 0 seconds
[2024-09-06 02:00:00.999 +00:00] [INF] [28] Emby.Server.Implementations.ScheduledTasks.TaskManager: Daily trigger for "Extract Chapter Images" set to fire at 2024-09-07 02:00:00.000 +00:00, which is 23:59:59.0002301 from now.
[2024-09-06 03:00:00.001 +00:00] [INF] [131] Emby.Server.Implementations.ScheduledTasks.TaskManager: "Generate Trickplay Images" Completed after 0 minute(s) and 0 seconds
[2024-09-06 03:00:00.999 +00:00] [INF] [131] Emby.Server.Implementations.ScheduledTasks.TaskManager: Daily trigger for "Generate Trickplay Images" set to fire at 2024-09-07 03:00:00.000 +00:00, which is 23:59:59.0007065 from now.
[2024-09-06 07:25:52.987 +00:00] [INF] [103] Emby.Server.Implementations.IO.LibraryMonitor: Stopping directory watching for path "/media"
[2024-09-06 07:25:52.987 +00:00] [INF] [103] Emby.Server.Implementations.Library.LibraryManager: Validating media library
[2024-09-06 07:25:52.990 +00:00] [WRN] [103] MediaBrowser.Controller.Entities.BaseItem: Library folder "/config/data/playlists" is inaccessible or empty, skipping
[2024-09-06 07:25:52.993 +00:00] [WRN] [103] MediaBrowser.Controller.Entities.BaseItem: Library folder "/config/data/playlists" is inaccessible or empty, skipping
[2024-09-06 07:25:52.997 +00:00] [INF] [103] Emby.Server.Implementations.ScheduledTasks.TaskManager: "Scan Media Library" Completed after 0 minute(s) and 0 seconds
[2024-09-06 07:25:52.997 +00:00] [INF] [74] Emby.Server.Implementations.IO.LibraryMonitor: Watching directory "/media"
[2024-09-06 19:25:49.966 +00:00] [INF] [72] Emby.Server.Implementations.ScheduledTasks.TaskManager: "Download missing subtitles" Completed after 0 minute(s) and 0 seconds
[2024-09-06 19:25:50.026 +00:00] [INF] [72] Emby.Server.Implementations.ScheduledTasks.TaskManager: "Clean Log Directory" Completed after 0 minute(s) and 0 seconds
[2024-09-06 19:25:50.068 +00:00] [INF] [178] Emby.Server.Implementations.ScheduledTasks.TaskManager: "Clean Cache Directory" Completed after 0 minute(s) and 0 seconds
[2024-09-06 19:25:50.115 +00:00] [INF] [72] Emby.Server.Implementations.ScheduledTasks.TaskManager: "Audio Normalization" Completed after 0 minute(s) and 0 seconds
[2024-09-06 19:25:50.144 +00:00] [INF] [158] Emby.Server.Implementations.ScheduledTasks.TaskManager: "Clean Transcode Directory" Completed after 0 minute(s) and 0 seconds
[2024-09-06 19:25:50.207 +00:00] [INF] [72] Emby.Server.Implementations.ScheduledTasks.TaskManager: "TasksRefreshChannels" Completed after 0 minute(s) and 0 seconds
[2024-09-06 19:25:50.780 +00:00] [INF] [158] Emby.Server.Implementations.ScheduledTasks.Tasks.OptimizeDatabaseTask: Optimizing and vacuuming jellyfin.db...
[2024-09-06 19:25:50.807 +00:00] [INF] [158] Emby.Server.Implementations.ScheduledTasks.Tasks.OptimizeDatabaseTask: jellyfin.db optimized successfully!
[2024-09-06 19:25:50.807 +00:00] [INF] [158] Emby.Server.Implementations.ScheduledTasks.TaskManager: "Optimize database" Completed after 0 minute(s) and 0 seconds
[2024-09-06 19:25:55.383 +00:00] [INF] [158] Emby.Server.Implementations.IO.LibraryMonitor: Stopping directory watching for path "/media"
[2024-09-06 19:25:55.383 +00:00] [INF] [158] Emby.Server.Implementations.Library.LibraryManager: Validating media library
[2024-09-06 19:25:55.385 +00:00] [WRN] [158] MediaBrowser.Controller.Entities.BaseItem: Library folder "/config/data/playlists" is inaccessible or empty, skipping
[2024-09-06 19:25:55.389 +00:00] [WRN] [178] MediaBrowser.Controller.Entities.BaseItem: Library folder "/config/data/playlists" is inaccessible or empty, skipping
[2024-09-06 19:25:55.394 +00:00] [INF] [158] Emby.Server.Implementations.ScheduledTasks.TaskManager: "Scan Media Library" Completed after 0 minute(s) and 0 seconds
[2024-09-06 19:25:55.395 +00:00] [INF] [178] Emby.Server.Implementations.IO.LibraryMonitor: Watching directory "/media"
[2024-09-06 19:25:58.078 +00:00] [INF] [158] Emby.Server.Implementations.ScheduledTasks.TaskManager: "Update Plugins" Completed after 0 minute(s) and 1 seconds
[2024-09-06 20:25:57.126 +00:00] [INF] [234] Jellyfin.LiveTv.Guide.GuideManager: Refreshing guide with 7 days of guide data
[2024-09-06 20:25:57.127 +00:00] [INF] [234] Emby.Server.Implementations.ScheduledTasks.TaskManager: "Refresh Guide" Completed after 0 minute(s) and 3 seconds
