[2024-09-09 02:00:00.003 +00:00] [INF] [160] Emby.Server.Implementations.ScheduledTasks.TaskManager: "Extract Chapter Images" Completed after 0 minute(s) and 0 seconds
[2024-09-09 02:00:01.001 +00:00] [INF] [215] Emby.Server.Implementations.ScheduledTasks.TaskManager: Daily trigger for "Extract Chapter Images" set to fire at 2024-09-10 02:00:00.000 +00:00, which is 23:59:58.9980320 from now.
[2024-09-09 03:00:00.002 +00:00] [INF] [3] Emby.Server.Implementations.ScheduledTasks.TaskManager: "Generate Trickplay Images" Completed after 0 minute(s) and 0 seconds
[2024-09-09 03:00:01.000 +00:00] [INF] [175] Emby.Server.Implementations.ScheduledTasks.TaskManager: Daily trigger for "Generate Trickplay Images" set to fire at 2024-09-10 03:00:00.000 +00:00, which is 23:59:58.9997051 from now.
[2024-09-09 07:25:56.085 +00:00] [INF] [174] Emby.Server.Implementations.IO.LibraryMonitor: Stopping directory watching for path "/media"
[2024-09-09 07:25:56.085 +00:00] [INF] [174] Emby.Server.Implementations.Library.LibraryManager: Validating media library
[2024-09-09 07:25:56.088 +00:00] [WRN] [174] MediaBrowser.Controller.Entities.BaseItem: Library folder "/config/data/playlists" is inaccessible or empty, skipping
[2024-09-09 07:25:56.091 +00:00] [WRN] [174] MediaBrowser.Controller.Entities.BaseItem: Library folder "/config/data/playlists" is inaccessible or empty, skipping
[2024-09-09 07:25:56.097 +00:00] [INF] [174] Emby.Server.Implementations.ScheduledTasks.TaskManager: "Scan Media Library" Completed after 0 minute(s) and 0 seconds
[2024-09-09 07:25:56.098 +00:00] [INF] [87] Emby.Server.Implementations.IO.LibraryMonitor: Watching directory "/media"
[2024-09-09 19:25:50.616 +00:00] [INF] [105] Emby.Server.Implementations.ScheduledTasks.TaskManager: "Download missing subtitles" Completed after 0 minute(s) and 0 seconds
[2024-09-09 19:25:50.676 +00:00] [INF] [193] Emby.Server.Implementations.ScheduledTasks.TaskManager: "Clean Log Directory" Completed after 0 minute(s) and 0 seconds
[2024-09-09 19:25:50.721 +00:00] [INF] [203] Emby.Server.Implementations.ScheduledTasks.TaskManager: "Clean Cache Directory" Completed after 0 minute(s) and 0 seconds
[2024-09-09 19:25:50.767 +00:00] [INF] [193] Emby.Server.Implementations.ScheduledTasks.TaskManager: "Audio Normalization" Completed after 0 minute(s) and 0 seconds
[2024-09-09 19:25:50.800 +00:00] [INF] [203] Emby.Server.Implementations.ScheduledTasks.TaskManager: "Clean Transcode Directory" Completed after 0 minute(s) and 0 seconds
[2024-09-09 19:25:50.857 +00:00] [INF] [105] Emby.Server.Implementations.ScheduledTasks.TaskManager: "TasksRefreshChannels" Completed after 0 minute(s) and 0 seconds
[2024-09-09 19:25:51.531 +00:00] [INF] [193] Emby.Server.Implementations.ScheduledTasks.Tasks.OptimizeDatabaseTask: Optimizing and vacuuming jellyfin.db...
[2024-09-09 19:25:51.563 +00:00] [INF] [193] Emby.Server.Implementations.ScheduledTasks.Tasks.OptimizeDatabaseTask: jellyfin.db optimized successfully!
[2024-09-09 19:25:51.563 +00:00] [INF] [193] Emby.Server.Implementations.ScheduledTasks.TaskManager: "Optimize database" Completed after 0 minute(s) and 0 seconds
[2024-09-09 19:25:56.096 +00:00] [INF] [105] Emby.Server.Implementations.IO.LibraryMonitor: Stopping directory watching for path "/media"
[2024-09-09 19:25:56.096 +00:00] [INF] [105] Emby.Server.Implementations.Library.LibraryManager: Validating media library
[2024-09-09 19:25:56.109 +00:00] [WRN] [58] MediaBrowser.Controller.Entities.BaseItem: Library folder "/config/data/playlists" is inaccessible or empty, skipping
[2024-09-09 19:25:56.137 +00:00] [INF] [58] Jellyfin.Drawing.ImageProcessor: Creating image collage and saving to "/cache/temp/ef4f1008a15742fd9c51fa9d77e9b597.png"
[2024-09-09 19:25:56.486 +00:00] [INF] [58] Jellyfin.Drawing.ImageProcessor: Completed creation of image collage and saved to "/cache/temp/ef4f1008a15742fd9c51fa9d77e9b597.png"
[2024-09-09 19:25:56.503 +00:00] [WRN] [58] MediaBrowser.Controller.Entities.BaseItem: Library folder "/config/data/playlists" is inaccessible or empty, skipping
[2024-09-09 19:25:56.507 +00:00] [INF] [58] Emby.Server.Implementations.ScheduledTasks.TaskManager: "Scan Media Library" Completed after 0 minute(s) and 0 seconds
[2024-09-09 19:25:56.508 +00:00] [INF] [105] Emby.Server.Implementations.IO.LibraryMonitor: Watching directory "/media"
[2024-09-09 19:25:59.080 +00:00] [INF] [105] Emby.Server.Implementations.ScheduledTasks.TaskManager: "Update Plugins" Completed after 0 minute(s) and 1 seconds
[2024-09-09 20:25:57.779 +00:00] [INF] [65] Jellyfin.LiveTv.Guide.GuideManager: Refreshing guide with 7 days of guide data
[2024-09-09 20:25:57.781 +00:00] [INF] [65] Emby.Server.Implementations.ScheduledTasks.TaskManager: "Refresh Guide" Completed after 0 minute(s) and 3 seconds
