[2024-09-28 02:00:00.001 +00:00] [INF] [3] Emby.Server.Implementations.ScheduledTasks.TaskManager: "Extract Chapter Images" Completed after 0 minute(s) and 0 seconds
[2024-09-28 02:00:00.999 +00:00] [INF] [26] Emby.Server.Implementations.ScheduledTasks.TaskManager: Daily trigger for "Extract Chapter Images" set to fire at 2024-09-29 02:00:00.000 +00:00, which is 23:59:59.0006273 from now.
[2024-09-28 03:00:00.001 +00:00] [INF] [178] Emby.Server.Implementations.ScheduledTasks.TaskManager: "Generate Trickplay Images" Completed after 0 minute(s) and 0 seconds
[2024-09-28 03:00:01.000 +00:00] [INF] [182] Emby.Server.Implementations.ScheduledTasks.TaskManager: Daily trigger for "Generate Trickplay Images" set to fire at 2024-09-29 03:00:00.000 +00:00, which is 23:59:58.9999499 from now.
[2024-09-28 07:25:59.929 +00:00] [INF] [34] Emby.Server.Implementations.IO.LibraryMonitor: Stopping directory watching for path "/media"
[2024-09-28 07:25:59.930 +00:00] [INF] [34] Emby.Server.Implementations.Library.LibraryManager: Validating media library
[2024-09-28 07:25:59.933 +00:00] [WRN] [34] MediaBrowser.Controller.Entities.BaseItem: Library folder "/config/data/playlists" is inaccessible or empty, skipping
[2024-09-28 07:25:59.936 +00:00] [WRN] [34] MediaBrowser.Controller.Entities.BaseItem: Library folder "/config/data/playlists" is inaccessible or empty, skipping
[2024-09-28 07:25:59.940 +00:00] [INF] [183] Emby.Server.Implementations.ScheduledTasks.TaskManager: "Scan Media Library" Completed after 0 minute(s) and 0 seconds
[2024-09-28 07:25:59.941 +00:00] [INF] [25] Emby.Server.Implementations.IO.LibraryMonitor: Watching directory "/media"
[2024-09-28 19:25:52.282 +00:00] [INF] [30] Emby.Server.Implementations.ScheduledTasks.TaskManager: "Download missing subtitles" Completed after 0 minute(s) and 0 seconds
[2024-09-28 19:25:52.334 +00:00] [INF] [144] Emby.Server.Implementations.ScheduledTasks.TaskManager: "Clean Log Directory" Completed after 0 minute(s) and 0 seconds
[2024-09-28 19:25:52.395 +00:00] [INF] [30] Emby.Server.Implementations.ScheduledTasks.TaskManager: "Clean Cache Directory" Completed after 0 minute(s) and 0 seconds
[2024-09-28 19:25:52.457 +00:00] [INF] [144] Emby.Server.Implementations.ScheduledTasks.TaskManager: "Audio Normalization" Completed after 0 minute(s) and 0 seconds
[2024-09-28 19:25:52.478 +00:00] [INF] [30] Emby.Server.Implementations.ScheduledTasks.TaskManager: "Clean Transcode Directory" Completed after 0 minute(s) and 0 seconds
[2024-09-28 19:25:52.531 +00:00] [INF] [144] Emby.Server.Implementations.ScheduledTasks.TaskManager: "TasksRefreshChannels" Completed after 0 minute(s) and 0 seconds
[2024-09-28 19:25:53.731 +00:00] [INF] [63] Emby.Server.Implementations.ScheduledTasks.Tasks.OptimizeDatabaseTask: Optimizing and vacuuming jellyfin.db...
[2024-09-28 19:25:53.759 +00:00] [INF] [63] Emby.Server.Implementations.ScheduledTasks.Tasks.OptimizeDatabaseTask: jellyfin.db optimized successfully!
[2024-09-28 19:25:53.759 +00:00] [INF] [63] Emby.Server.Implementations.ScheduledTasks.TaskManager: "Optimize database" Completed after 0 minute(s) and 0 seconds
[2024-09-28 19:25:59.941 +00:00] [INF] [63] Emby.Server.Implementations.IO.LibraryMonitor: Stopping directory watching for path "/media"
[2024-09-28 19:25:59.941 +00:00] [INF] [63] Emby.Server.Implementations.Library.LibraryManager: Validating media library
[2024-09-28 19:25:59.943 +00:00] [WRN] [63] MediaBrowser.Controller.Entities.BaseItem: Library folder "/config/data/playlists" is inaccessible or empty, skipping
[2024-09-28 19:25:59.947 +00:00] [WRN] [144] MediaBrowser.Controller.Entities.BaseItem: Library folder "/config/data/playlists" is inaccessible or empty, skipping
[2024-09-28 19:25:59.951 +00:00] [INF] [56] Emby.Server.Implementations.ScheduledTasks.TaskManager: "Scan Media Library" Completed after 0 minute(s) and 0 seconds
[2024-09-28 19:25:59.951 +00:00] [INF] [63] Emby.Server.Implementations.IO.LibraryMonitor: Watching directory "/media"
[2024-09-28 19:26:02.269 +00:00] [INF] [144] Emby.Server.Implementations.ScheduledTasks.TaskManager: "Update Plugins" Completed after 0 minute(s) and 1 seconds
[2024-09-28 20:26:02.432 +00:00] [INF] [235] Jellyfin.LiveTv.Guide.GuideManager: Refreshing guide with 7 days of guide data
[2024-09-28 20:26:02.433 +00:00] [INF] [235] Emby.Server.Implementations.ScheduledTasks.TaskManager: "Refresh Guide" Completed after 0 minute(s) and 3 seconds
