[2024-10-12 02:00:00.002 +00:00] [INF] [55] Emby.Server.Implementations.ScheduledTasks.TaskManager: "Extract Chapter Images" Completed after 0 minute(s) and 0 seconds
[2024-10-12 02:00:01.000 +00:00] [INF] [50] Emby.Server.Implementations.ScheduledTasks.TaskManager: Daily trigger for "Extract Chapter Images" set to fire at 2024-10-13 02:00:00.000 +00:00, which is 23:59:58.9995775 from now.
[2024-10-12 03:00:00.001 +00:00] [INF] [133] Emby.Server.Implementations.ScheduledTasks.TaskManager: "Generate Trickplay Images" Completed after 0 minute(s) and 0 seconds
[2024-10-12 03:00:01.000 +00:00] [INF] [133] Emby.Server.Implementations.ScheduledTasks.TaskManager: Daily trigger for "Generate Trickplay Images" set to fire at 2024-10-13 03:00:00.000 +00:00, which is 23:59:58.9991193 from now.
[2024-10-12 07:26:01.742 +00:00] [INF] [177] Emby.Server.Implementations.IO.LibraryMonitor: Stopping directory watching for path "/media"
[2024-10-12 07:26:01.742 +00:00] [INF] [177] Emby.Server.Implementations.Library.LibraryManager: Validating media library
[2024-10-12 07:26:01.745 +00:00] [WRN] [177] MediaBrowser.Controller.Entities.BaseItem: Library folder "/config/data/playlists" is inaccessible or empty, skipping
[2024-10-12 07:26:01.750 +00:00] [WRN] [181] MediaBrowser.Controller.Entities.BaseItem: Library folder "/config/data/playlists" is inaccessible or empty, skipping
[2024-10-12 07:26:01.755 +00:00] [INF] [180] Emby.Server.Implementations.ScheduledTasks.TaskManager: "Scan Media Library" Completed after 0 minute(s) and 0 seconds
[2024-10-12 07:26:01.755 +00:00] [INF] [181] Emby.Server.Implementations.IO.LibraryMonitor: Watching directory "/media"
[2024-10-12 09:23:30.029 +00:00] [INF] [65] Emby.Server.Implementations.ScheduledTasks.TaskManager: "Update Plugins" Completed after 0 minute(s) and 12 seconds
[2024-10-12 19:25:52.294 +00:00] [INF] [167] Emby.Server.Implementations.ScheduledTasks.TaskManager: "Download missing subtitles" Completed after 0 minute(s) and 0 seconds
[2024-10-12 19:25:52.343 +00:00] [INF] [92] Emby.Server.Implementations.ScheduledTasks.TaskManager: "Clean Log Directory" Completed after 0 minute(s) and 0 seconds
[2024-10-12 19:25:52.400 +00:00] [INF] [167] Emby.Server.Implementations.ScheduledTasks.TaskManager: "Clean Cache Directory" Completed after 0 minute(s) and 0 seconds
[2024-10-12 19:25:52.496 +00:00] [INF] [87] Emby.Server.Implementations.ScheduledTasks.TaskManager: "Audio Normalization" Completed after 0 minute(s) and 0 seconds
[2024-10-12 19:25:52.519 +00:00] [INF] [87] Emby.Server.Implementations.ScheduledTasks.TaskManager: "Clean Transcode Directory" Completed after 0 minute(s) and 0 seconds
[2024-10-12 19:25:52.559 +00:00] [INF] [87] Emby.Server.Implementations.ScheduledTasks.TaskManager: "TasksRefreshChannels" Completed after 0 minute(s) and 0 seconds
[2024-10-12 19:25:54.155 +00:00] [INF] [167] Emby.Server.Implementations.ScheduledTasks.Tasks.OptimizeDatabaseTask: Optimizing and vacuuming jellyfin.db...
[2024-10-12 19:25:54.181 +00:00] [INF] [167] Emby.Server.Implementations.ScheduledTasks.Tasks.OptimizeDatabaseTask: jellyfin.db optimized successfully!
[2024-10-12 19:25:54.181 +00:00] [INF] [167] Emby.Server.Implementations.ScheduledTasks.TaskManager: "Optimize database" Completed after 0 minute(s) and 0 seconds
[2024-10-12 19:26:01.755 +00:00] [INF] [87] Emby.Server.Implementations.IO.LibraryMonitor: Stopping directory watching for path "/media"
[2024-10-12 19:26:01.756 +00:00] [INF] [87] Emby.Server.Implementations.Library.LibraryManager: Validating media library
[2024-10-12 19:26:01.758 +00:00] [WRN] [87] MediaBrowser.Controller.Entities.BaseItem: Library folder "/config/data/playlists" is inaccessible or empty, skipping
[2024-10-12 19:26:01.762 +00:00] [WRN] [184] MediaBrowser.Controller.Entities.BaseItem: Library folder "/config/data/playlists" is inaccessible or empty, skipping
[2024-10-12 19:26:01.767 +00:00] [INF] [87] Emby.Server.Implementations.ScheduledTasks.TaskManager: "Scan Media Library" Completed after 0 minute(s) and 0 seconds
[2024-10-12 19:26:01.767 +00:00] [INF] [92] Emby.Server.Implementations.IO.LibraryMonitor: Watching directory "/media"
[2024-10-12 20:26:08.435 +00:00] [INF] [58] Jellyfin.LiveTv.Guide.GuideManager: Refreshing guide with 7 days of guide data
[2024-10-12 20:26:08.436 +00:00] [INF] [58] Emby.Server.Implementations.ScheduledTasks.TaskManager: "Refresh Guide" Completed after 0 minute(s) and 3 seconds
