[2024-09-14 02:00:00.002 +00:00] [INF] [161] Emby.Server.Implementations.ScheduledTasks.TaskManager: "Extract Chapter Images" Completed after 0 minute(s) and 0 seconds
[2024-09-14 02:00:00.999 +00:00] [INF] [161] Emby.Server.Implementations.ScheduledTasks.TaskManager: Daily trigger for "Extract Chapter Images" set to fire at 2024-09-15 02:00:00.000 +00:00, which is 23:59:59.0001941 from now.
[2024-09-14 03:00:00.003 +00:00] [INF] [80] Emby.Server.Implementations.ScheduledTasks.TaskManager: "Generate Trickplay Images" Completed after 0 minute(s) and 0 seconds
[2024-09-14 03:00:01.000 +00:00] [INF] [82] Emby.Server.Implementations.ScheduledTasks.TaskManager: Daily trigger for "Generate Trickplay Images" set to fire at 2024-09-15 03:00:00.000 +00:00, which is 23:59:58.9995872 from now.
[2024-09-14 07:25:56.989 +00:00] [INF] [227] Emby.Server.Implementations.IO.LibraryMonitor: Stopping directory watching for path "/media"
[2024-09-14 07:25:56.990 +00:00] [INF] [227] Emby.Server.Implementations.Library.LibraryManager: Validating media library
[2024-09-14 07:25:56.994 +00:00] [WRN] [227] MediaBrowser.Controller.Entities.BaseItem: Library folder "/config/data/playlists" is inaccessible or empty, skipping
[2024-09-14 07:25:56.998 +00:00] [WRN] [227] MediaBrowser.Controller.Entities.BaseItem: Library folder "/config/data/playlists" is inaccessible or empty, skipping
[2024-09-14 07:25:57.003 +00:00] [INF] [224] Emby.Server.Implementations.ScheduledTasks.TaskManager: "Scan Media Library" Completed after 0 minute(s) and 0 seconds
[2024-09-14 07:25:57.004 +00:00] [INF] [229] Emby.Server.Implementations.IO.LibraryMonitor: Watching directory "/media"
[2024-09-14 19:25:50.621 +00:00] [INF] [237] Emby.Server.Implementations.ScheduledTasks.TaskManager: "Download missing subtitles" Completed after 0 minute(s) and 0 seconds
[2024-09-14 19:25:50.675 +00:00] [INF] [237] Emby.Server.Implementations.ScheduledTasks.TaskManager: "Clean Log Directory" Completed after 0 minute(s) and 0 seconds
[2024-09-14 19:25:50.728 +00:00] [INF] [227] Emby.Server.Implementations.ScheduledTasks.TaskManager: "Clean Cache Directory" Completed after 0 minute(s) and 0 seconds
[2024-09-14 19:25:50.782 +00:00] [INF] [59] Emby.Server.Implementations.ScheduledTasks.TaskManager: "Audio Normalization" Completed after 0 minute(s) and 0 seconds
[2024-09-14 19:25:50.806 +00:00] [INF] [59] Emby.Server.Implementations.ScheduledTasks.TaskManager: "Clean Transcode Directory" Completed after 0 minute(s) and 0 seconds
[2024-09-14 19:25:50.864 +00:00] [INF] [226] Emby.Server.Implementations.ScheduledTasks.TaskManager: "TasksRefreshChannels" Completed after 0 minute(s) and 0 seconds
[2024-09-14 19:25:51.692 +00:00] [INF] [226] Emby.Server.Implementations.ScheduledTasks.Tasks.OptimizeDatabaseTask: Optimizing and vacuuming jellyfin.db...
[2024-09-14 19:25:51.727 +00:00] [INF] [226] Emby.Server.Implementations.ScheduledTasks.Tasks.OptimizeDatabaseTask: jellyfin.db optimized successfully!
[2024-09-14 19:25:51.727 +00:00] [INF] [226] Emby.Server.Implementations.ScheduledTasks.TaskManager: "Optimize database" Completed after 0 minute(s) and 0 seconds
[2024-09-14 19:25:57.003 +00:00] [INF] [227] Emby.Server.Implementations.IO.LibraryMonitor: Stopping directory watching for path "/media"
[2024-09-14 19:25:57.003 +00:00] [INF] [227] Emby.Server.Implementations.Library.LibraryManager: Validating media library
[2024-09-14 19:25:57.008 +00:00] [WRN] [227] MediaBrowser.Controller.Entities.BaseItem: Library folder "/config/data/playlists" is inaccessible or empty, skipping
[2024-09-14 19:25:57.015 +00:00] [WRN] [227] MediaBrowser.Controller.Entities.BaseItem: Library folder "/config/data/playlists" is inaccessible or empty, skipping
[2024-09-14 19:25:57.020 +00:00] [INF] [59] Emby.Server.Implementations.ScheduledTasks.TaskManager: "Scan Media Library" Completed after 0 minute(s) and 0 seconds
[2024-09-14 19:25:57.021 +00:00] [INF] [227] Emby.Server.Implementations.IO.LibraryMonitor: Watching directory "/media"
[2024-09-14 19:26:00.746 +00:00] [INF] [227] Emby.Server.Implementations.ScheduledTasks.TaskManager: "Update Plugins" Completed after 0 minute(s) and 1 seconds
[2024-09-14 20:26:00.781 +00:00] [INF] [236] Jellyfin.LiveTv.Guide.GuideManager: Refreshing guide with 7 days of guide data
[2024-09-14 20:26:00.783 +00:00] [INF] [236] Emby.Server.Implementations.ScheduledTasks.TaskManager: "Refresh Guide" Completed after 0 minute(s) and 3 seconds
