[2024-09-18 02:00:00.002 +00:00] [INF] [141] Emby.Server.Implementations.ScheduledTasks.TaskManager: "Extract Chapter Images" Completed after 0 minute(s) and 0 seconds
[2024-09-18 02:00:01.000 +00:00] [INF] [85] Emby.Server.Implementations.ScheduledTasks.TaskManager: Daily trigger for "Extract Chapter Images" set to fire at 2024-09-19 02:00:00.000 +00:00, which is 23:59:58.9992292 from now.
[2024-09-18 03:00:00.002 +00:00] [INF] [128] Emby.Server.Implementations.ScheduledTasks.TaskManager: "Generate Trickplay Images" Completed after 0 minute(s) and 0 seconds
[2024-09-18 03:00:01.000 +00:00] [INF] [84] Emby.Server.Implementations.ScheduledTasks.TaskManager: Daily trigger for "Generate Trickplay Images" set to fire at 2024-09-19 03:00:00.000 +00:00, which is 23:59:58.9990491 from now.
[2024-09-18 07:25:59.279 +00:00] [INF] [231] Emby.Server.Implementations.IO.LibraryMonitor: Stopping directory watching for path "/media"
[2024-09-18 07:25:59.279 +00:00] [INF] [231] Emby.Server.Implementations.Library.LibraryManager: Validating media library
[2024-09-18 07:25:59.282 +00:00] [WRN] [231] MediaBrowser.Controller.Entities.BaseItem: Library folder "/config/data/playlists" is inaccessible or empty, skipping
[2024-09-18 07:25:59.286 +00:00] [WRN] [230] MediaBrowser.Controller.Entities.BaseItem: Library folder "/config/data/playlists" is inaccessible or empty, skipping
[2024-09-18 07:25:59.291 +00:00] [INF] [233] Emby.Server.Implementations.ScheduledTasks.TaskManager: "Scan Media Library" Completed after 0 minute(s) and 0 seconds
[2024-09-18 07:25:59.291 +00:00] [INF] [230] Emby.Server.Implementations.IO.LibraryMonitor: Watching directory "/media"
[2024-09-18 19:25:52.280 +00:00] [INF] [102] Emby.Server.Implementations.ScheduledTasks.TaskManager: "Download missing subtitles" Completed after 0 minute(s) and 0 seconds
[2024-09-18 19:25:52.335 +00:00] [INF] [206] Emby.Server.Implementations.ScheduledTasks.TaskManager: "Clean Log Directory" Completed after 0 minute(s) and 0 seconds
[2024-09-18 19:25:52.390 +00:00] [INF] [206] Emby.Server.Implementations.ScheduledTasks.TaskManager: "Clean Cache Directory" Completed after 0 minute(s) and 0 seconds
[2024-09-18 19:25:52.446 +00:00] [INF] [206] Emby.Server.Implementations.ScheduledTasks.TaskManager: "Audio Normalization" Completed after 0 minute(s) and 0 seconds
[2024-09-18 19:25:52.466 +00:00] [INF] [201] Emby.Server.Implementations.ScheduledTasks.TaskManager: "Clean Transcode Directory" Completed after 0 minute(s) and 0 seconds
[2024-09-18 19:25:52.525 +00:00] [INF] [77] Emby.Server.Implementations.ScheduledTasks.TaskManager: "TasksRefreshChannels" Completed after 0 minute(s) and 0 seconds
[2024-09-18 19:25:53.462 +00:00] [INF] [201] Emby.Server.Implementations.ScheduledTasks.Tasks.OptimizeDatabaseTask: Optimizing and vacuuming jellyfin.db...
[2024-09-18 19:25:53.493 +00:00] [INF] [201] Emby.Server.Implementations.ScheduledTasks.Tasks.OptimizeDatabaseTask: jellyfin.db optimized successfully!
[2024-09-18 19:25:53.493 +00:00] [INF] [201] Emby.Server.Implementations.ScheduledTasks.TaskManager: "Optimize database" Completed after 0 minute(s) and 0 seconds
[2024-09-18 19:25:59.291 +00:00] [INF] [201] Emby.Server.Implementations.IO.LibraryMonitor: Stopping directory watching for path "/media"
[2024-09-18 19:25:59.291 +00:00] [INF] [201] Emby.Server.Implementations.Library.LibraryManager: Validating media library
[2024-09-18 19:25:59.295 +00:00] [WRN] [201] MediaBrowser.Controller.Entities.BaseItem: Library folder "/config/data/playlists" is inaccessible or empty, skipping
[2024-09-18 19:25:59.299 +00:00] [WRN] [201] MediaBrowser.Controller.Entities.BaseItem: Library folder "/config/data/playlists" is inaccessible or empty, skipping
[2024-09-18 19:25:59.303 +00:00] [INF] [206] Emby.Server.Implementations.ScheduledTasks.TaskManager: "Scan Media Library" Completed after 0 minute(s) and 0 seconds
[2024-09-18 19:25:59.304 +00:00] [INF] [201] Emby.Server.Implementations.IO.LibraryMonitor: Watching directory "/media"
[2024-09-18 19:26:02.014 +00:00] [INF] [206] Emby.Server.Implementations.ScheduledTasks.TaskManager: "Update Plugins" Completed after 0 minute(s) and 1 seconds
[2024-09-18 20:26:02.438 +00:00] [INF] [159] Jellyfin.LiveTv.Guide.GuideManager: Refreshing guide with 7 days of guide data
[2024-09-18 20:26:02.440 +00:00] [INF] [159] Emby.Server.Implementations.ScheduledTasks.TaskManager: "Refresh Guide" Completed after 0 minute(s) and 3 seconds
