[2024-08-31 02:00:00.002 +00:00] [INF] [122] Emby.Server.Implementations.ScheduledTasks.TaskManager: "Extract Chapter Images" Completed after 0 minute(s) and 0 seconds
[2024-08-31 02:00:01.000 +00:00] [INF] [240] Emby.Server.Implementations.ScheduledTasks.TaskManager: Daily trigger for "Extract Chapter Images" set to fire at 2024-09-01 02:00:00.000 +00:00, which is 23:59:58.9992688 from now.
[2024-08-31 03:00:00.001 +00:00] [INF] [28] Emby.Server.Implementations.ScheduledTasks.TaskManager: "Generate Trickplay Images" Completed after 0 minute(s) and 0 seconds
[2024-08-31 03:00:01.000 +00:00] [INF] [28] Emby.Server.Implementations.ScheduledTasks.TaskManager: Daily trigger for "Generate Trickplay Images" set to fire at 2024-09-01 03:00:00.000 +00:00, which is 23:59:58.9995152 from now.
[2024-08-31 07:25:52.504 +00:00] [INF] [104] Emby.Server.Implementations.IO.LibraryMonitor: Stopping directory watching for path "/media"
[2024-08-31 07:25:52.504 +00:00] [INF] [104] Emby.Server.Implementations.Library.LibraryManager: Validating media library
[2024-08-31 07:25:52.507 +00:00] [WRN] [104] MediaBrowser.Controller.Entities.BaseItem: Library folder "/config/data/playlists" is inaccessible or empty, skipping
[2024-08-31 07:25:52.511 +00:00] [WRN] [162] MediaBrowser.Controller.Entities.BaseItem: Library folder "/config/data/playlists" is inaccessible or empty, skipping
[2024-08-31 07:25:52.516 +00:00] [INF] [197] Emby.Server.Implementations.ScheduledTasks.TaskManager: "Scan Media Library" Completed after 0 minute(s) and 0 seconds
[2024-08-31 07:25:52.516 +00:00] [INF] [196] Emby.Server.Implementations.IO.LibraryMonitor: Watching directory "/media"
[2024-08-31 19:25:47.577 +00:00] [INF] [194] Emby.Server.Implementations.ScheduledTasks.TaskManager: "Download missing subtitles" Completed after 0 minute(s) and 0 seconds
[2024-08-31 19:25:47.637 +00:00] [INF] [194] Emby.Server.Implementations.ScheduledTasks.TaskManager: "Clean Log Directory" Completed after 0 minute(s) and 0 seconds
[2024-08-31 19:25:47.677 +00:00] [INF] [194] Emby.Server.Implementations.ScheduledTasks.TaskManager: "Clean Cache Directory" Completed after 0 minute(s) and 0 seconds
[2024-08-31 19:25:47.720 +00:00] [INF] [97] Emby.Server.Implementations.ScheduledTasks.TaskManager: "Audio Normalization" Completed after 0 minute(s) and 0 seconds
[2024-08-31 19:25:47.750 +00:00] [INF] [97] Emby.Server.Implementations.ScheduledTasks.TaskManager: "Clean Transcode Directory" Completed after 0 minute(s) and 0 seconds
[2024-08-31 19:25:47.800 +00:00] [INF] [97] Emby.Server.Implementations.ScheduledTasks.TaskManager: "TasksRefreshChannels" Completed after 0 minute(s) and 0 seconds
[2024-08-31 19:25:48.223 +00:00] [INF] [97] Emby.Server.Implementations.ScheduledTasks.Tasks.OptimizeDatabaseTask: Optimizing and vacuuming jellyfin.db...
[2024-08-31 19:25:48.247 +00:00] [INF] [97] Emby.Server.Implementations.ScheduledTasks.Tasks.OptimizeDatabaseTask: jellyfin.db optimized successfully!
[2024-08-31 19:25:48.247 +00:00] [INF] [97] Emby.Server.Implementations.ScheduledTasks.TaskManager: "Optimize database" Completed after 0 minute(s) and 0 seconds
[2024-08-31 19:25:52.515 +00:00] [INF] [97] Emby.Server.Implementations.IO.LibraryMonitor: Stopping directory watching for path "/media"
[2024-08-31 19:25:52.516 +00:00] [INF] [97] Emby.Server.Implementations.Library.LibraryManager: Validating media library
[2024-08-31 19:25:52.517 +00:00] [WRN] [97] MediaBrowser.Controller.Entities.BaseItem: Library folder "/config/data/playlists" is inaccessible or empty, skipping
[2024-08-31 19:25:52.521 +00:00] [WRN] [97] MediaBrowser.Controller.Entities.BaseItem: Library folder "/config/data/playlists" is inaccessible or empty, skipping
[2024-08-31 19:25:52.525 +00:00] [INF] [192] Emby.Server.Implementations.ScheduledTasks.TaskManager: "Scan Media Library" Completed after 0 minute(s) and 0 seconds
[2024-08-31 19:25:52.526 +00:00] [INF] [194] Emby.Server.Implementations.IO.LibraryMonitor: Watching directory "/media"
[2024-08-31 19:26:10.856 +00:00] [INF] [192] Emby.Server.Implementations.ScheduledTasks.TaskManager: "Update Plugins" Completed after 0 minute(s) and 16 seconds
[2024-08-31 20:25:54.743 +00:00] [INF] [231] Jellyfin.LiveTv.Guide.GuideManager: Refreshing guide with 7 days of guide data
[2024-08-31 20:25:54.744 +00:00] [INF] [231] Emby.Server.Implementations.ScheduledTasks.TaskManager: "Refresh Guide" Completed after 0 minute(s) and 3 seconds
