[2024-08-23 02:00:01.625 +00:00] [INF] [105] Emby.Server.Implementations.ScheduledTasks.TaskManager: "Extract Chapter Images" Completed after 0 minute(s) and 0 seconds
[2024-08-23 02:00:02.623 +00:00] [INF] [173] Emby.Server.Implementations.ScheduledTasks.TaskManager: Daily trigger for "Extract Chapter Images" set to fire at 2024-08-24 02:00:00.000 +00:00, which is 23:59:57.3765956 from now.
[2024-08-23 03:00:01.625 +00:00] [INF] [131] Emby.Server.Implementations.ScheduledTasks.TaskManager: "Generate Trickplay Images" Completed after 0 minute(s) and 0 seconds
[2024-08-23 03:00:02.624 +00:00] [INF] [120] Emby.Server.Implementations.ScheduledTasks.TaskManager: Daily trigger for "Generate Trickplay Images" set to fire at 2024-08-24 03:00:00.000 +00:00, which is 23:59:57.3753530 from now.
[2024-08-23 07:25:49.124 +00:00] [INF] [55] Emby.Server.Implementations.IO.LibraryMonitor: Stopping directory watching for path "/media"
[2024-08-23 07:25:49.124 +00:00] [INF] [55] Emby.Server.Implementations.Library.LibraryManager: Validating media library
[2024-08-23 07:25:49.127 +00:00] [WRN] [55] MediaBrowser.Controller.Entities.BaseItem: Library folder "/config/data/playlists" is inaccessible or empty, skipping
[2024-08-23 07:25:49.132 +00:00] [WRN] [34] MediaBrowser.Controller.Entities.BaseItem: Library folder "/config/data/playlists" is inaccessible or empty, skipping
[2024-08-23 07:25:49.136 +00:00] [INF] [36] Emby.Server.Implementations.ScheduledTasks.TaskManager: "Scan Media Library" Completed after 0 minute(s) and 0 seconds
[2024-08-23 07:25:49.136 +00:00] [INF] [51] Emby.Server.Implementations.IO.LibraryMonitor: Watching directory "/media"
[2024-08-23 19:25:44.779 +00:00] [INF] [77] Emby.Server.Implementations.ScheduledTasks.TaskManager: "Download missing subtitles" Completed after 0 minute(s) and 0 seconds
[2024-08-23 19:25:44.845 +00:00] [INF] [77] Emby.Server.Implementations.ScheduledTasks.TaskManager: "Clean Log Directory" Completed after 0 minute(s) and 0 seconds
[2024-08-23 19:25:44.876 +00:00] [INF] [187] Emby.Server.Implementations.ScheduledTasks.TaskManager: "Clean Cache Directory" Completed after 0 minute(s) and 0 seconds
[2024-08-23 19:25:44.915 +00:00] [INF] [35] Emby.Server.Implementations.ScheduledTasks.TaskManager: "Audio Normalization" Completed after 0 minute(s) and 0 seconds
[2024-08-23 19:25:44.945 +00:00] [INF] [187] Emby.Server.Implementations.ScheduledTasks.TaskManager: "Clean Transcode Directory" Completed after 0 minute(s) and 0 seconds
[2024-08-23 19:25:44.999 +00:00] [INF] [77] Emby.Server.Implementations.ScheduledTasks.TaskManager: "TasksRefreshChannels" Completed after 0 minute(s) and 0 seconds
[2024-08-23 19:25:45.195 +00:00] [INF] [187] Emby.Server.Implementations.ScheduledTasks.Tasks.OptimizeDatabaseTask: Optimizing and vacuuming jellyfin.db...
[2024-08-23 19:25:45.219 +00:00] [INF] [187] Emby.Server.Implementations.ScheduledTasks.Tasks.OptimizeDatabaseTask: jellyfin.db optimized successfully!
[2024-08-23 19:25:45.219 +00:00] [INF] [187] Emby.Server.Implementations.ScheduledTasks.TaskManager: "Optimize database" Completed after 0 minute(s) and 0 seconds
[2024-08-23 19:25:49.135 +00:00] [INF] [77] Emby.Server.Implementations.IO.LibraryMonitor: Stopping directory watching for path "/media"
[2024-08-23 19:25:49.135 +00:00] [INF] [77] Emby.Server.Implementations.Library.LibraryManager: Validating media library
[2024-08-23 19:25:49.137 +00:00] [WRN] [77] MediaBrowser.Controller.Entities.BaseItem: Library folder "/config/data/playlists" is inaccessible or empty, skipping
[2024-08-23 19:25:49.141 +00:00] [WRN] [77] MediaBrowser.Controller.Entities.BaseItem: Library folder "/config/data/playlists" is inaccessible or empty, skipping
[2024-08-23 19:25:49.146 +00:00] [INF] [187] Emby.Server.Implementations.ScheduledTasks.TaskManager: "Scan Media Library" Completed after 0 minute(s) and 0 seconds
[2024-08-23 19:25:49.146 +00:00] [INF] [35] Emby.Server.Implementations.IO.LibraryMonitor: Watching directory "/media"
[2024-08-23 19:25:52.901 +00:00] [INF] [35] Emby.Server.Implementations.ScheduledTasks.TaskManager: "Update Plugins" Completed after 0 minute(s) and 1 seconds
[2024-08-23 20:25:51.954 +00:00] [INF] [135] Jellyfin.LiveTv.Guide.GuideManager: Refreshing guide with 7 days of guide data
[2024-08-23 20:25:51.955 +00:00] [INF] [135] Emby.Server.Implementations.ScheduledTasks.TaskManager: "Refresh Guide" Completed after 0 minute(s) and 3 seconds
