[2024-09-15 02:00:00.002 +00:00] [INF] [21] Emby.Server.Implementations.ScheduledTasks.TaskManager: "Extract Chapter Images" Completed after 0 minute(s) and 0 seconds
[2024-09-15 02:00:01.001 +00:00] [INF] [134] Emby.Server.Implementations.ScheduledTasks.TaskManager: Daily trigger for "Extract Chapter Images" set to fire at 2024-09-16 02:00:00.000 +00:00, which is 23:59:58.9990061 from now.
[2024-09-15 03:00:00.002 +00:00] [INF] [206] Emby.Server.Implementations.ScheduledTasks.TaskManager: "Generate Trickplay Images" Completed after 0 minute(s) and 0 seconds
[2024-09-15 03:00:01.000 +00:00] [INF] [207] Emby.Server.Implementations.ScheduledTasks.TaskManager: Daily trigger for "Generate Trickplay Images" set to fire at 2024-09-16 03:00:00.000 +00:00, which is 23:59:58.9995205 from now.
[2024-09-15 07:25:57.021 +00:00] [INF] [208] Emby.Server.Implementations.IO.LibraryMonitor: Stopping directory watching for path "/media"
[2024-09-15 07:25:57.022 +00:00] [INF] [208] Emby.Server.Implementations.Library.LibraryManager: Validating media library
[2024-09-15 07:25:57.026 +00:00] [WRN] [208] MediaBrowser.Controller.Entities.BaseItem: Library folder "/config/data/playlists" is inaccessible or empty, skipping
[2024-09-15 07:25:57.030 +00:00] [WRN] [199] MediaBrowser.Controller.Entities.BaseItem: Library folder "/config/data/playlists" is inaccessible or empty, skipping
[2024-09-15 07:25:57.036 +00:00] [INF] [205] Emby.Server.Implementations.ScheduledTasks.TaskManager: "Scan Media Library" Completed after 0 minute(s) and 0 seconds
[2024-09-15 07:25:57.036 +00:00] [INF] [201] Emby.Server.Implementations.IO.LibraryMonitor: Watching directory "/media"
[2024-09-15 19:25:51.559 +00:00] [INF] [62] Emby.Server.Implementations.ScheduledTasks.TaskManager: "Download missing subtitles" Completed after 0 minute(s) and 0 seconds
[2024-09-15 19:25:51.611 +00:00] [INF] [62] Emby.Server.Implementations.ScheduledTasks.TaskManager: "Clean Log Directory" Completed after 0 minute(s) and 0 seconds
[2024-09-15 19:25:51.665 +00:00] [INF] [62] Emby.Server.Implementations.ScheduledTasks.TaskManager: "Clean Cache Directory" Completed after 0 minute(s) and 0 seconds
[2024-09-15 19:25:51.720 +00:00] [INF] [62] Emby.Server.Implementations.ScheduledTasks.TaskManager: "Audio Normalization" Completed after 0 minute(s) and 0 seconds
[2024-09-15 19:25:51.744 +00:00] [INF] [64] Emby.Server.Implementations.ScheduledTasks.TaskManager: "Clean Transcode Directory" Completed after 0 minute(s) and 0 seconds
[2024-09-15 19:25:51.770 +00:00] [INF] [226] Emby.Server.Implementations.Library.LibraryManager: People validation complete
[2024-09-15 19:25:51.770 +00:00] [INF] [226] Emby.Server.Implementations.ScheduledTasks.TaskManager: "Refresh People" Completed after 0 minute(s) and 0 seconds
[2024-09-15 19:25:51.802 +00:00] [INF] [65] Emby.Server.Implementations.ScheduledTasks.TaskManager: "TasksRefreshChannels" Completed after 0 minute(s) and 0 seconds
[2024-09-15 19:25:52.663 +00:00] [INF] [64] Emby.Server.Implementations.ScheduledTasks.Tasks.OptimizeDatabaseTask: Optimizing and vacuuming jellyfin.db...
[2024-09-15 19:25:52.692 +00:00] [INF] [64] Emby.Server.Implementations.ScheduledTasks.Tasks.OptimizeDatabaseTask: jellyfin.db optimized successfully!
[2024-09-15 19:25:52.692 +00:00] [INF] [64] Emby.Server.Implementations.ScheduledTasks.TaskManager: "Optimize database" Completed after 0 minute(s) and 0 seconds
[2024-09-15 19:25:57.973 +00:00] [INF] [64] Emby.Server.Implementations.IO.LibraryMonitor: Stopping directory watching for path "/media"
[2024-09-15 19:25:57.973 +00:00] [INF] [64] Emby.Server.Implementations.Library.LibraryManager: Validating media library
[2024-09-15 19:25:57.979 +00:00] [WRN] [64] MediaBrowser.Controller.Entities.BaseItem: Library folder "/config/data/playlists" is inaccessible or empty, skipping
[2024-09-15 19:25:57.983 +00:00] [WRN] [65] MediaBrowser.Controller.Entities.BaseItem: Library folder "/config/data/playlists" is inaccessible or empty, skipping
[2024-09-15 19:25:57.988 +00:00] [INF] [65] Emby.Server.Implementations.ScheduledTasks.TaskManager: "Scan Media Library" Completed after 0 minute(s) and 0 seconds
[2024-09-15 19:25:57.988 +00:00] [INF] [64] Emby.Server.Implementations.IO.LibraryMonitor: Watching directory "/media"
[2024-09-15 19:26:01.714 +00:00] [INF] [226] Emby.Server.Implementations.ScheduledTasks.TaskManager: "Update Plugins" Completed after 0 minute(s) and 1 seconds
[2024-09-15 20:26:01.719 +00:00] [INF] [49] Jellyfin.LiveTv.Guide.GuideManager: Refreshing guide with 7 days of guide data
[2024-09-15 20:26:01.720 +00:00] [INF] [49] Emby.Server.Implementations.ScheduledTasks.TaskManager: "Refresh Guide" Completed after 0 minute(s) and 3 seconds
