[2024-09-22 02:00:00.001 +00:00] [INF] [207] Emby.Server.Implementations.ScheduledTasks.TaskManager: "Extract Chapter Images" Completed after 0 minute(s) and 0 seconds
[2024-09-22 02:00:00.999 +00:00] [INF] [70] Emby.Server.Implementations.ScheduledTasks.TaskManager: Daily trigger for "Extract Chapter Images" set to fire at 2024-09-23 02:00:00.000 +00:00, which is 23:59:59.0001263 from now.
[2024-09-22 03:00:00.002 +00:00] [INF] [208] Emby.Server.Implementations.ScheduledTasks.TaskManager: "Generate Trickplay Images" Completed after 0 minute(s) and 0 seconds
[2024-09-22 03:00:01.000 +00:00] [INF] [230] Emby.Server.Implementations.ScheduledTasks.TaskManager: Daily trigger for "Generate Trickplay Images" set to fire at 2024-09-23 03:00:00.000 +00:00, which is 23:59:58.9992162 from now.
[2024-09-22 07:25:59.387 +00:00] [INF] [35] Emby.Server.Implementations.IO.LibraryMonitor: Stopping directory watching for path "/media"
[2024-09-22 07:25:59.387 +00:00] [INF] [35] Emby.Server.Implementations.Library.LibraryManager: Validating media library
[2024-09-22 07:25:59.391 +00:00] [WRN] [35] MediaBrowser.Controller.Entities.BaseItem: Library folder "/config/data/playlists" is inaccessible or empty, skipping
[2024-09-22 07:25:59.394 +00:00] [WRN] [35] MediaBrowser.Controller.Entities.BaseItem: Library folder "/config/data/playlists" is inaccessible or empty, skipping
[2024-09-22 07:25:59.399 +00:00] [INF] [8] Emby.Server.Implementations.ScheduledTasks.TaskManager: "Scan Media Library" Completed after 0 minute(s) and 0 seconds
[2024-09-22 07:25:59.405 +00:00] [INF] [40] Emby.Server.Implementations.IO.LibraryMonitor: Watching directory "/media"
[2024-09-22 19:25:52.281 +00:00] [INF] [79] Emby.Server.Implementations.ScheduledTasks.TaskManager: "Download missing subtitles" Completed after 0 minute(s) and 0 seconds
[2024-09-22 19:25:52.333 +00:00] [INF] [79] Emby.Server.Implementations.ScheduledTasks.TaskManager: "Clean Log Directory" Completed after 0 minute(s) and 0 seconds
[2024-09-22 19:25:52.392 +00:00] [INF] [79] Emby.Server.Implementations.ScheduledTasks.TaskManager: "Clean Cache Directory" Completed after 0 minute(s) and 0 seconds
[2024-09-22 19:25:52.451 +00:00] [INF] [79] Emby.Server.Implementations.ScheduledTasks.TaskManager: "Audio Normalization" Completed after 0 minute(s) and 0 seconds
[2024-09-22 19:25:52.471 +00:00] [INF] [79] Emby.Server.Implementations.ScheduledTasks.TaskManager: "Clean Transcode Directory" Completed after 0 minute(s) and 0 seconds
[2024-09-22 19:25:52.493 +00:00] [INF] [79] Emby.Server.Implementations.Library.LibraryManager: People validation complete
[2024-09-22 19:25:52.493 +00:00] [INF] [79] Emby.Server.Implementations.ScheduledTasks.TaskManager: "Refresh People" Completed after 0 minute(s) and 0 seconds
[2024-09-22 19:25:52.528 +00:00] [INF] [64] Emby.Server.Implementations.ScheduledTasks.TaskManager: "TasksRefreshChannels" Completed after 0 minute(s) and 0 seconds
[2024-09-22 19:25:53.568 +00:00] [INF] [220] Emby.Server.Implementations.ScheduledTasks.Tasks.OptimizeDatabaseTask: Optimizing and vacuuming jellyfin.db...
[2024-09-22 19:25:53.595 +00:00] [INF] [220] Emby.Server.Implementations.ScheduledTasks.Tasks.OptimizeDatabaseTask: jellyfin.db optimized successfully!
[2024-09-22 19:25:53.595 +00:00] [INF] [220] Emby.Server.Implementations.ScheduledTasks.TaskManager: "Optimize database" Completed after 0 minute(s) and 0 seconds
[2024-09-22 19:25:59.398 +00:00] [INF] [79] Emby.Server.Implementations.IO.LibraryMonitor: Stopping directory watching for path "/media"
[2024-09-22 19:25:59.398 +00:00] [INF] [79] Emby.Server.Implementations.Library.LibraryManager: Validating media library
[2024-09-22 19:25:59.400 +00:00] [WRN] [79] MediaBrowser.Controller.Entities.BaseItem: Library folder "/config/data/playlists" is inaccessible or empty, skipping
[2024-09-22 19:25:59.404 +00:00] [WRN] [64] MediaBrowser.Controller.Entities.BaseItem: Library folder "/config/data/playlists" is inaccessible or empty, skipping
[2024-09-22 19:25:59.408 +00:00] [INF] [220] Emby.Server.Implementations.ScheduledTasks.TaskManager: "Scan Media Library" Completed after 0 minute(s) and 0 seconds
[2024-09-22 19:25:59.409 +00:00] [INF] [64] Emby.Server.Implementations.IO.LibraryMonitor: Watching directory "/media"
[2024-09-22 19:26:02.479 +00:00] [INF] [64] Emby.Server.Implementations.ScheduledTasks.TaskManager: "Update Plugins" Completed after 0 minute(s) and 1 seconds
[2024-09-22 20:26:02.436 +00:00] [INF] [77] Jellyfin.LiveTv.Guide.GuideManager: Refreshing guide with 7 days of guide data
[2024-09-22 20:26:02.437 +00:00] [INF] [77] Emby.Server.Implementations.ScheduledTasks.TaskManager: "Refresh Guide" Completed after 0 minute(s) and 3 seconds
