[2024-09-29 02:00:00.002 +00:00] [INF] [84] Emby.Server.Implementations.ScheduledTasks.TaskManager: "Extract Chapter Images" Completed after 0 minute(s) and 0 seconds
[2024-09-29 02:00:01.000 +00:00] [INF] [42] Emby.Server.Implementations.ScheduledTasks.TaskManager: Daily trigger for "Extract Chapter Images" set to fire at 2024-09-30 02:00:00.000 +00:00, which is 23:59:58.9997529 from now.
[2024-09-29 03:00:00.001 +00:00] [INF] [33] Emby.Server.Implementations.ScheduledTasks.TaskManager: "Generate Trickplay Images" Completed after 0 minute(s) and 0 seconds
[2024-09-29 03:00:00.999 +00:00] [INF] [211] Emby.Server.Implementations.ScheduledTasks.TaskManager: Daily trigger for "Generate Trickplay Images" set to fire at 2024-09-30 03:00:00.000 +00:00, which is 23:59:59.0004383 from now.
[2024-09-29 07:25:59.951 +00:00] [INF] [77] Emby.Server.Implementations.IO.LibraryMonitor: Stopping directory watching for path "/media"
[2024-09-29 07:25:59.952 +00:00] [INF] [77] Emby.Server.Implementations.Library.LibraryManager: Validating media library
[2024-09-29 07:25:59.954 +00:00] [WRN] [77] MediaBrowser.Controller.Entities.BaseItem: Library folder "/config/data/playlists" is inaccessible or empty, skipping
[2024-09-29 07:25:59.958 +00:00] [WRN] [114] MediaBrowser.Controller.Entities.BaseItem: Library folder "/config/data/playlists" is inaccessible or empty, skipping
[2024-09-29 07:25:59.962 +00:00] [INF] [114] Emby.Server.Implementations.ScheduledTasks.TaskManager: "Scan Media Library" Completed after 0 minute(s) and 0 seconds
[2024-09-29 07:25:59.962 +00:00] [INF] [8] Emby.Server.Implementations.IO.LibraryMonitor: Watching directory "/media"
[2024-09-29 19:25:52.283 +00:00] [INF] [112] Emby.Server.Implementations.ScheduledTasks.TaskManager: "Download missing subtitles" Completed after 0 minute(s) and 0 seconds
[2024-09-29 19:25:52.335 +00:00] [INF] [112] Emby.Server.Implementations.ScheduledTasks.TaskManager: "Clean Log Directory" Completed after 0 minute(s) and 0 seconds
[2024-09-29 19:25:52.395 +00:00] [INF] [76] Emby.Server.Implementations.ScheduledTasks.TaskManager: "Clean Cache Directory" Completed after 0 minute(s) and 0 seconds
[2024-09-29 19:25:52.458 +00:00] [INF] [112] Emby.Server.Implementations.ScheduledTasks.TaskManager: "Audio Normalization" Completed after 0 minute(s) and 0 seconds
[2024-09-29 19:25:52.478 +00:00] [INF] [112] Emby.Server.Implementations.ScheduledTasks.TaskManager: "Clean Transcode Directory" Completed after 0 minute(s) and 0 seconds
[2024-09-29 19:25:52.496 +00:00] [INF] [135] Emby.Server.Implementations.Library.LibraryManager: People validation complete
[2024-09-29 19:25:52.497 +00:00] [INF] [135] Emby.Server.Implementations.ScheduledTasks.TaskManager: "Refresh People" Completed after 0 minute(s) and 0 seconds
[2024-09-29 19:25:52.531 +00:00] [INF] [76] Emby.Server.Implementations.ScheduledTasks.TaskManager: "TasksRefreshChannels" Completed after 0 minute(s) and 0 seconds
[2024-09-29 19:25:53.759 +00:00] [INF] [135] Emby.Server.Implementations.ScheduledTasks.Tasks.OptimizeDatabaseTask: Optimizing and vacuuming jellyfin.db...
[2024-09-29 19:25:53.787 +00:00] [INF] [135] Emby.Server.Implementations.ScheduledTasks.Tasks.OptimizeDatabaseTask: jellyfin.db optimized successfully!
[2024-09-29 19:25:53.787 +00:00] [INF] [135] Emby.Server.Implementations.ScheduledTasks.TaskManager: "Optimize database" Completed after 0 minute(s) and 0 seconds
[2024-09-29 19:25:59.962 +00:00] [INF] [135] Emby.Server.Implementations.IO.LibraryMonitor: Stopping directory watching for path "/media"
[2024-09-29 19:25:59.962 +00:00] [INF] [135] Emby.Server.Implementations.Library.LibraryManager: Validating media library
[2024-09-29 19:25:59.965 +00:00] [WRN] [135] MediaBrowser.Controller.Entities.BaseItem: Library folder "/config/data/playlists" is inaccessible or empty, skipping
[2024-09-29 19:25:59.968 +00:00] [WRN] [135] MediaBrowser.Controller.Entities.BaseItem: Library folder "/config/data/playlists" is inaccessible or empty, skipping
[2024-09-29 19:25:59.972 +00:00] [INF] [76] Emby.Server.Implementations.ScheduledTasks.TaskManager: "Scan Media Library" Completed after 0 minute(s) and 0 seconds
[2024-09-29 19:25:59.992 +00:00] [INF] [141] Emby.Server.Implementations.IO.LibraryMonitor: Watching directory "/media"
[2024-09-29 19:26:02.135 +00:00] [INF] [141] Emby.Server.Implementations.ScheduledTasks.TaskManager: "Update Plugins" Completed after 0 minute(s) and 1 seconds
[2024-09-29 20:26:02.434 +00:00] [INF] [227] Jellyfin.LiveTv.Guide.GuideManager: Refreshing guide with 7 days of guide data
[2024-09-29 20:26:02.435 +00:00] [INF] [227] Emby.Server.Implementations.ScheduledTasks.TaskManager: "Refresh Guide" Completed after 0 minute(s) and 3 seconds
