[2024-09-02 02:00:00.001 +00:00] [INF] [47] Emby.Server.Implementations.ScheduledTasks.TaskManager: "Extract Chapter Images" Completed after 0 minute(s) and 0 seconds
[2024-09-02 02:00:00.999 +00:00] [INF] [33] Emby.Server.Implementations.ScheduledTasks.TaskManager: Daily trigger for "Extract Chapter Images" set to fire at 2024-09-03 02:00:00.000 +00:00, which is 23:59:59.0004423 from now.
[2024-09-02 03:00:00.002 +00:00] [INF] [60] Emby.Server.Implementations.ScheduledTasks.TaskManager: "Generate Trickplay Images" Completed after 0 minute(s) and 0 seconds
[2024-09-02 03:00:01.000 +00:00] [INF] [177] Emby.Server.Implementations.ScheduledTasks.TaskManager: Daily trigger for "Generate Trickplay Images" set to fire at 2024-09-03 03:00:00.000 +00:00, which is 23:59:58.9990813 from now.
[2024-09-02 07:25:52.544 +00:00] [INF] [201] Emby.Server.Implementations.IO.LibraryMonitor: Stopping directory watching for path "/media"
[2024-09-02 07:25:52.544 +00:00] [INF] [201] Emby.Server.Implementations.Library.LibraryManager: Validating media library
[2024-09-02 07:25:52.547 +00:00] [WRN] [201] MediaBrowser.Controller.Entities.BaseItem: Library folder "/config/data/playlists" is inaccessible or empty, skipping
[2024-09-02 07:25:52.550 +00:00] [WRN] [206] MediaBrowser.Controller.Entities.BaseItem: Library folder "/config/data/playlists" is inaccessible or empty, skipping
[2024-09-02 07:25:52.555 +00:00] [INF] [170] Emby.Server.Implementations.ScheduledTasks.TaskManager: "Scan Media Library" Completed after 0 minute(s) and 0 seconds
[2024-09-02 07:25:52.555 +00:00] [INF] [122] Emby.Server.Implementations.IO.LibraryMonitor: Watching directory "/media"
[2024-09-02 19:25:47.578 +00:00] [INF] [135] Emby.Server.Implementations.ScheduledTasks.TaskManager: "Download missing subtitles" Completed after 0 minute(s) and 0 seconds
[2024-09-02 19:25:47.639 +00:00] [INF] [135] Emby.Server.Implementations.ScheduledTasks.TaskManager: "Clean Log Directory" Completed after 0 minute(s) and 0 seconds
[2024-09-02 19:25:47.677 +00:00] [INF] [135] Emby.Server.Implementations.ScheduledTasks.TaskManager: "Clean Cache Directory" Completed after 0 minute(s) and 0 seconds
[2024-09-02 19:25:47.722 +00:00] [INF] [178] Emby.Server.Implementations.ScheduledTasks.TaskManager: "Audio Normalization" Completed after 0 minute(s) and 0 seconds
[2024-09-02 19:25:47.756 +00:00] [INF] [178] Emby.Server.Implementations.ScheduledTasks.TaskManager: "Clean Transcode Directory" Completed after 0 minute(s) and 0 seconds
[2024-09-02 19:25:47.818 +00:00] [INF] [178] Emby.Server.Implementations.ScheduledTasks.TaskManager: "TasksRefreshChannels" Completed after 0 minute(s) and 0 seconds
[2024-09-02 19:25:48.279 +00:00] [INF] [178] Emby.Server.Implementations.ScheduledTasks.Tasks.OptimizeDatabaseTask: Optimizing and vacuuming jellyfin.db...
[2024-09-02 19:25:48.306 +00:00] [INF] [178] Emby.Server.Implementations.ScheduledTasks.Tasks.OptimizeDatabaseTask: jellyfin.db optimized successfully!
[2024-09-02 19:25:48.307 +00:00] [INF] [178] Emby.Server.Implementations.ScheduledTasks.TaskManager: "Optimize database" Completed after 0 minute(s) and 0 seconds
[2024-09-02 19:25:52.555 +00:00] [INF] [178] Emby.Server.Implementations.IO.LibraryMonitor: Stopping directory watching for path "/media"
[2024-09-02 19:25:52.555 +00:00] [INF] [178] Emby.Server.Implementations.Library.LibraryManager: Validating media library
[2024-09-02 19:25:52.566 +00:00] [WRN] [72] MediaBrowser.Controller.Entities.BaseItem: Library folder "/config/data/playlists" is inaccessible or empty, skipping
[2024-09-02 19:25:52.594 +00:00] [INF] [72] Jellyfin.Drawing.ImageProcessor: Creating image collage and saving to "/cache/temp/4ab1424bd04f47fe95ad2bfdb64c9f74.png"
[2024-09-02 19:25:52.906 +00:00] [INF] [72] Jellyfin.Drawing.ImageProcessor: Completed creation of image collage and saved to "/cache/temp/4ab1424bd04f47fe95ad2bfdb64c9f74.png"
[2024-09-02 19:25:52.922 +00:00] [WRN] [178] MediaBrowser.Controller.Entities.BaseItem: Library folder "/config/data/playlists" is inaccessible or empty, skipping
[2024-09-02 19:25:52.926 +00:00] [INF] [178] Emby.Server.Implementations.ScheduledTasks.TaskManager: "Scan Media Library" Completed after 0 minute(s) and 0 seconds
[2024-09-02 19:25:52.926 +00:00] [INF] [72] Emby.Server.Implementations.IO.LibraryMonitor: Watching directory "/media"
[2024-09-02 19:26:00.622 +00:00] [INF] [178] Emby.Server.Implementations.ScheduledTasks.TaskManager: "Update Plugins" Completed after 0 minute(s) and 6 seconds
[2024-09-02 20:25:54.745 +00:00] [INF] [59] Jellyfin.LiveTv.Guide.GuideManager: Refreshing guide with 7 days of guide data
[2024-09-02 20:25:54.746 +00:00] [INF] [59] Emby.Server.Implementations.ScheduledTasks.TaskManager: "Refresh Guide" Completed after 0 minute(s) and 3 seconds
