[2024-09-27 00:01:50.435 +00:00] [INF] [120] Emby.Server.Implementations.Session.SessionWebSocketListener: Sending ForceKeepAlive message to 1 inactive WebSockets.
[2024-09-27 00:04:38.436 +00:00] [INF] [198] Emby.Server.Implementations.Session.SessionWebSocketListener: Sending ForceKeepAlive message to 1 inactive WebSockets.
[2024-09-27 00:07:26.437 +00:00] [INF] [75] Emby.Server.Implementations.Session.SessionWebSocketListener: Sending ForceKeepAlive message to 1 inactive WebSockets.
[2024-09-27 00:10:50.436 +00:00] [INF] [116] Emby.Server.Implementations.Session.SessionWebSocketListener: Sending ForceKeepAlive message to 1 inactive WebSockets.
[2024-09-27 00:13:38.436 +00:00] [INF] [91] Emby.Server.Implementations.Session.SessionWebSocketListener: Sending ForceKeepAlive message to 1 inactive WebSockets.
[2024-09-27 00:16:26.436 +00:00] [INF] [41] Emby.Server.Implementations.Session.SessionWebSocketListener: Sending ForceKeepAlive message to 1 inactive WebSockets.
[2024-09-27 00:19:50.437 +00:00] [INF] [123] Emby.Server.Implementations.Session.SessionWebSocketListener: Sending ForceKeepAlive message to 1 inactive WebSockets.
[2024-09-27 00:22:38.435 +00:00] [INF] [183] Emby.Server.Implementations.Session.SessionWebSocketListener: Sending ForceKeepAlive message to 1 inactive WebSockets.
[2024-09-27 00:25:26.436 +00:00] [INF] [145] Emby.Server.Implementations.Session.SessionWebSocketListener: Sending ForceKeepAlive message to 1 inactive WebSockets.
[2024-09-27 00:28:50.436 +00:00] [INF] [118] Emby.Server.Implementations.Session.SessionWebSocketListener: Sending ForceKeepAlive message to 1 inactive WebSockets.
[2024-09-27 00:31:38.435 +00:00] [INF] [161] Emby.Server.Implementations.Session.SessionWebSocketListener: Sending ForceKeepAlive message to 1 inactive WebSockets.
[2024-09-27 00:34:26.436 +00:00] [INF] [144] Emby.Server.Implementations.Session.SessionWebSocketListener: Sending ForceKeepAlive message to 1 inactive WebSockets.
[2024-09-27 00:37:50.436 +00:00] [INF] [77] Emby.Server.Implementations.Session.SessionWebSocketListener: Sending ForceKeepAlive message to 1 inactive WebSockets.
[2024-09-27 00:40:38.436 +00:00] [INF] [175] Emby.Server.Implementations.Session.SessionWebSocketListener: Sending ForceKeepAlive message to 1 inactive WebSockets.
[2024-09-27 00:43:26.436 +00:00] [INF] [93] Emby.Server.Implementations.Session.SessionWebSocketListener: Sending ForceKeepAlive message to 1 inactive WebSockets.
[2024-09-27 00:46:50.435 +00:00] [INF] [178] Emby.Server.Implementations.Session.SessionWebSocketListener: Sending ForceKeepAlive message to 1 inactive WebSockets.
[2024-09-27 00:49:38.435 +00:00] [INF] [146] Emby.Server.Implementations.Session.SessionWebSocketListener: Sending ForceKeepAlive message to 1 inactive WebSockets.
[2024-09-27 00:52:26.436 +00:00] [INF] [105] Emby.Server.Implementations.Session.SessionWebSocketListener: Sending ForceKeepAlive message to 1 inactive WebSockets.
[2024-09-27 00:55:50.436 +00:00] [INF] [159] Emby.Server.Implementations.Session.SessionWebSocketListener: Sending ForceKeepAlive message to 1 inactive WebSockets.
[2024-09-27 00:58:38.436 +00:00] [INF] [211] Emby.Server.Implementations.Session.SessionWebSocketListener: Sending ForceKeepAlive message to 1 inactive WebSockets.
[2024-09-27 01:01:26.436 +00:00] [INF] [18] Emby.Server.Implementations.Session.SessionWebSocketListener: Sending ForceKeepAlive message to 1 inactive WebSockets.
[2024-09-27 01:04:50.436 +00:00] [INF] [204] Emby.Server.Implementations.Session.SessionWebSocketListener: Sending ForceKeepAlive message to 1 inactive WebSockets.
[2024-09-27 01:07:38.435 +00:00] [INF] [126] Emby.Server.Implementations.Session.SessionWebSocketListener: Sending ForceKeepAlive message to 1 inactive WebSockets.
[2024-09-27 01:10:26.436 +00:00] [INF] [197] Emby.Server.Implementations.Session.SessionWebSocketListener: Sending ForceKeepAlive message to 1 inactive WebSockets.
[2024-09-27 01:13:50.436 +00:00] [INF] [151] Emby.Server.Implementations.Session.SessionWebSocketListener: Sending ForceKeepAlive message to 1 inactive WebSockets.
[2024-09-27 01:16:38.436 +00:00] [INF] [212] Emby.Server.Implementations.Session.SessionWebSocketListener: Sending ForceKeepAlive message to 1 inactive WebSockets.
[2024-09-27 01:19:26.436 +00:00] [INF] [95] Emby.Server.Implementations.Session.SessionWebSocketListener: Sending ForceKeepAlive message to 1 inactive WebSockets.
[2024-09-27 01:22:50.436 +00:00] [INF] [123] Emby.Server.Implementations.Session.SessionWebSocketListener: Sending ForceKeepAlive message to 1 inactive WebSockets.
[2024-09-27 01:25:38.436 +00:00] [INF] [148] Emby.Server.Implementations.Session.SessionWebSocketListener: Sending ForceKeepAlive message to 1 inactive WebSockets.
[2024-09-27 01:28:26.435 +00:00] [INF] [32] Emby.Server.Implementations.Session.SessionWebSocketListener: Sending ForceKeepAlive message to 1 inactive WebSockets.
[2024-09-27 01:31:50.436 +00:00] [INF] [230] Emby.Server.Implementations.Session.SessionWebSocketListener: Sending ForceKeepAlive message to 1 inactive WebSockets.
[2024-09-27 01:34:38.436 +00:00] [INF] [34] Emby.Server.Implementations.Session.SessionWebSocketListener: Sending ForceKeepAlive message to 1 inactive WebSockets.
[2024-09-27 01:37:26.436 +00:00] [INF] [198] Emby.Server.Implementations.Session.SessionWebSocketListener: Sending ForceKeepAlive message to 1 inactive WebSockets.
[2024-09-27 01:40:50.436 +00:00] [INF] [67] Emby.Server.Implementations.Session.SessionWebSocketListener: Sending ForceKeepAlive message to 1 inactive WebSockets.
[2024-09-27 01:43:38.436 +00:00] [INF] [8] Emby.Server.Implementations.Session.SessionWebSocketListener: Sending ForceKeepAlive message to 1 inactive WebSockets.
[2024-09-27 01:46:26.436 +00:00] [INF] [135] Emby.Server.Implementations.Session.SessionWebSocketListener: Sending ForceKeepAlive message to 1 inactive WebSockets.
[2024-09-27 01:49:50.436 +00:00] [INF] [194] Emby.Server.Implementations.Session.SessionWebSocketListener: Sending ForceKeepAlive message to 1 inactive WebSockets.
[2024-09-27 01:52:38.436 +00:00] [INF] [184] Emby.Server.Implementations.Session.SessionWebSocketListener: Sending ForceKeepAlive message to 1 inactive WebSockets.
[2024-09-27 01:55:26.435 +00:00] [INF] [154] Emby.Server.Implementations.Session.SessionWebSocketListener: Sending ForceKeepAlive message to 1 inactive WebSockets.
[2024-09-27 01:58:50.436 +00:00] [INF] [26] Emby.Server.Implementations.Session.SessionWebSocketListener: Sending ForceKeepAlive message to 1 inactive WebSockets.
[2024-09-27 02:00:00.001 +00:00] [INF] [107] Emby.Server.Implementations.ScheduledTasks.TaskManager: "Extract Chapter Images" Completed after 0 minute(s) and 0 seconds
[2024-09-27 02:00:01.000 +00:00] [INF] [50] Emby.Server.Implementations.ScheduledTasks.TaskManager: Daily trigger for "Extract Chapter Images" set to fire at 2024-09-28 02:00:00.000 +00:00, which is 23:59:59.0000144 from now.
[2024-09-27 02:01:38.435 +00:00] [INF] [107] Emby.Server.Implementations.Session.SessionWebSocketListener: Sending ForceKeepAlive message to 1 inactive WebSockets.
[2024-09-27 02:04:26.436 +00:00] [INF] [150] Emby.Server.Implementations.Session.SessionWebSocketListener: Sending ForceKeepAlive message to 1 inactive WebSockets.
[2024-09-27 02:07:50.436 +00:00] [INF] [181] Emby.Server.Implementations.Session.SessionWebSocketListener: Sending ForceKeepAlive message to 1 inactive WebSockets.
[2024-09-27 02:10:38.436 +00:00] [INF] [28] Emby.Server.Implementations.Session.SessionWebSocketListener: Sending ForceKeepAlive message to 1 inactive WebSockets.
[2024-09-27 02:13:26.436 +00:00] [INF] [134] Emby.Server.Implementations.Session.SessionWebSocketListener: Sending ForceKeepAlive message to 1 inactive WebSockets.
[2024-09-27 02:16:50.436 +00:00] [INF] [57] Emby.Server.Implementations.Session.SessionWebSocketListener: Sending ForceKeepAlive message to 1 inactive WebSockets.
[2024-09-27 02:19:38.436 +00:00] [INF] [79] Emby.Server.Implementations.Session.SessionWebSocketListener: Sending ForceKeepAlive message to 1 inactive WebSockets.
[2024-09-27 02:22:26.436 +00:00] [INF] [106] Emby.Server.Implementations.Session.SessionWebSocketListener: Sending ForceKeepAlive message to 1 inactive WebSockets.
[2024-09-27 02:25:50.436 +00:00] [INF] [187] Emby.Server.Implementations.Session.SessionWebSocketListener: Sending ForceKeepAlive message to 1 inactive WebSockets.
[2024-09-27 02:28:38.436 +00:00] [INF] [99] Emby.Server.Implementations.Session.SessionWebSocketListener: Sending ForceKeepAlive message to 1 inactive WebSockets.
[2024-09-27 02:31:26.436 +00:00] [INF] [118] Emby.Server.Implementations.Session.SessionWebSocketListener: Sending ForceKeepAlive message to 1 inactive WebSockets.
[2024-09-27 02:34:50.436 +00:00] [INF] [47] Emby.Server.Implementations.Session.SessionWebSocketListener: Sending ForceKeepAlive message to 1 inactive WebSockets.
[2024-09-27 02:37:38.436 +00:00] [INF] [148] Emby.Server.Implementations.Session.SessionWebSocketListener: Sending ForceKeepAlive message to 1 inactive WebSockets.
[2024-09-27 02:40:26.436 +00:00] [INF] [79] Emby.Server.Implementations.Session.SessionWebSocketListener: Sending ForceKeepAlive message to 1 inactive WebSockets.
[2024-09-27 02:43:50.436 +00:00] [INF] [160] Emby.Server.Implementations.Session.SessionWebSocketListener: Sending ForceKeepAlive message to 1 inactive WebSockets.
[2024-09-27 02:46:38.436 +00:00] [INF] [120] Emby.Server.Implementations.Session.SessionWebSocketListener: Sending ForceKeepAlive message to 1 inactive WebSockets.
[2024-09-27 02:49:26.436 +00:00] [INF] [210] Emby.Server.Implementations.Session.SessionWebSocketListener: Sending ForceKeepAlive message to 1 inactive WebSockets.
[2024-09-27 02:52:50.435 +00:00] [INF] [230] Emby.Server.Implementations.Session.SessionWebSocketListener: Sending ForceKeepAlive message to 1 inactive WebSockets.
[2024-09-27 02:55:38.437 +00:00] [INF] [217] Emby.Server.Implementations.Session.SessionWebSocketListener: Sending ForceKeepAlive message to 1 inactive WebSockets.
[2024-09-27 02:58:26.436 +00:00] [INF] [50] Emby.Server.Implementations.Session.SessionWebSocketListener: Sending ForceKeepAlive message to 1 inactive WebSockets.
[2024-09-27 03:00:00.001 +00:00] [INF] [151] Emby.Server.Implementations.ScheduledTasks.TaskManager: "Generate Trickplay Images" Completed after 0 minute(s) and 0 seconds
[2024-09-27 03:00:01.000 +00:00] [INF] [142] Emby.Server.Implementations.ScheduledTasks.TaskManager: Daily trigger for "Generate Trickplay Images" set to fire at 2024-09-28 03:00:00.000 +00:00, which is 23:59:58.9998670 from now.
[2024-09-27 03:01:50.436 +00:00] [INF] [218] Emby.Server.Implementations.Session.SessionWebSocketListener: Sending ForceKeepAlive message to 1 inactive WebSockets.
[2024-09-27 03:04:38.436 +00:00] [INF] [107] Emby.Server.Implementations.Session.SessionWebSocketListener: Sending ForceKeepAlive message to 1 inactive WebSockets.
[2024-09-27 03:07:26.436 +00:00] [INF] [150] Emby.Server.Implementations.Session.SessionWebSocketListener: Sending ForceKeepAlive message to 1 inactive WebSockets.
[2024-09-27 03:10:50.436 +00:00] [INF] [184] Emby.Server.Implementations.Session.SessionWebSocketListener: Sending ForceKeepAlive message to 1 inactive WebSockets.
[2024-09-27 03:13:38.436 +00:00] [INF] [184] Emby.Server.Implementations.Session.SessionWebSocketListener: Sending ForceKeepAlive message to 1 inactive WebSockets.
[2024-09-27 03:16:26.435 +00:00] [INF] [134] Emby.Server.Implementations.Session.SessionWebSocketListener: Sending ForceKeepAlive message to 1 inactive WebSockets.
[2024-09-27 03:19:50.436 +00:00] [INF] [202] Emby.Server.Implementations.Session.SessionWebSocketListener: Sending ForceKeepAlive message to 1 inactive WebSockets.
[2024-09-27 03:22:38.436 +00:00] [INF] [8] Emby.Server.Implementations.Session.SessionWebSocketListener: Sending ForceKeepAlive message to 1 inactive WebSockets.
[2024-09-27 03:25:26.437 +00:00] [INF] [132] Emby.Server.Implementations.Session.SessionWebSocketListener: Sending ForceKeepAlive message to 1 inactive WebSockets.
[2024-09-27 03:28:50.436 +00:00] [INF] [129] Emby.Server.Implementations.Session.SessionWebSocketListener: Sending ForceKeepAlive message to 1 inactive WebSockets.
[2024-09-27 03:31:38.436 +00:00] [INF] [235] Emby.Server.Implementations.Session.SessionWebSocketListener: Sending ForceKeepAlive message to 1 inactive WebSockets.
[2024-09-27 03:34:26.436 +00:00] [INF] [94] Emby.Server.Implementations.Session.SessionWebSocketListener: Sending ForceKeepAlive message to 1 inactive WebSockets.
[2024-09-27 03:37:50.436 +00:00] [INF] [160] Emby.Server.Implementations.Session.SessionWebSocketListener: Sending ForceKeepAlive message to 1 inactive WebSockets.
[2024-09-27 03:40:38.436 +00:00] [INF] [57] Emby.Server.Implementations.Session.SessionWebSocketListener: Sending ForceKeepAlive message to 1 inactive WebSockets.
[2024-09-27 03:43:26.436 +00:00] [INF] [207] Emby.Server.Implementations.Session.SessionWebSocketListener: Sending ForceKeepAlive message to 1 inactive WebSockets.
[2024-09-27 03:46:50.436 +00:00] [INF] [133] Emby.Server.Implementations.Session.SessionWebSocketListener: Sending ForceKeepAlive message to 1 inactive WebSockets.
[2024-09-27 03:49:38.435 +00:00] [INF] [201] Emby.Server.Implementations.Session.SessionWebSocketListener: Sending ForceKeepAlive message to 1 inactive WebSockets.
[2024-09-27 03:52:26.436 +00:00] [INF] [102] Emby.Server.Implementations.Session.SessionWebSocketListener: Sending ForceKeepAlive message to 1 inactive WebSockets.
[2024-09-27 03:55:50.436 +00:00] [INF] [230] Emby.Server.Implementations.Session.SessionWebSocketListener: Sending ForceKeepAlive message to 1 inactive WebSockets.
[2024-09-27 03:58:38.435 +00:00] [INF] [82] Emby.Server.Implementations.Session.SessionWebSocketListener: Sending ForceKeepAlive message to 1 inactive WebSockets.
[2024-09-27 04:01:26.435 +00:00] [INF] [222] Emby.Server.Implementations.Session.SessionWebSocketListener: Sending ForceKeepAlive message to 1 inactive WebSockets.
[2024-09-27 04:04:50.436 +00:00] [INF] [50] Emby.Server.Implementations.Session.SessionWebSocketListener: Sending ForceKeepAlive message to 1 inactive WebSockets.
[2024-09-27 04:07:38.436 +00:00] [INF] [32] Emby.Server.Implementations.Session.SessionWebSocketListener: Sending ForceKeepAlive message to 1 inactive WebSockets.
[2024-09-27 04:10:26.436 +00:00] [INF] [96] Emby.Server.Implementations.Session.SessionWebSocketListener: Sending ForceKeepAlive message to 1 inactive WebSockets.
[2024-09-27 04:13:50.437 +00:00] [INF] [102] Emby.Server.Implementations.Session.SessionWebSocketListener: Sending ForceKeepAlive message to 1 inactive WebSockets.
[2024-09-27 04:16:38.436 +00:00] [INF] [34] Emby.Server.Implementations.Session.SessionWebSocketListener: Sending ForceKeepAlive message to 1 inactive WebSockets.
[2024-09-27 04:19:26.436 +00:00] [INF] [130] Emby.Server.Implementations.Session.SessionWebSocketListener: Sending ForceKeepAlive message to 1 inactive WebSockets.
[2024-09-27 04:22:50.436 +00:00] [INF] [176] Emby.Server.Implementations.Session.SessionWebSocketListener: Sending ForceKeepAlive message to 1 inactive WebSockets.
[2024-09-27 04:25:38.436 +00:00] [INF] [92] Emby.Server.Implementations.Session.SessionWebSocketListener: Sending ForceKeepAlive message to 1 inactive WebSockets.
[2024-09-27 04:28:26.436 +00:00] [INF] [155] Emby.Server.Implementations.Session.SessionWebSocketListener: Sending ForceKeepAlive message to 1 inactive WebSockets.
[2024-09-27 04:31:50.436 +00:00] [INF] [235] Emby.Server.Implementations.Session.SessionWebSocketListener: Sending ForceKeepAlive message to 1 inactive WebSockets.
[2024-09-27 04:34:38.436 +00:00] [INF] [136] Emby.Server.Implementations.Session.SessionWebSocketListener: Sending ForceKeepAlive message to 1 inactive WebSockets.
[2024-09-27 04:37:26.435 +00:00] [INF] [86] Emby.Server.Implementations.Session.SessionWebSocketListener: Sending ForceKeepAlive message to 1 inactive WebSockets.
[2024-09-27 04:40:50.435 +00:00] [INF] [145] Emby.Server.Implementations.Session.SessionWebSocketListener: Sending ForceKeepAlive message to 1 inactive WebSockets.
[2024-09-27 04:43:38.436 +00:00] [INF] [48] Emby.Server.Implementations.Session.SessionWebSocketListener: Sending ForceKeepAlive message to 1 inactive WebSockets.
[2024-09-27 04:46:26.436 +00:00] [INF] [147] Emby.Server.Implementations.Session.SessionWebSocketListener: Sending ForceKeepAlive message to 1 inactive WebSockets.
[2024-09-27 04:49:50.436 +00:00] [INF] [189] Emby.Server.Implementations.Session.SessionWebSocketListener: Sending ForceKeepAlive message to 1 inactive WebSockets.
[2024-09-27 04:52:38.436 +00:00] [INF] [72] Emby.Server.Implementations.Session.SessionWebSocketListener: Sending ForceKeepAlive message to 1 inactive WebSockets.
[2024-09-27 04:55:26.436 +00:00] [INF] [108] Emby.Server.Implementations.Session.SessionWebSocketListener: Sending ForceKeepAlive message to 1 inactive WebSockets.
[2024-09-27 04:58:50.436 +00:00] [INF] [101] Emby.Server.Implementations.Session.SessionWebSocketListener: Sending ForceKeepAlive message to 1 inactive WebSockets.
[2024-09-27 05:01:38.436 +00:00] [INF] [108] Emby.Server.Implementations.Session.SessionWebSocketListener: Sending ForceKeepAlive message to 1 inactive WebSockets.
[2024-09-27 05:04:26.437 +00:00] [INF] [225] Emby.Server.Implementations.Session.SessionWebSocketListener: Sending ForceKeepAlive message to 1 inactive WebSockets.
[2024-09-27 05:07:50.436 +00:00] [INF] [189] Emby.Server.Implementations.Session.SessionWebSocketListener: Sending ForceKeepAlive message to 1 inactive WebSockets.
[2024-09-27 05:10:38.436 +00:00] [INF] [122] Emby.Server.Implementations.Session.SessionWebSocketListener: Sending ForceKeepAlive message to 1 inactive WebSockets.
[2024-09-27 05:13:26.436 +00:00] [INF] [239] Emby.Server.Implementations.Session.SessionWebSocketListener: Sending ForceKeepAlive message to 1 inactive WebSockets.
[2024-09-27 05:16:50.436 +00:00] [INF] [95] Emby.Server.Implementations.Session.SessionWebSocketListener: Sending ForceKeepAlive message to 1 inactive WebSockets.
[2024-09-27 05:19:38.436 +00:00] [INF] [141] Emby.Server.Implementations.Session.SessionWebSocketListener: Sending ForceKeepAlive message to 1 inactive WebSockets.
[2024-09-27 05:22:26.436 +00:00] [INF] [170] Emby.Server.Implementations.Session.SessionWebSocketListener: Sending ForceKeepAlive message to 1 inactive WebSockets.
[2024-09-27 05:23:54.870 +00:00] [INF] [185] Emby.Server.Implementations.ScheduledTasks.TaskManager: "Download missing subtitles" Completed after 0 minute(s) and 0 seconds
[2024-09-27 05:23:54.988 +00:00] [INF] [185] Emby.Server.Implementations.ScheduledTasks.TaskManager: "Audio Normalization" Completed after 0 minute(s) and 0 seconds
[2024-09-27 05:23:55.017 +00:00] [INF] [185] Emby.Server.Implementations.ScheduledTasks.TaskManager: "Clean Log Directory" Completed after 0 minute(s) and 0 seconds
[2024-09-27 05:23:55.044 +00:00] [INF] [185] Emby.Server.Implementations.ScheduledTasks.TaskManager: "Clean Transcode Directory" Completed after 0 minute(s) and 0 seconds
[2024-09-27 05:23:55.075 +00:00] [INF] [185] Emby.Server.Implementations.ScheduledTasks.TaskManager: "Clean Cache Directory" Completed after 0 minute(s) and 0 seconds
[2024-09-27 05:23:55.104 +00:00] [INF] [185] Emby.Server.Implementations.ScheduledTasks.TaskManager: "TasksRefreshChannels" Completed after 0 minute(s) and 0 seconds
[2024-09-27 05:23:56.616 +00:00] [INF] [208] Emby.Server.Implementations.ScheduledTasks.Tasks.OptimizeDatabaseTask: Optimizing and vacuuming jellyfin.db...
[2024-09-27 05:23:56.652 +00:00] [INF] [208] Emby.Server.Implementations.ScheduledTasks.Tasks.OptimizeDatabaseTask: jellyfin.db optimized successfully!
[2024-09-27 05:23:56.653 +00:00] [INF] [208] Emby.Server.Implementations.ScheduledTasks.TaskManager: "Optimize database" Completed after 0 minute(s) and 0 seconds
[2024-09-27 05:25:50.436 +00:00] [INF] [218] Emby.Server.Implementations.Session.SessionWebSocketListener: Sending ForceKeepAlive message to 1 inactive WebSockets.
[2024-09-27 05:28:38.435 +00:00] [INF] [47] Emby.Server.Implementations.Session.SessionWebSocketListener: Sending ForceKeepAlive message to 1 inactive WebSockets.
[2024-09-27 05:31:26.437 +00:00] [INF] [95] Emby.Server.Implementations.Session.SessionWebSocketListener: Sending ForceKeepAlive message to 1 inactive WebSockets.
[2024-09-27 05:34:50.436 +00:00] [INF] [22] Emby.Server.Implementations.Session.SessionWebSocketListener: Sending ForceKeepAlive message to 1 inactive WebSockets.
[2024-09-27 05:37:38.436 +00:00] [INF] [21] Emby.Server.Implementations.Session.SessionWebSocketListener: Sending ForceKeepAlive message to 1 inactive WebSockets.
[2024-09-27 05:40:26.436 +00:00] [INF] [111] Emby.Server.Implementations.Session.SessionWebSocketListener: Sending ForceKeepAlive message to 1 inactive WebSockets.
[2024-09-27 05:43:50.436 +00:00] [INF] [117] Emby.Server.Implementations.Session.SessionWebSocketListener: Sending ForceKeepAlive message to 1 inactive WebSockets.
[2024-09-27 05:46:38.436 +00:00] [INF] [193] Emby.Server.Implementations.Session.SessionWebSocketListener: Sending ForceKeepAlive message to 1 inactive WebSockets.
[2024-09-27 05:49:26.437 +00:00] [INF] [68] Emby.Server.Implementations.Session.SessionWebSocketListener: Sending ForceKeepAlive message to 1 inactive WebSockets.
[2024-09-27 05:52:50.436 +00:00] [INF] [35] Emby.Server.Implementations.Session.SessionWebSocketListener: Sending ForceKeepAlive message to 1 inactive WebSockets.
[2024-09-27 05:55:38.436 +00:00] [INF] [45] Emby.Server.Implementations.Session.SessionWebSocketListener: Sending ForceKeepAlive message to 1 inactive WebSockets.
[2024-09-27 05:58:26.436 +00:00] [INF] [68] Emby.Server.Implementations.Session.SessionWebSocketListener: Sending ForceKeepAlive message to 1 inactive WebSockets.
[2024-09-27 06:01:50.435 +00:00] [INF] [70] Emby.Server.Implementations.Session.SessionWebSocketListener: Sending ForceKeepAlive message to 1 inactive WebSockets.
[2024-09-27 06:04:38.436 +00:00] [INF] [125] Emby.Server.Implementations.Session.SessionWebSocketListener: Sending ForceKeepAlive message to 1 inactive WebSockets.
[2024-09-27 06:07:26.436 +00:00] [INF] [111] Emby.Server.Implementations.Session.SessionWebSocketListener: Sending ForceKeepAlive message to 1 inactive WebSockets.
[2024-09-27 06:10:50.436 +00:00] [INF] [139] Emby.Server.Implementations.Session.SessionWebSocketListener: Sending ForceKeepAlive message to 1 inactive WebSockets.
[2024-09-27 06:13:38.436 +00:00] [INF] [157] Emby.Server.Implementations.Session.SessionWebSocketListener: Sending ForceKeepAlive message to 1 inactive WebSockets.
[2024-09-27 06:16:26.437 +00:00] [INF] [183] Emby.Server.Implementations.Session.SessionWebSocketListener: Sending ForceKeepAlive message to 1 inactive WebSockets.
[2024-09-27 06:19:50.436 +00:00] [INF] [234] Emby.Server.Implementations.Session.SessionWebSocketListener: Sending ForceKeepAlive message to 1 inactive WebSockets.
[2024-09-27 06:22:38.436 +00:00] [INF] [143] Emby.Server.Implementations.Session.SessionWebSocketListener: Sending ForceKeepAlive message to 1 inactive WebSockets.
[2024-09-27 06:24:10.026 +00:00] [INF] [143] Jellyfin.LiveTv.Guide.GuideManager: Refreshing guide with 7 days of guide data
[2024-09-27 06:24:10.028 +00:00] [INF] [143] Emby.Server.Implementations.ScheduledTasks.TaskManager: "Refresh Guide" Completed after 0 minute(s) and 3 seconds
[2024-09-27 06:25:26.436 +00:00] [INF] [79] Emby.Server.Implementations.Session.SessionWebSocketListener: Sending ForceKeepAlive message to 1 inactive WebSockets.
[2024-09-27 06:28:50.435 +00:00] [INF] [129] Emby.Server.Implementations.Session.SessionWebSocketListener: Sending ForceKeepAlive message to 1 inactive WebSockets.
[2024-09-27 06:31:38.436 +00:00] [INF] [151] Emby.Server.Implementations.Session.SessionWebSocketListener: Sending ForceKeepAlive message to 1 inactive WebSockets.
[2024-09-27 06:34:26.435 +00:00] [INF] [136] Emby.Server.Implementations.Session.SessionWebSocketListener: Sending ForceKeepAlive message to 1 inactive WebSockets.
[2024-09-27 06:37:50.435 +00:00] [INF] [63] Emby.Server.Implementations.Session.SessionWebSocketListener: Sending ForceKeepAlive message to 1 inactive WebSockets.
[2024-09-27 06:40:38.436 +00:00] [INF] [139] Emby.Server.Implementations.Session.SessionWebSocketListener: Sending ForceKeepAlive message to 1 inactive WebSockets.
[2024-09-27 06:43:26.436 +00:00] [INF] [144] Emby.Server.Implementations.Session.SessionWebSocketListener: Sending ForceKeepAlive message to 1 inactive WebSockets.
[2024-09-27 06:46:50.436 +00:00] [INF] [189] Emby.Server.Implementations.Session.SessionWebSocketListener: Sending ForceKeepAlive message to 1 inactive WebSockets.
[2024-09-27 06:49:38.436 +00:00] [INF] [93] Emby.Server.Implementations.Session.SessionWebSocketListener: Sending ForceKeepAlive message to 1 inactive WebSockets.
[2024-09-27 06:52:26.435 +00:00] [INF] [61] Emby.Server.Implementations.Session.SessionWebSocketListener: Sending ForceKeepAlive message to 1 inactive WebSockets.
[2024-09-27 06:55:50.436 +00:00] [INF] [35] Emby.Server.Implementations.Session.SessionWebSocketListener: Sending ForceKeepAlive message to 1 inactive WebSockets.
[2024-09-27 06:58:38.436 +00:00] [INF] [220] Emby.Server.Implementations.Session.SessionWebSocketListener: Sending ForceKeepAlive message to 1 inactive WebSockets.
[2024-09-27 07:01:26.436 +00:00] [INF] [117] Emby.Server.Implementations.Session.SessionWebSocketListener: Sending ForceKeepAlive message to 1 inactive WebSockets.
[2024-09-27 07:04:50.435 +00:00] [INF] [21] Emby.Server.Implementations.Session.SessionWebSocketListener: Sending ForceKeepAlive message to 1 inactive WebSockets.
[2024-09-27 07:07:38.436 +00:00] [INF] [81] Emby.Server.Implementations.Session.SessionWebSocketListener: Sending ForceKeepAlive message to 1 inactive WebSockets.
[2024-09-27 07:10:26.435 +00:00] [INF] [141] Emby.Server.Implementations.Session.SessionWebSocketListener: Sending ForceKeepAlive message to 1 inactive WebSockets.
[2024-09-27 07:13:50.436 +00:00] [INF] [131] Emby.Server.Implementations.Session.SessionWebSocketListener: Sending ForceKeepAlive message to 1 inactive WebSockets.
[2024-09-27 07:16:38.436 +00:00] [INF] [218] Emby.Server.Implementations.Session.SessionWebSocketListener: Sending ForceKeepAlive message to 1 inactive WebSockets.
[2024-09-27 07:19:26.436 +00:00] [INF] [33] Emby.Server.Implementations.Session.SessionWebSocketListener: Sending ForceKeepAlive message to 1 inactive WebSockets.
[2024-09-27 07:22:50.436 +00:00] [INF] [132] Emby.Server.Implementations.Session.SessionWebSocketListener: Sending ForceKeepAlive message to 1 inactive WebSockets.
[2024-09-27 07:25:38.436 +00:00] [INF] [202] Emby.Server.Implementations.Session.SessionWebSocketListener: Sending ForceKeepAlive message to 1 inactive WebSockets.
[2024-09-27 07:28:26.436 +00:00] [INF] [192] Emby.Server.Implementations.Session.SessionWebSocketListener: Sending ForceKeepAlive message to 1 inactive WebSockets.
[2024-09-27 07:31:50.436 +00:00] [INF] [20] Emby.Server.Implementations.Session.SessionWebSocketListener: Sending ForceKeepAlive message to 1 inactive WebSockets.
[2024-09-27 07:34:38.436 +00:00] [INF] [154] Emby.Server.Implementations.Session.SessionWebSocketListener: Sending ForceKeepAlive message to 1 inactive WebSockets.
[2024-09-27 07:37:26.435 +00:00] [INF] [150] Emby.Server.Implementations.Session.SessionWebSocketListener: Sending ForceKeepAlive message to 1 inactive WebSockets.
[2024-09-27 07:40:50.436 +00:00] [INF] [159] Emby.Server.Implementations.Session.SessionWebSocketListener: Sending ForceKeepAlive message to 1 inactive WebSockets.
[2024-09-27 07:43:38.437 +00:00] [INF] [222] Emby.Server.Implementations.Session.SessionWebSocketListener: Sending ForceKeepAlive message to 1 inactive WebSockets.
[2024-09-27 07:46:26.436 +00:00] [INF] [150] Emby.Server.Implementations.Session.SessionWebSocketListener: Sending ForceKeepAlive message to 1 inactive WebSockets.
[2024-09-27 07:49:50.436 +00:00] [INF] [184] Emby.Server.Implementations.Session.SessionWebSocketListener: Sending ForceKeepAlive message to 1 inactive WebSockets.
[2024-09-27 07:52:38.436 +00:00] [INF] [102] Emby.Server.Implementations.Session.SessionWebSocketListener: Sending ForceKeepAlive message to 1 inactive WebSockets.
[2024-09-27 07:55:26.436 +00:00] [INF] [119] Emby.Server.Implementations.Session.SessionWebSocketListener: Sending ForceKeepAlive message to 1 inactive WebSockets.
[2024-09-27 07:58:50.436 +00:00] [INF] [130] Emby.Server.Implementations.Session.SessionWebSocketListener: Sending ForceKeepAlive message to 1 inactive WebSockets.
[2024-09-27 08:01:38.436 +00:00] [INF] [56] Emby.Server.Implementations.Session.SessionWebSocketListener: Sending ForceKeepAlive message to 1 inactive WebSockets.
[2024-09-27 08:04:26.435 +00:00] [INF] [213] Emby.Server.Implementations.Session.SessionWebSocketListener: Sending ForceKeepAlive message to 1 inactive WebSockets.
[2024-09-27 08:07:50.436 +00:00] [INF] [107] Emby.Server.Implementations.Session.SessionWebSocketListener: Sending ForceKeepAlive message to 1 inactive WebSockets.
[2024-09-27 08:10:38.436 +00:00] [INF] [33] Emby.Server.Implementations.Session.SessionWebSocketListener: Sending ForceKeepAlive message to 1 inactive WebSockets.
[2024-09-27 08:13:26.437 +00:00] [INF] [187] Emby.Server.Implementations.Session.SessionWebSocketListener: Sending ForceKeepAlive message to 1 inactive WebSockets.
[2024-09-27 08:16:50.437 +00:00] [INF] [187] Emby.Server.Implementations.Session.SessionWebSocketListener: Sending ForceKeepAlive message to 1 inactive WebSockets.
[2024-09-27 08:19:38.436 +00:00] [INF] [155] Emby.Server.Implementations.Session.SessionWebSocketListener: Sending ForceKeepAlive message to 1 inactive WebSockets.
[2024-09-27 08:22:26.436 +00:00] [INF] [90] Emby.Server.Implementations.Session.SessionWebSocketListener: Sending ForceKeepAlive message to 1 inactive WebSockets.
[2024-09-27 08:25:50.436 +00:00] [INF] [137] Emby.Server.Implementations.Session.SessionWebSocketListener: Sending ForceKeepAlive message to 1 inactive WebSockets.
[2024-09-27 08:28:38.436 +00:00] [INF] [137] Emby.Server.Implementations.Session.SessionWebSocketListener: Sending ForceKeepAlive message to 1 inactive WebSockets.
[2024-09-27 08:31:26.436 +00:00] [INF] [119] Emby.Server.Implementations.Session.SessionWebSocketListener: Sending ForceKeepAlive message to 1 inactive WebSockets.
[2024-09-27 08:34:50.435 +00:00] [INF] [119] Emby.Server.Implementations.Session.SessionWebSocketListener: Sending ForceKeepAlive message to 1 inactive WebSockets.
[2024-09-27 08:37:38.436 +00:00] [INF] [34] Emby.Server.Implementations.Session.SessionWebSocketListener: Sending ForceKeepAlive message to 1 inactive WebSockets.
[2024-09-27 08:40:26.436 +00:00] [INF] [116] Emby.Server.Implementations.Session.SessionWebSocketListener: Sending ForceKeepAlive message to 1 inactive WebSockets.
[2024-09-27 08:43:50.436 +00:00] [INF] [150] Emby.Server.Implementations.Session.SessionWebSocketListener: Sending ForceKeepAlive message to 1 inactive WebSockets.
[2024-09-27 08:46:38.436 +00:00] [INF] [159] Emby.Server.Implementations.Session.SessionWebSocketListener: Sending ForceKeepAlive message to 1 inactive WebSockets.
[2024-09-27 08:49:26.436 +00:00] [INF] [32] Emby.Server.Implementations.Session.SessionWebSocketListener: Sending ForceKeepAlive message to 1 inactive WebSockets.
[2024-09-27 08:52:50.436 +00:00] [INF] [150] Emby.Server.Implementations.Session.SessionWebSocketListener: Sending ForceKeepAlive message to 1 inactive WebSockets.
[2024-09-27 08:55:38.436 +00:00] [INF] [75] Emby.Server.Implementations.Session.SessionWebSocketListener: Sending ForceKeepAlive message to 1 inactive WebSockets.
[2024-09-27 08:58:26.435 +00:00] [INF] [201] Emby.Server.Implementations.Session.SessionWebSocketListener: Sending ForceKeepAlive message to 1 inactive WebSockets.
[2024-09-27 09:01:50.437 +00:00] [INF] [28] Emby.Server.Implementations.Session.SessionWebSocketListener: Sending ForceKeepAlive message to 1 inactive WebSockets.
[2024-09-27 09:04:38.436 +00:00] [INF] [67] Emby.Server.Implementations.Session.SessionWebSocketListener: Sending ForceKeepAlive message to 1 inactive WebSockets.
[2024-09-27 09:07:26.436 +00:00] [INF] [160] Emby.Server.Implementations.Session.SessionWebSocketListener: Sending ForceKeepAlive message to 1 inactive WebSockets.
[2024-09-27 09:10:50.436 +00:00] [INF] [176] Emby.Server.Implementations.Session.SessionWebSocketListener: Sending ForceKeepAlive message to 1 inactive WebSockets.
[2024-09-27 09:11:08.346 +00:00] [INF] [137] Emby.Server.Implementations.IO.LibraryMonitor: Stopping directory watching for path "/media"
[2024-09-27 09:11:08.346 +00:00] [INF] [137] Emby.Server.Implementations.IO.LibraryMonitor: Stopping directory watching for path "/media2"
[2024-09-27 09:11:08.346 +00:00] [INF] [137] Emby.Server.Implementations.Library.LibraryManager: Validating media library
[2024-09-27 09:11:08.351 +00:00] [WRN] [137] MediaBrowser.Controller.Entities.BaseItem: Library folder "/config/data/playlists" is inaccessible or empty, skipping
[2024-09-27 09:11:08.357 +00:00] [WRN] [137] MediaBrowser.Controller.Entities.BaseItem: Library folder "/config/data/playlists" is inaccessible or empty, skipping
[2024-09-27 09:11:08.362 +00:00] [INF] [185] Emby.Server.Implementations.ScheduledTasks.TaskManager: "Scan Media Library" Completed after 0 minute(s) and 0 seconds
[2024-09-27 09:11:08.363 +00:00] [INF] [137] Emby.Server.Implementations.IO.LibraryMonitor: Watching directory "/media2"
[2024-09-27 09:11:08.397 +00:00] [INF] [57] Emby.Server.Implementations.IO.LibraryMonitor: Watching directory "/media"
[2024-09-27 09:13:38.436 +00:00] [INF] [65] Emby.Server.Implementations.Session.SessionWebSocketListener: Sending ForceKeepAlive message to 1 inactive WebSockets.
[2024-09-27 09:16:26.436 +00:00] [INF] [120] Emby.Server.Implementations.Session.SessionWebSocketListener: Sending ForceKeepAlive message to 1 inactive WebSockets.
[2024-09-27 09:17:40.700 +00:00] [INF] [28] Emby.Server.Implementations.ScheduledTasks.TaskManager: "Update Plugins" Completed after 0 minute(s) and 3 seconds
[2024-09-27 09:19:50.436 +00:00] [INF] [153] Emby.Server.Implementations.Session.SessionWebSocketListener: Sending ForceKeepAlive message to 1 inactive WebSockets.
[2024-09-27 09:22:38.436 +00:00] [INF] [8] Emby.Server.Implementations.Session.SessionWebSocketListener: Sending ForceKeepAlive message to 1 inactive WebSockets.
[2024-09-27 09:25:26.435 +00:00] [INF] [134] Emby.Server.Implementations.Session.SessionWebSocketListener: Sending ForceKeepAlive message to 1 inactive WebSockets.
[2024-09-27 09:28:50.436 +00:00] [INF] [42] Emby.Server.Implementations.Session.SessionWebSocketListener: Sending ForceKeepAlive message to 1 inactive WebSockets.
[2024-09-27 09:31:38.437 +00:00] [INF] [96] Emby.Server.Implementations.Session.SessionWebSocketListener: Sending ForceKeepAlive message to 1 inactive WebSockets.
[2024-09-27 09:34:26.436 +00:00] [INF] [29] Emby.Server.Implementations.Session.SessionWebSocketListener: Sending ForceKeepAlive message to 1 inactive WebSockets.
[2024-09-27 09:37:50.435 +00:00] [INF] [79] Emby.Server.Implementations.Session.SessionWebSocketListener: Sending ForceKeepAlive message to 1 inactive WebSockets.
[2024-09-27 09:40:38.436 +00:00] [INF] [138] Emby.Server.Implementations.Session.SessionWebSocketListener: Sending ForceKeepAlive message to 1 inactive WebSockets.
[2024-09-27 09:43:26.436 +00:00] [INF] [60] Emby.Server.Implementations.Session.SessionWebSocketListener: Sending ForceKeepAlive message to 1 inactive WebSockets.
[2024-09-27 09:46:50.435 +00:00] [INF] [136] Emby.Server.Implementations.Session.SessionWebSocketListener: Sending ForceKeepAlive message to 1 inactive WebSockets.
[2024-09-27 09:49:38.436 +00:00] [INF] [131] Emby.Server.Implementations.Session.SessionWebSocketListener: Sending ForceKeepAlive message to 1 inactive WebSockets.
[2024-09-27 09:52:26.436 +00:00] [INF] [212] Emby.Server.Implementations.Session.SessionWebSocketListener: Sending ForceKeepAlive message to 1 inactive WebSockets.
[2024-09-27 09:55:50.435 +00:00] [INF] [30] Emby.Server.Implementations.Session.SessionWebSocketListener: Sending ForceKeepAlive message to 1 inactive WebSockets.
[2024-09-27 09:58:38.436 +00:00] [INF] [94] Emby.Server.Implementations.Session.SessionWebSocketListener: Sending ForceKeepAlive message to 1 inactive WebSockets.
[2024-09-27 10:01:26.436 +00:00] [INF] [76] Emby.Server.Implementations.Session.SessionWebSocketListener: Sending ForceKeepAlive message to 1 inactive WebSockets.
[2024-09-27 10:04:50.436 +00:00] [INF] [191] Emby.Server.Implementations.Session.SessionWebSocketListener: Sending ForceKeepAlive message to 1 inactive WebSockets.
[2024-09-27 10:07:38.437 +00:00] [INF] [75] Emby.Server.Implementations.Session.SessionWebSocketListener: Sending ForceKeepAlive message to 1 inactive WebSockets.
[2024-09-27 10:10:26.436 +00:00] [INF] [154] Emby.Server.Implementations.Session.SessionWebSocketListener: Sending ForceKeepAlive message to 1 inactive WebSockets.
[2024-09-27 10:13:50.436 +00:00] [INF] [198] Emby.Server.Implementations.Session.SessionWebSocketListener: Sending ForceKeepAlive message to 1 inactive WebSockets.
[2024-09-27 10:16:38.436 +00:00] [INF] [202] Emby.Server.Implementations.Session.SessionWebSocketListener: Sending ForceKeepAlive message to 1 inactive WebSockets.
[2024-09-27 10:19:26.436 +00:00] [INF] [213] Emby.Server.Implementations.Session.SessionWebSocketListener: Sending ForceKeepAlive message to 1 inactive WebSockets.
[2024-09-27 10:22:50.436 +00:00] [INF] [207] Emby.Server.Implementations.Session.SessionWebSocketListener: Sending ForceKeepAlive message to 1 inactive WebSockets.
[2024-09-27 10:25:38.436 +00:00] [INF] [99] Emby.Server.Implementations.Session.SessionWebSocketListener: Sending ForceKeepAlive message to 1 inactive WebSockets.
[2024-09-27 10:28:26.436 +00:00] [INF] [118] Emby.Server.Implementations.Session.SessionWebSocketListener: Sending ForceKeepAlive message to 1 inactive WebSockets.
[2024-09-27 10:31:50.437 +00:00] [INF] [239] Emby.Server.Implementations.Session.SessionWebSocketListener: Sending ForceKeepAlive message to 1 inactive WebSockets.
[2024-09-27 10:34:38.435 +00:00] [INF] [125] Emby.Server.Implementations.Session.SessionWebSocketListener: Sending ForceKeepAlive message to 1 inactive WebSockets.
[2024-09-27 10:37:26.435 +00:00] [INF] [117] Emby.Server.Implementations.Session.SessionWebSocketListener: Sending ForceKeepAlive message to 1 inactive WebSockets.
[2024-09-27 10:40:50.435 +00:00] [INF] [18] Emby.Server.Implementations.Session.SessionWebSocketListener: Sending ForceKeepAlive message to 1 inactive WebSockets.
[2024-09-27 10:43:38.436 +00:00] [INF] [178] Emby.Server.Implementations.Session.SessionWebSocketListener: Sending ForceKeepAlive message to 1 inactive WebSockets.
[2024-09-27 10:46:26.436 +00:00] [INF] [108] Emby.Server.Implementations.Session.SessionWebSocketListener: Sending ForceKeepAlive message to 1 inactive WebSockets.
[2024-09-27 10:49:50.436 +00:00] [INF] [204] Emby.Server.Implementations.Session.SessionWebSocketListener: Sending ForceKeepAlive message to 1 inactive WebSockets.
[2024-09-27 10:52:38.436 +00:00] [INF] [126] Emby.Server.Implementations.Session.SessionWebSocketListener: Sending ForceKeepAlive message to 1 inactive WebSockets.
[2024-09-27 10:55:26.435 +00:00] [INF] [199] Emby.Server.Implementations.Session.SessionWebSocketListener: Sending ForceKeepAlive message to 1 inactive WebSockets.
[2024-09-27 10:58:50.436 +00:00] [INF] [162] Emby.Server.Implementations.Session.SessionWebSocketListener: Sending ForceKeepAlive message to 1 inactive WebSockets.
[2024-09-27 11:01:38.436 +00:00] [INF] [63] Emby.Server.Implementations.Session.SessionWebSocketListener: Sending ForceKeepAlive message to 1 inactive WebSockets.
[2024-09-27 11:04:26.437 +00:00] [INF] [95] Emby.Server.Implementations.Session.SessionWebSocketListener: Sending ForceKeepAlive message to 1 inactive WebSockets.
[2024-09-27 11:07:50.436 +00:00] [INF] [31] Emby.Server.Implementations.Session.SessionWebSocketListener: Sending ForceKeepAlive message to 1 inactive WebSockets.
[2024-09-27 11:10:38.436 +00:00] [INF] [134] Emby.Server.Implementations.Session.SessionWebSocketListener: Sending ForceKeepAlive message to 1 inactive WebSockets.
[2024-09-27 11:13:26.435 +00:00] [INF] [154] Emby.Server.Implementations.Session.SessionWebSocketListener: Sending ForceKeepAlive message to 1 inactive WebSockets.
[2024-09-27 11:16:50.436 +00:00] [INF] [217] Emby.Server.Implementations.Session.SessionWebSocketListener: Sending ForceKeepAlive message to 1 inactive WebSockets.
[2024-09-27 11:19:38.436 +00:00] [INF] [76] Emby.Server.Implementations.Session.SessionWebSocketListener: Sending ForceKeepAlive message to 1 inactive WebSockets.
[2024-09-27 11:22:26.436 +00:00] [INF] [33] Emby.Server.Implementations.Session.SessionWebSocketListener: Sending ForceKeepAlive message to 1 inactive WebSockets.
[2024-09-27 11:25:50.436 +00:00] [INF] [143] Emby.Server.Implementations.Session.SessionWebSocketListener: Sending ForceKeepAlive message to 1 inactive WebSockets.
[2024-09-27 11:28:38.436 +00:00] [INF] [218] Emby.Server.Implementations.Session.SessionWebSocketListener: Sending ForceKeepAlive message to 1 inactive WebSockets.
[2024-09-27 11:31:26.437 +00:00] [INF] [142] Emby.Server.Implementations.Session.SessionWebSocketListener: Sending ForceKeepAlive message to 1 inactive WebSockets.
[2024-09-27 11:34:50.435 +00:00] [INF] [30] Emby.Server.Implementations.Session.SessionWebSocketListener: Sending ForceKeepAlive message to 1 inactive WebSockets.
[2024-09-27 11:37:38.436 +00:00] [INF] [129] Emby.Server.Implementations.Session.SessionWebSocketListener: Sending ForceKeepAlive message to 1 inactive WebSockets.
[2024-09-27 11:40:26.436 +00:00] [INF] [92] Emby.Server.Implementations.Session.SessionWebSocketListener: Sending ForceKeepAlive message to 1 inactive WebSockets.
[2024-09-27 11:43:50.437 +00:00] [INF] [217] Emby.Server.Implementations.Session.SessionWebSocketListener: Sending ForceKeepAlive message to 1 inactive WebSockets.
[2024-09-27 11:46:38.437 +00:00] [INF] [217] Emby.Server.Implementations.Session.SessionWebSocketListener: Sending ForceKeepAlive message to 1 inactive WebSockets.
[2024-09-27 11:49:26.436 +00:00] [INF] [27] Emby.Server.Implementations.Session.SessionWebSocketListener: Sending ForceKeepAlive message to 1 inactive WebSockets.
[2024-09-27 11:52:50.436 +00:00] [INF] [198] Emby.Server.Implementations.Session.SessionWebSocketListener: Sending ForceKeepAlive message to 1 inactive WebSockets.
[2024-09-27 11:55:38.436 +00:00] [INF] [185] Emby.Server.Implementations.Session.SessionWebSocketListener: Sending ForceKeepAlive message to 1 inactive WebSockets.
[2024-09-27 11:58:26.436 +00:00] [INF] [213] Emby.Server.Implementations.Session.SessionWebSocketListener: Sending ForceKeepAlive message to 1 inactive WebSockets.
[2024-09-27 12:01:50.435 +00:00] [INF] [157] Emby.Server.Implementations.Session.SessionWebSocketListener: Sending ForceKeepAlive message to 1 inactive WebSockets.
[2024-09-27 12:04:38.435 +00:00] [INF] [157] Emby.Server.Implementations.Session.SessionWebSocketListener: Sending ForceKeepAlive message to 1 inactive WebSockets.
[2024-09-27 12:07:26.436 +00:00] [INF] [145] Emby.Server.Implementations.Session.SessionWebSocketListener: Sending ForceKeepAlive message to 1 inactive WebSockets.
[2024-09-27 12:10:50.435 +00:00] [INF] [126] Emby.Server.Implementations.Session.SessionWebSocketListener: Sending ForceKeepAlive message to 1 inactive WebSockets.
[2024-09-27 12:13:38.436 +00:00] [INF] [37] Emby.Server.Implementations.Session.SessionWebSocketListener: Sending ForceKeepAlive message to 1 inactive WebSockets.
[2024-09-27 12:16:26.436 +00:00] [INF] [70] Emby.Server.Implementations.Session.SessionWebSocketListener: Sending ForceKeepAlive message to 1 inactive WebSockets.
[2024-09-27 12:19:50.436 +00:00] [INF] [193] Emby.Server.Implementations.Session.SessionWebSocketListener: Sending ForceKeepAlive message to 1 inactive WebSockets.
[2024-09-27 12:22:38.436 +00:00] [INF] [182] Emby.Server.Implementations.Session.SessionWebSocketListener: Sending ForceKeepAlive message to 1 inactive WebSockets.
[2024-09-27 12:25:26.436 +00:00] [INF] [108] Emby.Server.Implementations.Session.SessionWebSocketListener: Sending ForceKeepAlive message to 1 inactive WebSockets.
[2024-09-27 12:28:50.435 +00:00] [INF] [93] Emby.Server.Implementations.Session.SessionWebSocketListener: Sending ForceKeepAlive message to 1 inactive WebSockets.
[2024-09-27 12:31:38.436 +00:00] [INF] [237] Emby.Server.Implementations.Session.SessionWebSocketListener: Sending ForceKeepAlive message to 1 inactive WebSockets.
[2024-09-27 12:34:26.436 +00:00] [INF] [209] Emby.Server.Implementations.Session.SessionWebSocketListener: Sending ForceKeepAlive message to 1 inactive WebSockets.
[2024-09-27 12:37:50.436 +00:00] [INF] [111] Emby.Server.Implementations.Session.SessionWebSocketListener: Sending ForceKeepAlive message to 1 inactive WebSockets.
[2024-09-27 12:40:38.436 +00:00] [INF] [19] Emby.Server.Implementations.Session.SessionWebSocketListener: Sending ForceKeepAlive message to 1 inactive WebSockets.
[2024-09-27 12:43:26.436 +00:00] [INF] [81] Emby.Server.Implementations.Session.SessionWebSocketListener: Sending ForceKeepAlive message to 1 inactive WebSockets.
[2024-09-27 12:46:50.435 +00:00] [INF] [99] Emby.Server.Implementations.Session.SessionWebSocketListener: Sending ForceKeepAlive message to 1 inactive WebSockets.
[2024-09-27 12:49:38.436 +00:00] [INF] [157] Emby.Server.Implementations.Session.SessionWebSocketListener: Sending ForceKeepAlive message to 1 inactive WebSockets.
[2024-09-27 12:52:26.435 +00:00] [INF] [153] Emby.Server.Implementations.Session.SessionWebSocketListener: Sending ForceKeepAlive message to 1 inactive WebSockets.
[2024-09-27 12:55:50.436 +00:00] [INF] [213] Emby.Server.Implementations.Session.SessionWebSocketListener: Sending ForceKeepAlive message to 1 inactive WebSockets.
[2024-09-27 12:58:38.436 +00:00] [INF] [135] Emby.Server.Implementations.Session.SessionWebSocketListener: Sending ForceKeepAlive message to 1 inactive WebSockets.
[2024-09-27 13:01:26.436 +00:00] [INF] [133] Emby.Server.Implementations.Session.SessionWebSocketListener: Sending ForceKeepAlive message to 1 inactive WebSockets.
[2024-09-27 13:04:50.436 +00:00] [INF] [63] Emby.Server.Implementations.Session.SessionWebSocketListener: Sending ForceKeepAlive message to 1 inactive WebSockets.
[2024-09-27 13:07:38.435 +00:00] [INF] [141] Emby.Server.Implementations.Session.SessionWebSocketListener: Sending ForceKeepAlive message to 1 inactive WebSockets.
[2024-09-27 13:10:26.436 +00:00] [INF] [22] Emby.Server.Implementations.Session.SessionWebSocketListener: Sending ForceKeepAlive message to 1 inactive WebSockets.
[2024-09-27 13:13:50.436 +00:00] [INF] [19] Emby.Server.Implementations.Session.SessionWebSocketListener: Sending ForceKeepAlive message to 1 inactive WebSockets.
[2024-09-27 13:16:38.436 +00:00] [INF] [152] Emby.Server.Implementations.Session.SessionWebSocketListener: Sending ForceKeepAlive message to 1 inactive WebSockets.
[2024-09-27 13:19:26.436 +00:00] [INF] [37] Emby.Server.Implementations.Session.SessionWebSocketListener: Sending ForceKeepAlive message to 1 inactive WebSockets.
[2024-09-27 13:22:50.435 +00:00] [INF] [220] Emby.Server.Implementations.Session.SessionWebSocketListener: Sending ForceKeepAlive message to 1 inactive WebSockets.
[2024-09-27 13:25:38.435 +00:00] [INF] [18] Emby.Server.Implementations.Session.SessionWebSocketListener: Sending ForceKeepAlive message to 1 inactive WebSockets.
[2024-09-27 13:28:26.436 +00:00] [INF] [68] Emby.Server.Implementations.Session.SessionWebSocketListener: Sending ForceKeepAlive message to 1 inactive WebSockets.
[2024-09-27 13:31:50.437 +00:00] [INF] [182] Emby.Server.Implementations.Session.SessionWebSocketListener: Sending ForceKeepAlive message to 1 inactive WebSockets.
[2024-09-27 13:34:38.436 +00:00] [INF] [220] Emby.Server.Implementations.Session.SessionWebSocketListener: Sending ForceKeepAlive message to 1 inactive WebSockets.
[2024-09-27 13:37:26.436 +00:00] [INF] [204] Emby.Server.Implementations.Session.SessionWebSocketListener: Sending ForceKeepAlive message to 1 inactive WebSockets.
[2024-09-27 13:40:50.435 +00:00] [INF] [111] Emby.Server.Implementations.Session.SessionWebSocketListener: Sending ForceKeepAlive message to 1 inactive WebSockets.
[2024-09-27 13:43:38.435 +00:00] [INF] [144] Emby.Server.Implementations.Session.SessionWebSocketListener: Sending ForceKeepAlive message to 1 inactive WebSockets.
[2024-09-27 13:46:26.435 +00:00] [INF] [99] Emby.Server.Implementations.Session.SessionWebSocketListener: Sending ForceKeepAlive message to 1 inactive WebSockets.
[2024-09-27 13:49:50.436 +00:00] [INF] [52] Emby.Server.Implementations.Session.SessionWebSocketListener: Sending ForceKeepAlive message to 1 inactive WebSockets.
[2024-09-27 13:52:38.436 +00:00] [INF] [67] Emby.Server.Implementations.Session.SessionWebSocketListener: Sending ForceKeepAlive message to 1 inactive WebSockets.
[2024-09-27 13:55:26.437 +00:00] [INF] [202] Emby.Server.Implementations.Session.SessionWebSocketListener: Sending ForceKeepAlive message to 1 inactive WebSockets.
[2024-09-27 13:58:50.436 +00:00] [INF] [123] Emby.Server.Implementations.Session.SessionWebSocketListener: Sending ForceKeepAlive message to 1 inactive WebSockets.
[2024-09-27 14:01:38.435 +00:00] [INF] [184] Emby.Server.Implementations.Session.SessionWebSocketListener: Sending ForceKeepAlive message to 1 inactive WebSockets.
[2024-09-27 14:04:26.435 +00:00] [INF] [75] Emby.Server.Implementations.Session.SessionWebSocketListener: Sending ForceKeepAlive message to 1 inactive WebSockets.
[2024-09-27 14:07:50.436 +00:00] [INF] [29] Emby.Server.Implementations.Session.SessionWebSocketListener: Sending ForceKeepAlive message to 1 inactive WebSockets.
[2024-09-27 14:10:38.436 +00:00] [INF] [186] Emby.Server.Implementations.Session.SessionWebSocketListener: Sending ForceKeepAlive message to 1 inactive WebSockets.
[2024-09-27 14:13:26.436 +00:00] [INF] [76] Emby.Server.Implementations.Session.SessionWebSocketListener: Sending ForceKeepAlive message to 1 inactive WebSockets.
[2024-09-27 14:16:50.437 +00:00] [INF] [148] Emby.Server.Implementations.Session.SessionWebSocketListener: Sending ForceKeepAlive message to 1 inactive WebSockets.
[2024-09-27 14:19:38.435 +00:00] [INF] [85] Emby.Server.Implementations.Session.SessionWebSocketListener: Sending ForceKeepAlive message to 1 inactive WebSockets.
[2024-09-27 14:22:26.436 +00:00] [INF] [170] Emby.Server.Implementations.Session.SessionWebSocketListener: Sending ForceKeepAlive message to 1 inactive WebSockets.
[2024-09-27 14:25:50.436 +00:00] [INF] [60] Emby.Server.Implementations.Session.SessionWebSocketListener: Sending ForceKeepAlive message to 1 inactive WebSockets.
[2024-09-27 14:28:38.436 +00:00] [INF] [97] Emby.Server.Implementations.Session.SessionWebSocketListener: Sending ForceKeepAlive message to 1 inactive WebSockets.
[2024-09-27 14:31:26.436 +00:00] [INF] [76] Emby.Server.Implementations.Session.SessionWebSocketListener: Sending ForceKeepAlive message to 1 inactive WebSockets.
[2024-09-27 14:34:50.436 +00:00] [INF] [226] Emby.Server.Implementations.Session.SessionWebSocketListener: Sending ForceKeepAlive message to 1 inactive WebSockets.
[2024-09-27 14:37:38.436 +00:00] [INF] [116] Emby.Server.Implementations.Session.SessionWebSocketListener: Sending ForceKeepAlive message to 1 inactive WebSockets.
[2024-09-27 14:40:26.436 +00:00] [INF] [75] Emby.Server.Implementations.Session.SessionWebSocketListener: Sending ForceKeepAlive message to 1 inactive WebSockets.
[2024-09-27 14:43:50.436 +00:00] [INF] [20] Emby.Server.Implementations.Session.SessionWebSocketListener: Sending ForceKeepAlive message to 1 inactive WebSockets.
[2024-09-27 14:46:38.437 +00:00] [INF] [88] Emby.Server.Implementations.Session.SessionWebSocketListener: Sending ForceKeepAlive message to 1 inactive WebSockets.
[2024-09-27 14:49:26.436 +00:00] [INF] [31] Emby.Server.Implementations.Session.SessionWebSocketListener: Sending ForceKeepAlive message to 1 inactive WebSockets.
[2024-09-27 14:52:50.436 +00:00] [INF] [67] Emby.Server.Implementations.Session.SessionWebSocketListener: Sending ForceKeepAlive message to 1 inactive WebSockets.
[2024-09-27 14:55:38.436 +00:00] [INF] [207] Emby.Server.Implementations.Session.SessionWebSocketListener: Sending ForceKeepAlive message to 1 inactive WebSockets.
[2024-09-27 14:58:26.435 +00:00] [INF] [24] Emby.Server.Implementations.Session.SessionWebSocketListener: Sending ForceKeepAlive message to 1 inactive WebSockets.
[2024-09-27 15:01:50.436 +00:00] [INF] [239] Emby.Server.Implementations.Session.SessionWebSocketListener: Sending ForceKeepAlive message to 1 inactive WebSockets.
[2024-09-27 15:04:38.436 +00:00] [INF] [189] Emby.Server.Implementations.Session.SessionWebSocketListener: Sending ForceKeepAlive message to 1 inactive WebSockets.
[2024-09-27 15:07:26.436 +00:00] [INF] [209] Emby.Server.Implementations.Session.SessionWebSocketListener: Sending ForceKeepAlive message to 1 inactive WebSockets.
[2024-09-27 15:10:50.436 +00:00] [INF] [178] Emby.Server.Implementations.Session.SessionWebSocketListener: Sending ForceKeepAlive message to 1 inactive WebSockets.
[2024-09-27 15:13:38.436 +00:00] [INF] [124] Emby.Server.Implementations.Session.SessionWebSocketListener: Sending ForceKeepAlive message to 1 inactive WebSockets.
[2024-09-27 15:16:26.436 +00:00] [INF] [18] Emby.Server.Implementations.Session.SessionWebSocketListener: Sending ForceKeepAlive message to 1 inactive WebSockets.
[2024-09-27 15:19:50.436 +00:00] [INF] [175] Emby.Server.Implementations.Session.SessionWebSocketListener: Sending ForceKeepAlive message to 1 inactive WebSockets.
[2024-09-27 15:22:38.435 +00:00] [INF] [37] Emby.Server.Implementations.Session.SessionWebSocketListener: Sending ForceKeepAlive message to 1 inactive WebSockets.
[2024-09-27 15:25:26.436 +00:00] [INF] [144] Emby.Server.Implementations.Session.SessionWebSocketListener: Sending ForceKeepAlive message to 1 inactive WebSockets.
[2024-09-27 15:28:50.436 +00:00] [INF] [81] Emby.Server.Implementations.Session.SessionWebSocketListener: Sending ForceKeepAlive message to 1 inactive WebSockets.
[2024-09-27 15:31:38.435 +00:00] [INF] [47] Emby.Server.Implementations.Session.SessionWebSocketListener: Sending ForceKeepAlive message to 1 inactive WebSockets.
[2024-09-27 15:34:26.436 +00:00] [INF] [119] Emby.Server.Implementations.Session.SessionWebSocketListener: Sending ForceKeepAlive message to 1 inactive WebSockets.
[2024-09-27 15:37:50.436 +00:00] [INF] [202] Emby.Server.Implementations.Session.SessionWebSocketListener: Sending ForceKeepAlive message to 1 inactive WebSockets.
[2024-09-27 15:40:38.435 +00:00] [INF] [176] Emby.Server.Implementations.Session.SessionWebSocketListener: Sending ForceKeepAlive message to 1 inactive WebSockets.
[2024-09-27 15:43:26.435 +00:00] [INF] [55] Emby.Server.Implementations.Session.SessionWebSocketListener: Sending ForceKeepAlive message to 1 inactive WebSockets.
[2024-09-27 15:46:50.436 +00:00] [INF] [73] Emby.Server.Implementations.Session.SessionWebSocketListener: Sending ForceKeepAlive message to 1 inactive WebSockets.
[2024-09-27 15:49:38.436 +00:00] [INF] [32] Emby.Server.Implementations.Session.SessionWebSocketListener: Sending ForceKeepAlive message to 1 inactive WebSockets.
[2024-09-27 15:52:26.436 +00:00] [INF] [224] Emby.Server.Implementations.Session.SessionWebSocketListener: Sending ForceKeepAlive message to 1 inactive WebSockets.
[2024-09-27 15:55:50.435 +00:00] [INF] [41] Emby.Server.Implementations.Session.SessionWebSocketListener: Sending ForceKeepAlive message to 1 inactive WebSockets.
[2024-09-27 15:58:38.436 +00:00] [INF] [138] Emby.Server.Implementations.Session.SessionWebSocketListener: Sending ForceKeepAlive message to 1 inactive WebSockets.
[2024-09-27 16:01:26.436 +00:00] [INF] [143] Emby.Server.Implementations.Session.SessionWebSocketListener: Sending ForceKeepAlive message to 1 inactive WebSockets.
[2024-09-27 16:04:50.436 +00:00] [INF] [127] Emby.Server.Implementations.Session.SessionWebSocketListener: Sending ForceKeepAlive message to 1 inactive WebSockets.
[2024-09-27 16:07:38.436 +00:00] [INF] [112] Emby.Server.Implementations.Session.SessionWebSocketListener: Sending ForceKeepAlive message to 1 inactive WebSockets.
[2024-09-27 16:10:26.436 +00:00] [INF] [41] Emby.Server.Implementations.Session.SessionWebSocketListener: Sending ForceKeepAlive message to 1 inactive WebSockets.
[2024-09-27 16:13:50.435 +00:00] [INF] [179] Emby.Server.Implementations.Session.SessionWebSocketListener: Sending ForceKeepAlive message to 1 inactive WebSockets.
[2024-09-27 16:16:38.436 +00:00] [INF] [150] Emby.Server.Implementations.Session.SessionWebSocketListener: Sending ForceKeepAlive message to 1 inactive WebSockets.
[2024-09-27 16:19:26.436 +00:00] [INF] [42] Emby.Server.Implementations.Session.SessionWebSocketListener: Sending ForceKeepAlive message to 1 inactive WebSockets.
[2024-09-27 16:22:50.436 +00:00] [INF] [57] Emby.Server.Implementations.Session.SessionWebSocketListener: Sending ForceKeepAlive message to 1 inactive WebSockets.
[2024-09-27 16:25:38.436 +00:00] [INF] [123] Emby.Server.Implementations.Session.SessionWebSocketListener: Sending ForceKeepAlive message to 1 inactive WebSockets.
[2024-09-27 16:28:26.436 +00:00] [INF] [130] Emby.Server.Implementations.Session.SessionWebSocketListener: Sending ForceKeepAlive message to 1 inactive WebSockets.
[2024-09-27 16:31:50.435 +00:00] [INF] [194] Emby.Server.Implementations.Session.SessionWebSocketListener: Sending ForceKeepAlive message to 1 inactive WebSockets.
[2024-09-27 16:34:38.436 +00:00] [INF] [63] Emby.Server.Implementations.Session.SessionWebSocketListener: Sending ForceKeepAlive message to 1 inactive WebSockets.
[2024-09-27 16:37:26.436 +00:00] [INF] [99] Emby.Server.Implementations.Session.SessionWebSocketListener: Sending ForceKeepAlive message to 1 inactive WebSockets.
[2024-09-27 16:40:50.436 +00:00] [INF] [139] Emby.Server.Implementations.Session.SessionWebSocketListener: Sending ForceKeepAlive message to 1 inactive WebSockets.
[2024-09-27 16:43:38.436 +00:00] [INF] [173] Emby.Server.Implementations.Session.SessionWebSocketListener: Sending ForceKeepAlive message to 1 inactive WebSockets.
[2024-09-27 16:46:26.435 +00:00] [INF] [144] Emby.Server.Implementations.Session.SessionWebSocketListener: Sending ForceKeepAlive message to 1 inactive WebSockets.
[2024-09-27 16:49:50.436 +00:00] [INF] [125] Emby.Server.Implementations.Session.SessionWebSocketListener: Sending ForceKeepAlive message to 1 inactive WebSockets.
[2024-09-27 16:52:38.435 +00:00] [INF] [189] Emby.Server.Implementations.Session.SessionWebSocketListener: Sending ForceKeepAlive message to 1 inactive WebSockets.
[2024-09-27 16:55:26.436 +00:00] [INF] [93] Emby.Server.Implementations.Session.SessionWebSocketListener: Sending ForceKeepAlive message to 1 inactive WebSockets.
[2024-09-27 16:58:50.436 +00:00] [INF] [18] Emby.Server.Implementations.Session.SessionWebSocketListener: Sending ForceKeepAlive message to 1 inactive WebSockets.
[2024-09-27 17:01:38.436 +00:00] [INF] [182] Emby.Server.Implementations.Session.SessionWebSocketListener: Sending ForceKeepAlive message to 1 inactive WebSockets.
[2024-09-27 17:04:26.436 +00:00] [INF] [93] Emby.Server.Implementations.Session.SessionWebSocketListener: Sending ForceKeepAlive message to 1 inactive WebSockets.
[2024-09-27 17:07:50.437 +00:00] [INF] [175] Emby.Server.Implementations.Session.SessionWebSocketListener: Sending ForceKeepAlive message to 1 inactive WebSockets.
[2024-09-27 17:10:38.436 +00:00] [INF] [77] Emby.Server.Implementations.Session.SessionWebSocketListener: Sending ForceKeepAlive message to 1 inactive WebSockets.
[2024-09-27 17:13:26.435 +00:00] [INF] [125] Emby.Server.Implementations.Session.SessionWebSocketListener: Sending ForceKeepAlive message to 1 inactive WebSockets.
[2024-09-27 17:16:50.436 +00:00] [INF] [239] Emby.Server.Implementations.Session.SessionWebSocketListener: Sending ForceKeepAlive message to 1 inactive WebSockets.
[2024-09-27 17:19:38.435 +00:00] [INF] [118] Emby.Server.Implementations.Session.SessionWebSocketListener: Sending ForceKeepAlive message to 1 inactive WebSockets.
[2024-09-27 17:22:26.436 +00:00] [INF] [47] Emby.Server.Implementations.Session.SessionWebSocketListener: Sending ForceKeepAlive message to 1 inactive WebSockets.
[2024-09-27 17:25:50.436 +00:00] [INF] [153] Emby.Server.Implementations.Session.SessionWebSocketListener: Sending ForceKeepAlive message to 1 inactive WebSockets.
[2024-09-27 17:28:38.436 +00:00] [INF] [213] Emby.Server.Implementations.Session.SessionWebSocketListener: Sending ForceKeepAlive message to 1 inactive WebSockets.
[2024-09-27 17:31:26.436 +00:00] [INF] [65] Emby.Server.Implementations.Session.SessionWebSocketListener: Sending ForceKeepAlive message to 1 inactive WebSockets.
[2024-09-27 17:34:50.437 +00:00] [INF] [137] Emby.Server.Implementations.Session.SessionWebSocketListener: Sending ForceKeepAlive message to 1 inactive WebSockets.
[2024-09-27 17:37:38.435 +00:00] [INF] [176] Emby.Server.Implementations.Session.SessionWebSocketListener: Sending ForceKeepAlive message to 1 inactive WebSockets.
[2024-09-27 17:40:26.435 +00:00] [INF] [27] Emby.Server.Implementations.Session.SessionWebSocketListener: Sending ForceKeepAlive message to 1 inactive WebSockets.
[2024-09-27 17:43:50.436 +00:00] [INF] [82] Emby.Server.Implementations.Session.SessionWebSocketListener: Sending ForceKeepAlive message to 1 inactive WebSockets.
[2024-09-27 17:46:38.436 +00:00] [INF] [179] Emby.Server.Implementations.Session.SessionWebSocketListener: Sending ForceKeepAlive message to 1 inactive WebSockets.
[2024-09-27 17:49:26.436 +00:00] [INF] [159] Emby.Server.Implementations.Session.SessionWebSocketListener: Sending ForceKeepAlive message to 1 inactive WebSockets.
[2024-09-27 17:52:50.437 +00:00] [INF] [155] Emby.Server.Implementations.Session.SessionWebSocketListener: Sending ForceKeepAlive message to 1 inactive WebSockets.
[2024-09-27 17:55:38.436 +00:00] [INF] [138] Emby.Server.Implementations.Session.SessionWebSocketListener: Sending ForceKeepAlive message to 1 inactive WebSockets.
[2024-09-27 17:58:26.436 +00:00] [INF] [138] Emby.Server.Implementations.Session.SessionWebSocketListener: Sending ForceKeepAlive message to 1 inactive WebSockets.
[2024-09-27 18:01:50.436 +00:00] [INF] [85] Emby.Server.Implementations.Session.SessionWebSocketListener: Sending ForceKeepAlive message to 1 inactive WebSockets.
[2024-09-27 18:04:38.437 +00:00] [INF] [129] Emby.Server.Implementations.Session.SessionWebSocketListener: Sending ForceKeepAlive message to 1 inactive WebSockets.
[2024-09-27 18:07:26.436 +00:00] [INF] [76] Emby.Server.Implementations.Session.SessionWebSocketListener: Sending ForceKeepAlive message to 1 inactive WebSockets.
[2024-09-27 18:10:50.436 +00:00] [INF] [226] Emby.Server.Implementations.Session.SessionWebSocketListener: Sending ForceKeepAlive message to 1 inactive WebSockets.
[2024-09-27 18:13:38.436 +00:00] [INF] [91] Emby.Server.Implementations.Session.SessionWebSocketListener: Sending ForceKeepAlive message to 1 inactive WebSockets.
[2024-09-27 18:16:26.436 +00:00] [INF] [75] Emby.Server.Implementations.Session.SessionWebSocketListener: Sending ForceKeepAlive message to 1 inactive WebSockets.
[2024-09-27 18:19:50.437 +00:00] [INF] [57] Emby.Server.Implementations.Session.SessionWebSocketListener: Sending ForceKeepAlive message to 1 inactive WebSockets.
[2024-09-27 18:22:38.436 +00:00] [INF] [88] Emby.Server.Implementations.Session.SessionWebSocketListener: Sending ForceKeepAlive message to 1 inactive WebSockets.
[2024-09-27 18:25:26.435 +00:00] [INF] [135] Emby.Server.Implementations.Session.SessionWebSocketListener: Sending ForceKeepAlive message to 1 inactive WebSockets.
[2024-09-27 18:28:50.435 +00:00] [INF] [119] Emby.Server.Implementations.Session.SessionWebSocketListener: Sending ForceKeepAlive message to 1 inactive WebSockets.
[2024-09-27 18:31:38.436 +00:00] [INF] [183] Emby.Server.Implementations.Session.SessionWebSocketListener: Sending ForceKeepAlive message to 1 inactive WebSockets.
[2024-09-27 18:34:26.436 +00:00] [INF] [162] Emby.Server.Implementations.Session.SessionWebSocketListener: Sending ForceKeepAlive message to 1 inactive WebSockets.
[2024-09-27 18:37:50.435 +00:00] [INF] [48] Emby.Server.Implementations.Session.SessionWebSocketListener: Sending ForceKeepAlive message to 1 inactive WebSockets.
[2024-09-27 18:40:38.436 +00:00] [INF] [111] Emby.Server.Implementations.Session.SessionWebSocketListener: Sending ForceKeepAlive message to 1 inactive WebSockets.
[2024-09-27 18:43:26.435 +00:00] [INF] [39] Emby.Server.Implementations.Session.SessionWebSocketListener: Sending ForceKeepAlive message to 1 inactive WebSockets.
[2024-09-27 18:46:50.436 +00:00] [INF] [227] Emby.Server.Implementations.Session.SessionWebSocketListener: Sending ForceKeepAlive message to 1 inactive WebSockets.
[2024-09-27 18:49:38.436 +00:00] [INF] [18] Emby.Server.Implementations.Session.SessionWebSocketListener: Sending ForceKeepAlive message to 1 inactive WebSockets.
[2024-09-27 18:52:26.435 +00:00] [INF] [211] Emby.Server.Implementations.Session.SessionWebSocketListener: Sending ForceKeepAlive message to 1 inactive WebSockets.
[2024-09-27 18:55:50.436 +00:00] [INF] [178] Emby.Server.Implementations.Session.SessionWebSocketListener: Sending ForceKeepAlive message to 1 inactive WebSockets.
[2024-09-27 18:58:38.437 +00:00] [INF] [175] Emby.Server.Implementations.Session.SessionWebSocketListener: Sending ForceKeepAlive message to 1 inactive WebSockets.
[2024-09-27 19:01:26.436 +00:00] [INF] [209] Emby.Server.Implementations.Session.SessionWebSocketListener: Sending ForceKeepAlive message to 1 inactive WebSockets.
[2024-09-27 19:04:50.436 +00:00] [INF] [19] Emby.Server.Implementations.Session.SessionWebSocketListener: Sending ForceKeepAlive message to 1 inactive WebSockets.
[2024-09-27 19:07:38.436 +00:00] [INF] [239] Emby.Server.Implementations.Session.SessionWebSocketListener: Sending ForceKeepAlive message to 1 inactive WebSockets.
[2024-09-27 19:10:26.436 +00:00] [INF] [74] Emby.Server.Implementations.Session.SessionWebSocketListener: Sending ForceKeepAlive message to 1 inactive WebSockets.
[2024-09-27 19:13:50.436 +00:00] [INF] [194] Emby.Server.Implementations.Session.SessionWebSocketListener: Sending ForceKeepAlive message to 1 inactive WebSockets.
[2024-09-27 19:16:38.436 +00:00] [INF] [130] Emby.Server.Implementations.Session.SessionWebSocketListener: Sending ForceKeepAlive message to 1 inactive WebSockets.
[2024-09-27 19:19:26.435 +00:00] [INF] [202] Emby.Server.Implementations.Session.SessionWebSocketListener: Sending ForceKeepAlive message to 1 inactive WebSockets.
[2024-09-27 19:22:50.436 +00:00] [INF] [34] Emby.Server.Implementations.Session.SessionWebSocketListener: Sending ForceKeepAlive message to 1 inactive WebSockets.
[2024-09-27 19:25:38.436 +00:00] [INF] [73] Emby.Server.Implementations.Session.SessionWebSocketListener: Sending ForceKeepAlive message to 1 inactive WebSockets.
[2024-09-27 19:28:26.435 +00:00] [INF] [116] Emby.Server.Implementations.Session.SessionWebSocketListener: Sending ForceKeepAlive message to 1 inactive WebSockets.
[2024-09-27 19:31:50.436 +00:00] [INF] [121] Emby.Server.Implementations.Session.SessionWebSocketListener: Sending ForceKeepAlive message to 1 inactive WebSockets.
[2024-09-27 19:34:38.436 +00:00] [INF] [33] Emby.Server.Implementations.Session.SessionWebSocketListener: Sending ForceKeepAlive message to 1 inactive WebSockets.
[2024-09-27 19:37:26.436 +00:00] [INF] [187] Emby.Server.Implementations.Session.SessionWebSocketListener: Sending ForceKeepAlive message to 1 inactive WebSockets.
[2024-09-27 19:40:50.436 +00:00] [INF] [235] Emby.Server.Implementations.Session.SessionWebSocketListener: Sending ForceKeepAlive message to 1 inactive WebSockets.
[2024-09-27 19:43:38.436 +00:00] [INF] [30] Emby.Server.Implementations.Session.SessionWebSocketListener: Sending ForceKeepAlive message to 1 inactive WebSockets.
[2024-09-27 19:46:26.436 +00:00] [INF] [187] Emby.Server.Implementations.Session.SessionWebSocketListener: Sending ForceKeepAlive message to 1 inactive WebSockets.
[2024-09-27 19:49:50.437 +00:00] [INF] [224] Emby.Server.Implementations.Session.SessionWebSocketListener: Sending ForceKeepAlive message to 1 inactive WebSockets.
[2024-09-27 19:52:38.436 +00:00] [INF] [32] Emby.Server.Implementations.Session.SessionWebSocketListener: Sending ForceKeepAlive message to 1 inactive WebSockets.
[2024-09-27 19:55:26.436 +00:00] [INF] [150] Emby.Server.Implementations.Session.SessionWebSocketListener: Sending ForceKeepAlive message to 1 inactive WebSockets.
[2024-09-27 19:58:50.437 +00:00] [INF] [57] Emby.Server.Implementations.Session.SessionWebSocketListener: Sending ForceKeepAlive message to 1 inactive WebSockets.
[2024-09-27 20:01:38.436 +00:00] [INF] [88] Emby.Server.Implementations.Session.SessionWebSocketListener: Sending ForceKeepAlive message to 1 inactive WebSockets.
[2024-09-27 20:04:26.436 +00:00] [INF] [8] Emby.Server.Implementations.Session.SessionWebSocketListener: Sending ForceKeepAlive message to 1 inactive WebSockets.
[2024-09-27 20:07:50.436 +00:00] [INF] [119] Emby.Server.Implementations.Session.SessionWebSocketListener: Sending ForceKeepAlive message to 1 inactive WebSockets.
[2024-09-27 20:10:38.436 +00:00] [INF] [28] Emby.Server.Implementations.Session.SessionWebSocketListener: Sending ForceKeepAlive message to 1 inactive WebSockets.
[2024-09-27 20:13:26.436 +00:00] [INF] [99] Emby.Server.Implementations.Session.SessionWebSocketListener: Sending ForceKeepAlive message to 1 inactive WebSockets.
[2024-09-27 20:16:50.435 +00:00] [INF] [48] Emby.Server.Implementations.Session.SessionWebSocketListener: Sending ForceKeepAlive message to 1 inactive WebSockets.
[2024-09-27 20:19:38.436 +00:00] [INF] [199] Emby.Server.Implementations.Session.SessionWebSocketListener: Sending ForceKeepAlive message to 1 inactive WebSockets.
[2024-09-27 20:22:26.437 +00:00] [INF] [189] Emby.Server.Implementations.Session.SessionWebSocketListener: Sending ForceKeepAlive message to 1 inactive WebSockets.
[2024-09-27 20:25:50.436 +00:00] [INF] [220] Emby.Server.Implementations.Session.SessionWebSocketListener: Sending ForceKeepAlive message to 1 inactive WebSockets.
[2024-09-27 20:28:38.436 +00:00] [INF] [61] Emby.Server.Implementations.Session.SessionWebSocketListener: Sending ForceKeepAlive message to 1 inactive WebSockets.
[2024-09-27 20:31:26.436 +00:00] [INF] [124] Emby.Server.Implementations.Session.SessionWebSocketListener: Sending ForceKeepAlive message to 1 inactive WebSockets.
[2024-09-27 20:34:50.436 +00:00] [INF] [237] Emby.Server.Implementations.Session.SessionWebSocketListener: Sending ForceKeepAlive message to 1 inactive WebSockets.
[2024-09-27 20:37:38.436 +00:00] [INF] [70] Emby.Server.Implementations.Session.SessionWebSocketListener: Sending ForceKeepAlive message to 1 inactive WebSockets.
[2024-09-27 20:40:26.436 +00:00] [INF] [80] Emby.Server.Implementations.Session.SessionWebSocketListener: Sending ForceKeepAlive message to 1 inactive WebSockets.
[2024-09-27 20:43:50.436 +00:00] [INF] [239] Emby.Server.Implementations.Session.SessionWebSocketListener: Sending ForceKeepAlive message to 1 inactive WebSockets.
[2024-09-27 20:46:38.435 +00:00] [INF] [161] Emby.Server.Implementations.Session.SessionWebSocketListener: Sending ForceKeepAlive message to 1 inactive WebSockets.
[2024-09-27 20:49:26.436 +00:00] [INF] [141] Emby.Server.Implementations.Session.SessionWebSocketListener: Sending ForceKeepAlive message to 1 inactive WebSockets.
[2024-09-27 20:52:50.435 +00:00] [INF] [63] Emby.Server.Implementations.Session.SessionWebSocketListener: Sending ForceKeepAlive message to 1 inactive WebSockets.
[2024-09-27 20:55:38.436 +00:00] [INF] [28] Emby.Server.Implementations.Session.SessionWebSocketListener: Sending ForceKeepAlive message to 1 inactive WebSockets.
[2024-09-27 20:58:26.436 +00:00] [INF] [67] Emby.Server.Implementations.Session.SessionWebSocketListener: Sending ForceKeepAlive message to 1 inactive WebSockets.
[2024-09-27 21:01:50.436 +00:00] [INF] [8] Emby.Server.Implementations.Session.SessionWebSocketListener: Sending ForceKeepAlive message to 1 inactive WebSockets.
[2024-09-27 21:04:38.436 +00:00] [INF] [160] Emby.Server.Implementations.Session.SessionWebSocketListener: Sending ForceKeepAlive message to 1 inactive WebSockets.
[2024-09-27 21:07:26.436 +00:00] [INF] [133] Emby.Server.Implementations.Session.SessionWebSocketListener: Sending ForceKeepAlive message to 1 inactive WebSockets.
[2024-09-27 21:10:50.435 +00:00] [INF] [28] Emby.Server.Implementations.Session.SessionWebSocketListener: Sending ForceKeepAlive message to 1 inactive WebSockets.
[2024-09-27 21:11:08.362 +00:00] [INF] [233] Emby.Server.Implementations.IO.LibraryMonitor: Stopping directory watching for path "/media"
[2024-09-27 21:11:08.362 +00:00] [INF] [233] Emby.Server.Implementations.IO.LibraryMonitor: Stopping directory watching for path "/media2"
[2024-09-27 21:11:08.362 +00:00] [INF] [233] Emby.Server.Implementations.Library.LibraryManager: Validating media library
[2024-09-27 21:11:08.368 +00:00] [WRN] [233] MediaBrowser.Controller.Entities.BaseItem: Library folder "/config/data/playlists" is inaccessible or empty, skipping
[2024-09-27 21:11:08.374 +00:00] [WRN] [52] MediaBrowser.Controller.Entities.BaseItem: Library folder "/config/data/playlists" is inaccessible or empty, skipping
[2024-09-27 21:11:08.380 +00:00] [INF] [52] Emby.Server.Implementations.ScheduledTasks.TaskManager: "Scan Media Library" Completed after 0 minute(s) and 0 seconds
[2024-09-27 21:11:08.415 +00:00] [INF] [233] Emby.Server.Implementations.IO.LibraryMonitor: Watching directory "/media"
[2024-09-27 21:11:08.415 +00:00] [INF] [63] Emby.Server.Implementations.IO.LibraryMonitor: Watching directory "/media2"
[2024-09-27 21:13:38.436 +00:00] [INF] [47] Emby.Server.Implementations.Session.SessionWebSocketListener: Sending ForceKeepAlive message to 1 inactive WebSockets.
[2024-09-27 21:16:26.436 +00:00] [INF] [31] Emby.Server.Implementations.Session.SessionWebSocketListener: Sending ForceKeepAlive message to 1 inactive WebSockets.
[2024-09-27 21:19:50.436 +00:00] [INF] [202] Emby.Server.Implementations.Session.SessionWebSocketListener: Sending ForceKeepAlive message to 1 inactive WebSockets.
[2024-09-27 21:22:38.436 +00:00] [INF] [118] Emby.Server.Implementations.Session.SessionWebSocketListener: Sending ForceKeepAlive message to 1 inactive WebSockets.
[2024-09-27 21:25:26.436 +00:00] [INF] [239] Emby.Server.Implementations.Session.SessionWebSocketListener: Sending ForceKeepAlive message to 1 inactive WebSockets.
[2024-09-27 21:28:50.436 +00:00] [INF] [19] Emby.Server.Implementations.Session.SessionWebSocketListener: Sending ForceKeepAlive message to 1 inactive WebSockets.
[2024-09-27 21:31:38.436 +00:00] [INF] [199] Emby.Server.Implementations.Session.SessionWebSocketListener: Sending ForceKeepAlive message to 1 inactive WebSockets.
[2024-09-27 21:34:26.436 +00:00] [INF] [39] Emby.Server.Implementations.Session.SessionWebSocketListener: Sending ForceKeepAlive message to 1 inactive WebSockets.
[2024-09-27 21:37:50.436 +00:00] [INF] [225] Emby.Server.Implementations.Session.SessionWebSocketListener: Sending ForceKeepAlive message to 1 inactive WebSockets.
[2024-09-27 21:40:38.436 +00:00] [INF] [88] Emby.Server.Implementations.Session.SessionWebSocketListener: Sending ForceKeepAlive message to 1 inactive WebSockets.
[2024-09-27 21:43:26.436 +00:00] [INF] [65] Emby.Server.Implementations.Session.SessionWebSocketListener: Sending ForceKeepAlive message to 1 inactive WebSockets.
[2024-09-27 21:46:50.436 +00:00] [INF] [225] Emby.Server.Implementations.Session.SessionWebSocketListener: Sending ForceKeepAlive message to 1 inactive WebSockets.
[2024-09-27 21:49:38.436 +00:00] [INF] [237] Emby.Server.Implementations.Session.SessionWebSocketListener: Sending ForceKeepAlive message to 1 inactive WebSockets.
[2024-09-27 21:52:26.436 +00:00] [INF] [80] Emby.Server.Implementations.Session.SessionWebSocketListener: Sending ForceKeepAlive message to 1 inactive WebSockets.
[2024-09-27 21:55:50.436 +00:00] [INF] [19] Emby.Server.Implementations.Session.SessionWebSocketListener: Sending ForceKeepAlive message to 1 inactive WebSockets.
[2024-09-27 21:58:38.436 +00:00] [INF] [144] Emby.Server.Implementations.Session.SessionWebSocketListener: Sending ForceKeepAlive message to 1 inactive WebSockets.
[2024-09-27 22:01:26.436 +00:00] [INF] [141] Emby.Server.Implementations.Session.SessionWebSocketListener: Sending ForceKeepAlive message to 1 inactive WebSockets.
[2024-09-27 22:04:50.436 +00:00] [INF] [218] Emby.Server.Implementations.Session.SessionWebSocketListener: Sending ForceKeepAlive message to 1 inactive WebSockets.
[2024-09-27 22:07:38.437 +00:00] [INF] [153] Emby.Server.Implementations.Session.SessionWebSocketListener: Sending ForceKeepAlive message to 1 inactive WebSockets.
[2024-09-27 22:10:26.436 +00:00] [INF] [185] Emby.Server.Implementations.Session.SessionWebSocketListener: Sending ForceKeepAlive message to 1 inactive WebSockets.
[2024-09-27 22:13:50.436 +00:00] [INF] [34] Emby.Server.Implementations.Session.SessionWebSocketListener: Sending ForceKeepAlive message to 1 inactive WebSockets.
[2024-09-27 22:16:38.435 +00:00] [INF] [116] Emby.Server.Implementations.Session.SessionWebSocketListener: Sending ForceKeepAlive message to 1 inactive WebSockets.
[2024-09-27 22:19:26.435 +00:00] [INF] [32] Emby.Server.Implementations.Session.SessionWebSocketListener: Sending ForceKeepAlive message to 1 inactive WebSockets.
[2024-09-27 22:22:50.436 +00:00] [INF] [101] Emby.Server.Implementations.Session.SessionWebSocketListener: Sending ForceKeepAlive message to 1 inactive WebSockets.
[2024-09-27 22:25:38.436 +00:00] [INF] [94] Emby.Server.Implementations.Session.SessionWebSocketListener: Sending ForceKeepAlive message to 1 inactive WebSockets.
[2024-09-27 22:28:26.435 +00:00] [INF] [60] Emby.Server.Implementations.Session.SessionWebSocketListener: Sending ForceKeepAlive message to 1 inactive WebSockets.
[2024-09-27 22:31:50.435 +00:00] [INF] [136] Emby.Server.Implementations.Session.SessionWebSocketListener: Sending ForceKeepAlive message to 1 inactive WebSockets.
[2024-09-27 22:34:38.436 +00:00] [INF] [128] Emby.Server.Implementations.Session.SessionWebSocketListener: Sending ForceKeepAlive message to 1 inactive WebSockets.
[2024-09-27 22:37:26.436 +00:00] [INF] [112] Emby.Server.Implementations.Session.SessionWebSocketListener: Sending ForceKeepAlive message to 1 inactive WebSockets.
[2024-09-27 22:40:50.436 +00:00] [INF] [79] Emby.Server.Implementations.Session.SessionWebSocketListener: Sending ForceKeepAlive message to 1 inactive WebSockets.
[2024-09-27 22:43:38.436 +00:00] [INF] [186] Emby.Server.Implementations.Session.SessionWebSocketListener: Sending ForceKeepAlive message to 1 inactive WebSockets.
[2024-09-27 22:46:26.436 +00:00] [INF] [121] Emby.Server.Implementations.Session.SessionWebSocketListener: Sending ForceKeepAlive message to 1 inactive WebSockets.
[2024-09-27 22:49:50.436 +00:00] [INF] [73] Emby.Server.Implementations.Session.SessionWebSocketListener: Sending ForceKeepAlive message to 1 inactive WebSockets.
[2024-09-27 22:52:38.436 +00:00] [INF] [102] Emby.Server.Implementations.Session.SessionWebSocketListener: Sending ForceKeepAlive message to 1 inactive WebSockets.
[2024-09-27 22:55:26.435 +00:00] [INF] [210] Emby.Server.Implementations.Session.SessionWebSocketListener: Sending ForceKeepAlive message to 1 inactive WebSockets.
[2024-09-27 22:58:50.437 +00:00] [INF] [52] Emby.Server.Implementations.Session.SessionWebSocketListener: Sending ForceKeepAlive message to 1 inactive WebSockets.
[2024-09-27 23:01:38.436 +00:00] [INF] [67] Emby.Server.Implementations.Session.SessionWebSocketListener: Sending ForceKeepAlive message to 1 inactive WebSockets.
[2024-09-27 23:04:26.436 +00:00] [INF] [207] Emby.Server.Implementations.Session.SessionWebSocketListener: Sending ForceKeepAlive message to 1 inactive WebSockets.
[2024-09-27 23:07:50.436 +00:00] [INF] [90] Emby.Server.Implementations.Session.SessionWebSocketListener: Sending ForceKeepAlive message to 1 inactive WebSockets.
[2024-09-27 23:10:38.435 +00:00] [INF] [24] Emby.Server.Implementations.Session.SessionWebSocketListener: Sending ForceKeepAlive message to 1 inactive WebSockets.
[2024-09-27 23:13:26.436 +00:00] [INF] [147] Emby.Server.Implementations.Session.SessionWebSocketListener: Sending ForceKeepAlive message to 1 inactive WebSockets.
[2024-09-27 23:16:50.436 +00:00] [INF] [122] Emby.Server.Implementations.Session.SessionWebSocketListener: Sending ForceKeepAlive message to 1 inactive WebSockets.
[2024-09-27 23:19:38.436 +00:00] [INF] [209] Emby.Server.Implementations.Session.SessionWebSocketListener: Sending ForceKeepAlive message to 1 inactive WebSockets.
[2024-09-27 23:22:26.436 +00:00] [INF] [220] Emby.Server.Implementations.Session.SessionWebSocketListener: Sending ForceKeepAlive message to 1 inactive WebSockets.
[2024-09-27 23:25:50.436 +00:00] [INF] [61] Emby.Server.Implementations.Session.SessionWebSocketListener: Sending ForceKeepAlive message to 1 inactive WebSockets.
[2024-09-27 23:28:38.436 +00:00] [INF] [234] Emby.Server.Implementations.Session.SessionWebSocketListener: Sending ForceKeepAlive message to 1 inactive WebSockets.
[2024-09-27 23:31:26.437 +00:00] [INF] [108] Emby.Server.Implementations.Session.SessionWebSocketListener: Sending ForceKeepAlive message to 1 inactive WebSockets.
[2024-09-27 23:34:50.437 +00:00] [INF] [117] Emby.Server.Implementations.Session.SessionWebSocketListener: Sending ForceKeepAlive message to 1 inactive WebSockets.
[2024-09-27 23:37:38.436 +00:00] [INF] [126] Emby.Server.Implementations.Session.SessionWebSocketListener: Sending ForceKeepAlive message to 1 inactive WebSockets.
[2024-09-27 23:40:26.435 +00:00] [INF] [80] Emby.Server.Implementations.Session.SessionWebSocketListener: Sending ForceKeepAlive message to 1 inactive WebSockets.
[2024-09-27 23:43:50.436 +00:00] [INF] [22] Emby.Server.Implementations.Session.SessionWebSocketListener: Sending ForceKeepAlive message to 1 inactive WebSockets.
[2024-09-27 23:46:38.436 +00:00] [INF] [118] Emby.Server.Implementations.Session.SessionWebSocketListener: Sending ForceKeepAlive message to 1 inactive WebSockets.
[2024-09-27 23:49:26.437 +00:00] [INF] [202] Emby.Server.Implementations.Session.SessionWebSocketListener: Sending ForceKeepAlive message to 1 inactive WebSockets.
[2024-09-27 23:52:50.436 +00:00] [INF] [207] Emby.Server.Implementations.Session.SessionWebSocketListener: Sending ForceKeepAlive message to 1 inactive WebSockets.
[2024-09-27 23:55:38.436 +00:00] [INF] [185] Emby.Server.Implementations.Session.SessionWebSocketListener: Sending ForceKeepAlive message to 1 inactive WebSockets.
[2024-09-27 23:58:26.436 +00:00] [INF] [20] Emby.Server.Implementations.Session.SessionWebSocketListener: Sending ForceKeepAlive message to 1 inactive WebSockets.
