[2024-10-12 02:00:00.003 +00:00] [INF] [50] Emby.Server.Implementations.ScheduledTasks.TaskManager: "Extract Chapter Images" Completed after 0 minute(s) and 0 seconds
[2024-10-12 02:00:01.000 +00:00] [INF] [23] Emby.Server.Implementations.ScheduledTasks.TaskManager: Daily trigger for "Extract Chapter Images" set to fire at 2024-10-13 02:00:00.000 +00:00, which is 23:59:58.9995015 from now.
[2024-10-12 03:00:00.002 +00:00] [INF] [26] Emby.Server.Implementations.ScheduledTasks.TaskManager: "Generate Trickplay Images" Completed after 0 minute(s) and 0 seconds
[2024-10-12 03:00:01.001 +00:00] [INF] [29] Emby.Server.Implementations.ScheduledTasks.TaskManager: Daily trigger for "Generate Trickplay Images" set to fire at 2024-10-13 03:00:00.000 +00:00, which is 23:59:58.9992028 from now.
[2024-10-12 05:23:54.880 +00:00] [INF] [25] Emby.Server.Implementations.ScheduledTasks.TaskManager: "Download missing subtitles" Completed after 0 minute(s) and 0 seconds
[2024-10-12 05:23:55.032 +00:00] [INF] [18] Emby.Server.Implementations.ScheduledTasks.TaskManager: "Audio Normalization" Completed after 0 minute(s) and 0 seconds
[2024-10-12 05:23:55.058 +00:00] [INF] [25] Emby.Server.Implementations.ScheduledTasks.TaskManager: "Clean Log Directory" Completed after 0 minute(s) and 0 seconds
[2024-10-12 05:23:55.079 +00:00] [INF] [24] Emby.Server.Implementations.ScheduledTasks.TaskManager: "Clean Transcode Directory" Completed after 0 minute(s) and 0 seconds
[2024-10-12 05:23:55.102 +00:00] [INF] [24] Emby.Server.Implementations.ScheduledTasks.TaskManager: "Clean Cache Directory" Completed after 0 minute(s) and 0 seconds
[2024-10-12 05:23:55.126 +00:00] [INF] [18] Emby.Server.Implementations.ScheduledTasks.TaskManager: "TasksRefreshChannels" Completed after 0 minute(s) and 0 seconds
[2024-10-12 05:23:57.106 +00:00] [INF] [24] Emby.Server.Implementations.ScheduledTasks.Tasks.OptimizeDatabaseTask: Optimizing and vacuuming jellyfin.db...
[2024-10-12 05:23:57.141 +00:00] [INF] [24] Emby.Server.Implementations.ScheduledTasks.Tasks.OptimizeDatabaseTask: jellyfin.db optimized successfully!
[2024-10-12 05:23:57.141 +00:00] [INF] [24] Emby.Server.Implementations.ScheduledTasks.TaskManager: "Optimize database" Completed after 0 minute(s) and 0 seconds
[2024-10-12 06:24:16.028 +00:00] [INF] [33] Jellyfin.LiveTv.Guide.GuideManager: Refreshing guide with 7 days of guide data
[2024-10-12 06:24:16.030 +00:00] [INF] [33] Emby.Server.Implementations.ScheduledTasks.TaskManager: "Refresh Guide" Completed after 0 minute(s) and 3 seconds
[2024-10-12 09:11:10.559 +00:00] [INF] [154] Emby.Server.Implementations.IO.LibraryMonitor: Stopping directory watching for path "/media"
[2024-10-12 09:11:10.560 +00:00] [INF] [154] Emby.Server.Implementations.IO.LibraryMonitor: Stopping directory watching for path "/media2"
[2024-10-12 09:11:10.560 +00:00] [INF] [154] Emby.Server.Implementations.Library.LibraryManager: Validating media library
[2024-10-12 09:11:10.567 +00:00] [WRN] [154] MediaBrowser.Controller.Entities.BaseItem: Library folder "/config/data/playlists" is inaccessible or empty, skipping
[2024-10-12 09:11:10.573 +00:00] [WRN] [21] MediaBrowser.Controller.Entities.BaseItem: Library folder "/config/data/playlists" is inaccessible or empty, skipping
[2024-10-12 09:11:10.580 +00:00] [INF] [21] Emby.Server.Implementations.ScheduledTasks.TaskManager: "Scan Media Library" Completed after 0 minute(s) and 0 seconds
[2024-10-12 09:11:10.580 +00:00] [INF] [154] Emby.Server.Implementations.IO.LibraryMonitor: Watching directory "/media"
[2024-10-12 09:11:10.580 +00:00] [INF] [121] Emby.Server.Implementations.IO.LibraryMonitor: Watching directory "/media2"
[2024-10-12 09:23:30.026 +00:00] [INF] [168] Emby.Server.Implementations.ScheduledTasks.TaskManager: "Update Plugins" Completed after 0 minute(s) and 12 seconds
[2024-10-12 21:11:10.579 +00:00] [INF] [54] Emby.Server.Implementations.IO.LibraryMonitor: Stopping directory watching for path "/media"
[2024-10-12 21:11:10.580 +00:00] [INF] [54] Emby.Server.Implementations.IO.LibraryMonitor: Stopping directory watching for path "/media2"
[2024-10-12 21:11:10.580 +00:00] [INF] [54] Emby.Server.Implementations.Library.LibraryManager: Validating media library
[2024-10-12 21:11:10.586 +00:00] [WRN] [54] MediaBrowser.Controller.Entities.BaseItem: Library folder "/config/data/playlists" is inaccessible or empty, skipping
[2024-10-12 21:11:10.592 +00:00] [WRN] [100] MediaBrowser.Controller.Entities.BaseItem: Library folder "/config/data/playlists" is inaccessible or empty, skipping
[2024-10-12 21:11:10.598 +00:00] [INF] [121] Emby.Server.Implementations.ScheduledTasks.TaskManager: "Scan Media Library" Completed after 0 minute(s) and 0 seconds
[2024-10-12 21:11:10.598 +00:00] [INF] [100] Emby.Server.Implementations.IO.LibraryMonitor: Watching directory "/media2"
[2024-10-12 21:11:10.599 +00:00] [INF] [132] Emby.Server.Implementations.IO.LibraryMonitor: Watching directory "/media"
