[2024-08-25 02:00:00.001 +00:00] [INF] [247] Emby.Server.Implementations.ScheduledTasks.TaskManager: "Extract Chapter Images" Completed after 0 minute(s) and 0 seconds
[2024-08-25 02:00:00.998 +00:00] [INF] [247] Emby.Server.Implementations.ScheduledTasks.TaskManager: Daily trigger for "Extract Chapter Images" set to fire at 2024-08-26 02:00:00.000 +00:00, which is 23:59:59.0010643 from now.
[2024-08-25 03:00:00.001 +00:00] [INF] [48] Emby.Server.Implementations.ScheduledTasks.TaskManager: "Generate Trickplay Images" Completed after 0 minute(s) and 0 seconds
[2024-08-25 03:00:01.001 +00:00] [INF] [164] Emby.Server.Implementations.ScheduledTasks.TaskManager: Daily trigger for "Generate Trickplay Images" set to fire at 2024-08-26 03:00:00.000 +00:00, which is 23:59:58.9988377 from now.
[2024-08-25 04:23:56.071 +00:00] [INF] [199] Emby.Server.Implementations.ScheduledTasks.TaskManager: "Update Plugins" Completed after 0 minute(s) and 4 seconds
[2024-08-25 05:23:47.373 +00:00] [INF] [188] Emby.Server.Implementations.ScheduledTasks.TaskManager: "Download missing subtitles" Completed after 0 minute(s) and 0 seconds
[2024-08-25 05:23:47.374 +00:00] [INF] [187] Emby.Server.Implementations.ScheduledTasks.TaskManager: "Audio Normalization" Completed after 0 minute(s) and 0 seconds
[2024-08-25 05:23:47.431 +00:00] [INF] [187] Emby.Server.Implementations.ScheduledTasks.TaskManager: "Clean Log Directory" Completed after 0 minute(s) and 0 seconds
[2024-08-25 05:23:47.454 +00:00] [INF] [18] Emby.Server.Implementations.ScheduledTasks.TaskManager: "Clean Transcode Directory" Completed after 0 minute(s) and 0 seconds
[2024-08-25 05:23:47.477 +00:00] [INF] [18] Emby.Server.Implementations.ScheduledTasks.TaskManager: "Clean Cache Directory" Completed after 0 minute(s) and 0 seconds
[2024-08-25 05:23:47.527 +00:00] [INF] [187] Emby.Server.Implementations.ScheduledTasks.TaskManager: "TasksRefreshChannels" Completed after 0 minute(s) and 0 seconds
[2024-08-25 05:23:47.819 +00:00] [INF] [18] Emby.Server.Implementations.ScheduledTasks.Tasks.OptimizeDatabaseTask: Optimizing and vacuuming jellyfin.db...
[2024-08-25 05:23:47.853 +00:00] [INF] [18] Emby.Server.Implementations.ScheduledTasks.Tasks.OptimizeDatabaseTask: jellyfin.db optimized successfully!
[2024-08-25 05:23:47.853 +00:00] [INF] [18] Emby.Server.Implementations.ScheduledTasks.TaskManager: "Optimize database" Completed after 0 minute(s) and 0 seconds
[2024-08-25 05:23:47.963 +00:00] [INF] [18] Emby.Server.Implementations.Library.LibraryManager: Validating media library
[2024-08-25 05:23:47.965 +00:00] [WRN] [18] MediaBrowser.Controller.Entities.BaseItem: Library folder "/config/data/playlists" is inaccessible or empty, skipping
[2024-08-25 05:23:47.968 +00:00] [WRN] [187] MediaBrowser.Controller.Entities.BaseItem: Library folder "/config/data/playlists" is inaccessible or empty, skipping
[2024-08-25 05:23:47.970 +00:00] [INF] [188] Emby.Server.Implementations.ScheduledTasks.TaskManager: "Scan Media Library" Completed after 0 minute(s) and 0 seconds
[2024-08-25 06:23:56.548 +00:00] [INF] [56] Jellyfin.LiveTv.Guide.GuideManager: Refreshing guide with 7 days of guide data
[2024-08-25 06:23:56.549 +00:00] [INF] [56] Emby.Server.Implementations.ScheduledTasks.TaskManager: "Refresh Guide" Completed after 0 minute(s) and 3 seconds
