[2024-10-05 02:00:00.015 +00:00] [INF] [214] Emby.Server.Implementations.ScheduledTasks.TaskManager: "Extract Chapter Images" Completed after 0 minute(s) and 0 seconds
[2024-10-05 02:00:00.999 +00:00] [INF] [164] Emby.Server.Implementations.ScheduledTasks.TaskManager: Daily trigger for "Extract Chapter Images" set to fire at 2024-10-06 02:00:00.000 +00:00, which is 23:59:59.0001334 from now.
[2024-10-05 03:00:00.009 +00:00] [INF] [150] Emby.Server.Implementations.ScheduledTasks.TaskManager: "Generate Trickplay Images" Completed after 0 minute(s) and 0 seconds
[2024-10-05 03:00:00.999 +00:00] [INF] [150] Emby.Server.Implementations.ScheduledTasks.TaskManager: Daily trigger for "Generate Trickplay Images" set to fire at 2024-10-06 03:00:00.000 +00:00, which is 23:59:59.0002385 from now.
[2024-10-05 05:23:54.871 +00:00] [INF] [40] Emby.Server.Implementations.ScheduledTasks.TaskManager: "Download missing subtitles" Completed after 0 minute(s) and 0 seconds
[2024-10-05 05:23:55.005 +00:00] [INF] [40] Emby.Server.Implementations.ScheduledTasks.TaskManager: "Audio Normalization" Completed after 0 minute(s) and 0 seconds
[2024-10-05 05:23:55.029 +00:00] [INF] [40] Emby.Server.Implementations.ScheduledTasks.TaskManager: "Clean Log Directory" Completed after 0 minute(s) and 0 seconds
[2024-10-05 05:23:55.056 +00:00] [INF] [36] Emby.Server.Implementations.ScheduledTasks.TaskManager: "Clean Transcode Directory" Completed after 0 minute(s) and 0 seconds
[2024-10-05 05:23:55.086 +00:00] [INF] [236] Emby.Server.Implementations.ScheduledTasks.TaskManager: "Clean Cache Directory" Completed after 0 minute(s) and 0 seconds
[2024-10-05 05:23:55.115 +00:00] [INF] [236] Emby.Server.Implementations.ScheduledTasks.TaskManager: "TasksRefreshChannels" Completed after 0 minute(s) and 0 seconds
[2024-10-05 05:23:56.877 +00:00] [INF] [36] Emby.Server.Implementations.ScheduledTasks.Tasks.OptimizeDatabaseTask: Optimizing and vacuuming jellyfin.db...
[2024-10-05 05:23:56.911 +00:00] [INF] [36] Emby.Server.Implementations.ScheduledTasks.Tasks.OptimizeDatabaseTask: jellyfin.db optimized successfully!
[2024-10-05 05:23:56.911 +00:00] [INF] [36] Emby.Server.Implementations.ScheduledTasks.TaskManager: "Optimize database" Completed after 0 minute(s) and 0 seconds
[2024-10-05 06:24:10.030 +00:00] [INF] [164] Jellyfin.LiveTv.Guide.GuideManager: Refreshing guide with 7 days of guide data
[2024-10-05 06:24:10.031 +00:00] [INF] [164] Emby.Server.Implementations.ScheduledTasks.TaskManager: "Refresh Guide" Completed after 0 minute(s) and 3 seconds
[2024-10-05 09:11:08.979 +00:00] [INF] [63] Emby.Server.Implementations.IO.LibraryMonitor: Stopping directory watching for path "/media"
[2024-10-05 09:11:08.980 +00:00] [INF] [63] Emby.Server.Implementations.IO.LibraryMonitor: Stopping directory watching for path "/media2"
[2024-10-05 09:11:08.980 +00:00] [INF] [63] Emby.Server.Implementations.Library.LibraryManager: Validating media library
[2024-10-05 09:11:08.988 +00:00] [WRN] [63] MediaBrowser.Controller.Entities.BaseItem: Library folder "/config/data/playlists" is inaccessible or empty, skipping
[2024-10-05 09:11:08.996 +00:00] [WRN] [139] MediaBrowser.Controller.Entities.BaseItem: Library folder "/config/data/playlists" is inaccessible or empty, skipping
[2024-10-05 09:11:09.002 +00:00] [INF] [45] Emby.Server.Implementations.ScheduledTasks.TaskManager: "Scan Media Library" Completed after 0 minute(s) and 0 seconds
[2024-10-05 09:11:09.042 +00:00] [INF] [53] Emby.Server.Implementations.IO.LibraryMonitor: Watching directory "/media2"
[2024-10-05 09:11:09.042 +00:00] [INF] [63] Emby.Server.Implementations.IO.LibraryMonitor: Watching directory "/media"
[2024-10-05 09:17:39.167 +00:00] [INF] [11] Emby.Server.Implementations.ScheduledTasks.TaskManager: "Update Plugins" Completed after 0 minute(s) and 1 seconds
[2024-10-05 21:11:09.002 +00:00] [INF] [159] Emby.Server.Implementations.IO.LibraryMonitor: Stopping directory watching for path "/media"
[2024-10-05 21:11:09.002 +00:00] [INF] [159] Emby.Server.Implementations.IO.LibraryMonitor: Stopping directory watching for path "/media2"
[2024-10-05 21:11:09.002 +00:00] [INF] [159] Emby.Server.Implementations.Library.LibraryManager: Validating media library
[2024-10-05 21:11:09.009 +00:00] [WRN] [159] MediaBrowser.Controller.Entities.BaseItem: Library folder "/config/data/playlists" is inaccessible or empty, skipping
[2024-10-05 21:11:09.015 +00:00] [WRN] [159] MediaBrowser.Controller.Entities.BaseItem: Library folder "/config/data/playlists" is inaccessible or empty, skipping
[2024-10-05 21:11:09.022 +00:00] [INF] [159] Emby.Server.Implementations.ScheduledTasks.TaskManager: "Scan Media Library" Completed after 0 minute(s) and 0 seconds
[2024-10-05 21:11:09.058 +00:00] [INF] [199] Emby.Server.Implementations.IO.LibraryMonitor: Watching directory "/media"
[2024-10-05 21:11:09.059 +00:00] [INF] [209] Emby.Server.Implementations.IO.LibraryMonitor: Watching directory "/media2"
