[2024-08-21 02:00:02.201 +00:00] [INF] [102] Emby.Server.Implementations.ScheduledTasks.TaskManager: "Extract Chapter Images" Completed after 0 minute(s) and 0 seconds
[2024-08-21 02:00:03.200 +00:00] [INF] [98] Emby.Server.Implementations.ScheduledTasks.TaskManager: Daily trigger for "Extract Chapter Images" set to fire at 2024-08-22 02:00:00.000 +00:00, which is 23:59:56.7997827 from now.
[2024-08-21 03:00:02.201 +00:00] [INF] [153] Emby.Server.Implementations.ScheduledTasks.TaskManager: "Generate Trickplay Images" Completed after 0 minute(s) and 0 seconds
[2024-08-21 03:00:03.201 +00:00] [INF] [156] Emby.Server.Implementations.ScheduledTasks.TaskManager: Daily trigger for "Generate Trickplay Images" set to fire at 2024-08-22 03:00:00.000 +00:00, which is 23:59:56.7989446 from now.
[2024-08-21 04:23:50.365 +00:00] [INF] [234] Emby.Server.Implementations.ScheduledTasks.TaskManager: "Update Plugins" Completed after 0 minute(s) and 1 seconds
[2024-08-21 05:23:45.240 +00:00] [INF] [181] Emby.Server.Implementations.ScheduledTasks.TaskManager: "Download missing subtitles" Completed after 0 minute(s) and 0 seconds
[2024-08-21 05:23:45.240 +00:00] [INF] [177] Emby.Server.Implementations.ScheduledTasks.TaskManager: "Audio Normalization" Completed after 0 minute(s) and 0 seconds
[2024-08-21 05:23:45.296 +00:00] [INF] [179] Emby.Server.Implementations.ScheduledTasks.TaskManager: "Clean Log Directory" Completed after 0 minute(s) and 0 seconds
[2024-08-21 05:23:45.297 +00:00] [INF] [118] Emby.Server.Implementations.ScheduledTasks.TaskManager: "Clean Transcode Directory" Completed after 0 minute(s) and 0 seconds
[2024-08-21 05:23:45.338 +00:00] [INF] [178] Emby.Server.Implementations.ScheduledTasks.TaskManager: "Clean Cache Directory" Completed after 0 minute(s) and 0 seconds
[2024-08-21 05:23:45.391 +00:00] [INF] [181] Emby.Server.Implementations.ScheduledTasks.TaskManager: "TasksRefreshChannels" Completed after 0 minute(s) and 0 seconds
[2024-08-21 05:23:45.552 +00:00] [INF] [178] Emby.Server.Implementations.ScheduledTasks.Tasks.OptimizeDatabaseTask: Optimizing and vacuuming jellyfin.db...
[2024-08-21 05:23:45.589 +00:00] [INF] [178] Emby.Server.Implementations.ScheduledTasks.Tasks.OptimizeDatabaseTask: jellyfin.db optimized successfully!
[2024-08-21 05:23:45.589 +00:00] [INF] [178] Emby.Server.Implementations.ScheduledTasks.TaskManager: "Optimize database" Completed after 0 minute(s) and 0 seconds
[2024-08-21 05:23:45.767 +00:00] [INF] [181] Emby.Server.Implementations.Library.LibraryManager: Validating media library
[2024-08-21 05:23:45.770 +00:00] [WRN] [181] MediaBrowser.Controller.Entities.BaseItem: Library folder "/config/data/playlists" is inaccessible or empty, skipping
[2024-08-21 05:23:45.772 +00:00] [WRN] [181] MediaBrowser.Controller.Entities.BaseItem: Library folder "/config/data/playlists" is inaccessible or empty, skipping
[2024-08-21 05:23:45.775 +00:00] [INF] [181] Emby.Server.Implementations.ScheduledTasks.TaskManager: "Scan Media Library" Completed after 0 minute(s) and 0 seconds
[2024-08-21 06:23:54.420 +00:00] [INF] [136] Jellyfin.LiveTv.Guide.GuideManager: Refreshing guide with 7 days of guide data
[2024-08-21 06:23:54.421 +00:00] [INF] [136] Emby.Server.Implementations.ScheduledTasks.TaskManager: "Refresh Guide" Completed after 0 minute(s) and 3 seconds
