[2024-08-23 02:00:01.624 +00:00] [INF] [202] Emby.Server.Implementations.ScheduledTasks.TaskManager: "Extract Chapter Images" Completed after 0 minute(s) and 0 seconds
[2024-08-23 02:00:02.623 +00:00] [INF] [101] Emby.Server.Implementations.ScheduledTasks.TaskManager: Daily trigger for "Extract Chapter Images" set to fire at 2024-08-24 02:00:00.000 +00:00, which is 23:59:57.3762217 from now.
[2024-08-23 03:00:01.624 +00:00] [INF] [216] Emby.Server.Implementations.ScheduledTasks.TaskManager: "Generate Trickplay Images" Completed after 0 minute(s) and 0 seconds
[2024-08-23 03:00:02.623 +00:00] [INF] [216] Emby.Server.Implementations.ScheduledTasks.TaskManager: Daily trigger for "Generate Trickplay Images" set to fire at 2024-08-24 03:00:00.000 +00:00, which is 23:59:57.3766803 from now.
[2024-08-23 04:23:53.897 +00:00] [INF] [150] Emby.Server.Implementations.ScheduledTasks.TaskManager: "Update Plugins" Completed after 0 minute(s) and 2 seconds
[2024-08-23 05:23:47.372 +00:00] [INF] [88] Emby.Server.Implementations.ScheduledTasks.TaskManager: "Download missing subtitles" Completed after 0 minute(s) and 0 seconds
[2024-08-23 05:23:47.372 +00:00] [INF] [30] Emby.Server.Implementations.ScheduledTasks.TaskManager: "Audio Normalization" Completed after 0 minute(s) and 0 seconds
[2024-08-23 05:23:47.430 +00:00] [INF] [32] Emby.Server.Implementations.ScheduledTasks.TaskManager: "Clean Log Directory" Completed after 0 minute(s) and 0 seconds
[2024-08-23 05:23:47.452 +00:00] [INF] [30] Emby.Server.Implementations.ScheduledTasks.TaskManager: "Clean Transcode Directory" Completed after 0 minute(s) and 0 seconds
[2024-08-23 05:23:47.472 +00:00] [INF] [32] Emby.Server.Implementations.ScheduledTasks.TaskManager: "Clean Cache Directory" Completed after 0 minute(s) and 0 seconds
[2024-08-23 05:23:47.523 +00:00] [INF] [32] Emby.Server.Implementations.ScheduledTasks.TaskManager: "TasksRefreshChannels" Completed after 0 minute(s) and 0 seconds
[2024-08-23 05:23:47.756 +00:00] [INF] [32] Emby.Server.Implementations.ScheduledTasks.Tasks.OptimizeDatabaseTask: Optimizing and vacuuming jellyfin.db...
[2024-08-23 05:23:47.790 +00:00] [INF] [32] Emby.Server.Implementations.ScheduledTasks.Tasks.OptimizeDatabaseTask: jellyfin.db optimized successfully!
[2024-08-23 05:23:47.790 +00:00] [INF] [32] Emby.Server.Implementations.ScheduledTasks.TaskManager: "Optimize database" Completed after 0 minute(s) and 0 seconds
[2024-08-23 05:23:47.930 +00:00] [INF] [32] Emby.Server.Implementations.Library.LibraryManager: Validating media library
[2024-08-23 05:23:47.932 +00:00] [WRN] [32] MediaBrowser.Controller.Entities.BaseItem: Library folder "/config/data/playlists" is inaccessible or empty, skipping
[2024-08-23 05:23:47.934 +00:00] [WRN] [88] MediaBrowser.Controller.Entities.BaseItem: Library folder "/config/data/playlists" is inaccessible or empty, skipping
[2024-08-23 05:23:47.937 +00:00] [INF] [32] Emby.Server.Implementations.ScheduledTasks.TaskManager: "Scan Media Library" Completed after 0 minute(s) and 0 seconds
[2024-08-23 06:23:56.550 +00:00] [INF] [59] Jellyfin.LiveTv.Guide.GuideManager: Refreshing guide with 7 days of guide data
[2024-08-23 06:23:56.551 +00:00] [INF] [59] Emby.Server.Implementations.ScheduledTasks.TaskManager: "Refresh Guide" Completed after 0 minute(s) and 3 seconds
[2024-08-23 17:23:47.937 +00:00] [INF] [29] Emby.Server.Implementations.Library.LibraryManager: Validating media library
[2024-08-23 17:23:47.941 +00:00] [WRN] [29] MediaBrowser.Controller.Entities.BaseItem: Library folder "/config/data/playlists" is inaccessible or empty, skipping
[2024-08-23 17:23:47.943 +00:00] [WRN] [88] MediaBrowser.Controller.Entities.BaseItem: Library folder "/config/data/playlists" is inaccessible or empty, skipping
[2024-08-23 17:23:47.946 +00:00] [INF] [29] Emby.Server.Implementations.ScheduledTasks.TaskManager: "Scan Media Library" Completed after 0 minute(s) and 0 seconds
