[2024-09-10 02:00:00.002 +00:00] [INF] [118] Emby.Server.Implementations.ScheduledTasks.TaskManager: "Extract Chapter Images" Completed after 0 minute(s) and 0 seconds
[2024-09-10 02:00:01.000 +00:00] [INF] [18] Emby.Server.Implementations.ScheduledTasks.TaskManager: Daily trigger for "Extract Chapter Images" set to fire at 2024-09-11 02:00:00.000 +00:00, which is 23:59:59.0000003 from now.
[2024-09-10 03:00:00.002 +00:00] [INF] [34] Emby.Server.Implementations.ScheduledTasks.TaskManager: "Generate Trickplay Images" Completed after 0 minute(s) and 0 seconds
[2024-09-10 03:00:01.000 +00:00] [INF] [34] Emby.Server.Implementations.ScheduledTasks.TaskManager: Daily trigger for "Generate Trickplay Images" set to fire at 2024-09-11 03:00:00.000 +00:00, which is 23:59:58.9997551 from now.
[2024-09-10 05:23:53.205 +00:00] [INF] [115] Emby.Server.Implementations.ScheduledTasks.TaskManager: "Download missing subtitles" Completed after 0 minute(s) and 0 seconds
[2024-09-10 05:23:53.284 +00:00] [INF] [115] Emby.Server.Implementations.ScheduledTasks.TaskManager: "Audio Normalization" Completed after 0 minute(s) and 0 seconds
[2024-09-10 05:23:53.315 +00:00] [INF] [115] Emby.Server.Implementations.ScheduledTasks.TaskManager: "Clean Log Directory" Completed after 0 minute(s) and 0 seconds
[2024-09-10 05:23:53.347 +00:00] [INF] [115] Emby.Server.Implementations.ScheduledTasks.TaskManager: "Clean Transcode Directory" Completed after 0 minute(s) and 0 seconds
[2024-09-10 05:23:53.387 +00:00] [INF] [115] Emby.Server.Implementations.ScheduledTasks.TaskManager: "Clean Cache Directory" Completed after 0 minute(s) and 0 seconds
[2024-09-10 05:23:53.422 +00:00] [INF] [115] Emby.Server.Implementations.ScheduledTasks.TaskManager: "TasksRefreshChannels" Completed after 0 minute(s) and 0 seconds
[2024-09-10 05:23:54.299 +00:00] [INF] [159] Emby.Server.Implementations.ScheduledTasks.Tasks.OptimizeDatabaseTask: Optimizing and vacuuming jellyfin.db...
[2024-09-10 05:23:54.334 +00:00] [INF] [159] Emby.Server.Implementations.ScheduledTasks.Tasks.OptimizeDatabaseTask: jellyfin.db optimized successfully!
[2024-09-10 05:23:54.335 +00:00] [INF] [159] Emby.Server.Implementations.ScheduledTasks.TaskManager: "Optimize database" Completed after 0 minute(s) and 0 seconds
[2024-09-10 06:24:05.374 +00:00] [INF] [60] Jellyfin.LiveTv.Guide.GuideManager: Refreshing guide with 7 days of guide data
[2024-09-10 06:24:05.375 +00:00] [INF] [60] Emby.Server.Implementations.ScheduledTasks.TaskManager: "Refresh Guide" Completed after 0 minute(s) and 3 seconds
[2024-09-10 09:11:04.785 +00:00] [INF] [50] Emby.Server.Implementations.IO.LibraryMonitor: Stopping directory watching for path "/media"
[2024-09-10 09:11:04.785 +00:00] [INF] [50] Emby.Server.Implementations.IO.LibraryMonitor: Stopping directory watching for path "/media2"
[2024-09-10 09:11:04.785 +00:00] [INF] [50] Emby.Server.Implementations.Library.LibraryManager: Validating media library
[2024-09-10 09:11:04.791 +00:00] [WRN] [50] MediaBrowser.Controller.Entities.BaseItem: Library folder "/config/data/playlists" is inaccessible or empty, skipping
[2024-09-10 09:11:04.797 +00:00] [WRN] [134] MediaBrowser.Controller.Entities.BaseItem: Library folder "/config/data/playlists" is inaccessible or empty, skipping
[2024-09-10 09:11:04.804 +00:00] [INF] [32] Emby.Server.Implementations.ScheduledTasks.TaskManager: "Scan Media Library" Completed after 0 minute(s) and 0 seconds
[2024-09-10 09:11:04.805 +00:00] [INF] [34] Emby.Server.Implementations.IO.LibraryMonitor: Watching directory "/media"
[2024-09-10 09:11:04.805 +00:00] [INF] [132] Emby.Server.Implementations.IO.LibraryMonitor: Watching directory "/media2"
[2024-09-10 09:17:35.609 +00:00] [INF] [138] Emby.Server.Implementations.ScheduledTasks.TaskManager: "Update Plugins" Completed after 0 minute(s) and 1 seconds
[2024-09-10 09:46:45.832 +00:00] [INF] [53] Emby.Server.Implementations.HttpServer.WebSocketManager: WS "192.168.1.9" request
[2024-09-10 09:49:33.997 +00:00] [INF] [22] Emby.Server.Implementations.Session.SessionWebSocketListener: Sending ForceKeepAlive message to 1 inactive WebSockets.
[2024-09-10 09:52:21.997 +00:00] [INF] [20] Emby.Server.Implementations.Session.SessionWebSocketListener: Sending ForceKeepAlive message to 1 inactive WebSockets.
