[2024-08-20 02:00:00.454 +00:00] [INF] [82] Emby.Server.Implementations.ScheduledTasks.TaskManager: "Extract Chapter Images" Completed after 0 minute(s) and 0 seconds
[2024-08-20 02:00:01.450 +00:00] [INF] [82] Emby.Server.Implementations.ScheduledTasks.TaskManager: Daily trigger for "Extract Chapter Images" set to fire at 2024-08-21 02:00:00.000 +00:00, which is 23:59:58.5493103 from now.
[2024-08-20 03:00:00.455 +00:00] [INF] [81] Emby.Server.Implementations.ScheduledTasks.TaskManager: "Generate Trickplay Images" Completed after 0 minute(s) and 0 seconds
[2024-08-20 03:00:01.450 +00:00] [INF] [78] Emby.Server.Implementations.ScheduledTasks.TaskManager: Daily trigger for "Generate Trickplay Images" set to fire at 2024-08-21 03:00:00.000 +00:00, which is 23:59:58.5491194 from now.
[2024-08-20 04:23:48.404 +00:00] [INF] [10] Emby.Server.Implementations.ScheduledTasks.TaskManager: "Update Plugins" Completed after 0 minute(s) and 1 seconds
[2024-08-20 05:23:42.637 +00:00] [INF] [165] Emby.Server.Implementations.ScheduledTasks.TaskManager: "Download missing subtitles" Completed after 0 minute(s) and 0 seconds
[2024-08-20 05:23:42.638 +00:00] [INF] [24] Emby.Server.Implementations.ScheduledTasks.TaskManager: "Audio Normalization" Completed after 0 minute(s) and 0 seconds
[2024-08-20 05:23:42.695 +00:00] [INF] [10] Emby.Server.Implementations.ScheduledTasks.TaskManager: "Clean Log Directory" Completed after 0 minute(s) and 0 seconds
[2024-08-20 05:23:42.695 +00:00] [INF] [165] Emby.Server.Implementations.ScheduledTasks.TaskManager: "Clean Transcode Directory" Completed after 0 minute(s) and 0 seconds
[2024-08-20 05:23:42.732 +00:00] [INF] [165] Emby.Server.Implementations.ScheduledTasks.TaskManager: "Clean Cache Directory" Completed after 0 minute(s) and 0 seconds
[2024-08-20 05:23:42.787 +00:00] [INF] [165] Emby.Server.Implementations.ScheduledTasks.TaskManager: "TasksRefreshChannels" Completed after 0 minute(s) and 0 seconds
[2024-08-20 05:23:42.911 +00:00] [INF] [165] Emby.Server.Implementations.ScheduledTasks.Tasks.OptimizeDatabaseTask: Optimizing and vacuuming jellyfin.db...
[2024-08-20 05:23:42.950 +00:00] [INF] [165] Emby.Server.Implementations.ScheduledTasks.Tasks.OptimizeDatabaseTask: jellyfin.db optimized successfully!
[2024-08-20 05:23:42.950 +00:00] [INF] [165] Emby.Server.Implementations.ScheduledTasks.TaskManager: "Optimize database" Completed after 0 minute(s) and 0 seconds
[2024-08-20 05:23:43.148 +00:00] [INF] [165] Emby.Server.Implementations.Library.LibraryManager: Validating media library
[2024-08-20 05:23:43.152 +00:00] [WRN] [165] MediaBrowser.Controller.Entities.BaseItem: Library folder "/config/data/playlists" is inaccessible or empty, skipping
[2024-08-20 05:23:43.155 +00:00] [WRN] [10] MediaBrowser.Controller.Entities.BaseItem: Library folder "/config/data/playlists" is inaccessible or empty, skipping
[2024-08-20 05:23:43.158 +00:00] [INF] [10] Emby.Server.Implementations.ScheduledTasks.TaskManager: "Scan Media Library" Completed after 0 minute(s) and 0 seconds
[2024-08-20 06:23:51.856 +00:00] [INF] [79] Jellyfin.LiveTv.Guide.GuideManager: Refreshing guide with 7 days of guide data
[2024-08-20 06:23:51.860 +00:00] [INF] [79] Emby.Server.Implementations.ScheduledTasks.TaskManager: "Refresh Guide" Completed after 0 minute(s) and 3 seconds
