[2024-09-21 02:00:00.002 +00:00] [INF] [168] Emby.Server.Implementations.ScheduledTasks.TaskManager: "Extract Chapter Images" Completed after 0 minute(s) and 0 seconds
[2024-09-21 02:00:00.999 +00:00] [INF] [168] Emby.Server.Implementations.ScheduledTasks.TaskManager: Daily trigger for "Extract Chapter Images" set to fire at 2024-09-22 02:00:00.000 +00:00, which is 23:59:59.0001828 from now.
[2024-09-21 03:00:00.001 +00:00] [INF] [233] Emby.Server.Implementations.ScheduledTasks.TaskManager: "Generate Trickplay Images" Completed after 0 minute(s) and 0 seconds
[2024-09-21 03:00:00.999 +00:00] [INF] [234] Emby.Server.Implementations.ScheduledTasks.TaskManager: Daily trigger for "Generate Trickplay Images" set to fire at 2024-09-22 03:00:00.000 +00:00, which is 23:59:59.0001775 from now.
[2024-09-21 05:23:54.869 +00:00] [INF] [28] Emby.Server.Implementations.ScheduledTasks.TaskManager: "Download missing subtitles" Completed after 0 minute(s) and 0 seconds
[2024-09-21 05:23:54.976 +00:00] [INF] [28] Emby.Server.Implementations.ScheduledTasks.TaskManager: "Audio Normalization" Completed after 0 minute(s) and 0 seconds
[2024-09-21 05:23:55.002 +00:00] [INF] [28] Emby.Server.Implementations.ScheduledTasks.TaskManager: "Clean Log Directory" Completed after 0 minute(s) and 0 seconds
[2024-09-21 05:23:55.032 +00:00] [INF] [28] Emby.Server.Implementations.ScheduledTasks.TaskManager: "Clean Transcode Directory" Completed after 0 minute(s) and 0 seconds
[2024-09-21 05:23:55.058 +00:00] [INF] [22] Emby.Server.Implementations.ScheduledTasks.TaskManager: "Clean Cache Directory" Completed after 0 minute(s) and 0 seconds
[2024-09-21 05:23:55.089 +00:00] [INF] [28] Emby.Server.Implementations.ScheduledTasks.TaskManager: "TasksRefreshChannels" Completed after 0 minute(s) and 0 seconds
[2024-09-21 05:23:56.436 +00:00] [INF] [22] Emby.Server.Implementations.ScheduledTasks.Tasks.OptimizeDatabaseTask: Optimizing and vacuuming jellyfin.db...
[2024-09-21 05:23:56.465 +00:00] [INF] [22] Emby.Server.Implementations.ScheduledTasks.Tasks.OptimizeDatabaseTask: jellyfin.db optimized successfully!
[2024-09-21 05:23:56.465 +00:00] [INF] [22] Emby.Server.Implementations.ScheduledTasks.TaskManager: "Optimize database" Completed after 0 minute(s) and 0 seconds
[2024-09-21 06:24:10.032 +00:00] [INF] [109] Jellyfin.LiveTv.Guide.GuideManager: Refreshing guide with 7 days of guide data
[2024-09-21 06:24:10.034 +00:00] [INF] [109] Emby.Server.Implementations.ScheduledTasks.TaskManager: "Refresh Guide" Completed after 0 minute(s) and 3 seconds
[2024-09-21 09:11:07.797 +00:00] [INF] [208] Emby.Server.Implementations.IO.LibraryMonitor: Stopping directory watching for path "/media"
[2024-09-21 09:11:07.798 +00:00] [INF] [208] Emby.Server.Implementations.IO.LibraryMonitor: Stopping directory watching for path "/media2"
[2024-09-21 09:11:07.798 +00:00] [INF] [208] Emby.Server.Implementations.Library.LibraryManager: Validating media library
[2024-09-21 09:11:07.804 +00:00] [WRN] [208] MediaBrowser.Controller.Entities.BaseItem: Library folder "/config/data/playlists" is inaccessible or empty, skipping
[2024-09-21 09:11:07.811 +00:00] [WRN] [208] MediaBrowser.Controller.Entities.BaseItem: Library folder "/config/data/playlists" is inaccessible or empty, skipping
[2024-09-21 09:11:07.818 +00:00] [INF] [107] Emby.Server.Implementations.ScheduledTasks.TaskManager: "Scan Media Library" Completed after 0 minute(s) and 0 seconds
[2024-09-21 09:11:07.853 +00:00] [INF] [208] Emby.Server.Implementations.IO.LibraryMonitor: Watching directory "/media2"
[2024-09-21 09:11:07.853 +00:00] [INF] [50] Emby.Server.Implementations.IO.LibraryMonitor: Watching directory "/media"
[2024-09-21 09:17:39.624 +00:00] [INF] [148] Emby.Server.Implementations.ScheduledTasks.TaskManager: "Update Plugins" Completed after 0 minute(s) and 2 seconds
[2024-09-21 21:11:07.818 +00:00] [INF] [50] Emby.Server.Implementations.IO.LibraryMonitor: Stopping directory watching for path "/media"
[2024-09-21 21:11:07.818 +00:00] [INF] [50] Emby.Server.Implementations.IO.LibraryMonitor: Stopping directory watching for path "/media2"
[2024-09-21 21:11:07.818 +00:00] [INF] [50] Emby.Server.Implementations.Library.LibraryManager: Validating media library
[2024-09-21 21:11:07.824 +00:00] [WRN] [50] MediaBrowser.Controller.Entities.BaseItem: Library folder "/config/data/playlists" is inaccessible or empty, skipping
[2024-09-21 21:11:07.830 +00:00] [WRN] [8] MediaBrowser.Controller.Entities.BaseItem: Library folder "/config/data/playlists" is inaccessible or empty, skipping
[2024-09-21 21:11:07.835 +00:00] [INF] [151] Emby.Server.Implementations.ScheduledTasks.TaskManager: "Scan Media Library" Completed after 0 minute(s) and 0 seconds
[2024-09-21 21:11:07.884 +00:00] [INF] [50] Emby.Server.Implementations.IO.LibraryMonitor: Watching directory "/media"
[2024-09-21 21:11:07.884 +00:00] [INF] [81] Emby.Server.Implementations.IO.LibraryMonitor: Watching directory "/media2"
