[2024-09-30 00:01:38.436 +00:00] [INF] [55] Emby.Server.Implementations.Session.SessionWebSocketListener: Sending ForceKeepAlive message to 1 inactive WebSockets.
[2024-09-30 00:04:26.436 +00:00] [INF] [116] Emby.Server.Implementations.Session.SessionWebSocketListener: Sending ForceKeepAlive message to 1 inactive WebSockets.
[2024-09-30 00:08:02.436 +00:00] [INF] [197] Emby.Server.Implementations.Session.SessionWebSocketListener: Sending ForceKeepAlive message to 1 inactive WebSockets.
[2024-09-30 00:10:50.436 +00:00] [INF] [188] Emby.Server.Implementations.Session.SessionWebSocketListener: Sending ForceKeepAlive message to 1 inactive WebSockets.
[2024-09-30 00:13:38.436 +00:00] [INF] [160] Emby.Server.Implementations.Session.SessionWebSocketListener: Sending ForceKeepAlive message to 1 inactive WebSockets.
[2024-09-30 00:16:26.435 +00:00] [INF] [121] Emby.Server.Implementations.Session.SessionWebSocketListener: Sending ForceKeepAlive message to 1 inactive WebSockets.
[2024-09-30 00:20:02.436 +00:00] [INF] [32] Emby.Server.Implementations.Session.SessionWebSocketListener: Sending ForceKeepAlive message to 1 inactive WebSockets.
[2024-09-30 00:22:50.436 +00:00] [INF] [81] Emby.Server.Implementations.Session.SessionWebSocketListener: Sending ForceKeepAlive message to 1 inactive WebSockets.
[2024-09-30 00:25:38.436 +00:00] [INF] [201] Emby.Server.Implementations.Session.SessionWebSocketListener: Sending ForceKeepAlive message to 1 inactive WebSockets.
[2024-09-30 00:28:26.435 +00:00] [INF] [116] Emby.Server.Implementations.Session.SessionWebSocketListener: Sending ForceKeepAlive message to 1 inactive WebSockets.
[2024-09-30 00:32:02.436 +00:00] [INF] [210] Emby.Server.Implementations.Session.SessionWebSocketListener: Sending ForceKeepAlive message to 1 inactive WebSockets.
[2024-09-30 00:34:50.435 +00:00] [INF] [74] Emby.Server.Implementations.Session.SessionWebSocketListener: Sending ForceKeepAlive message to 1 inactive WebSockets.
[2024-09-30 00:37:38.435 +00:00] [INF] [42] Emby.Server.Implementations.Session.SessionWebSocketListener: Sending ForceKeepAlive message to 1 inactive WebSockets.
[2024-09-30 00:40:26.436 +00:00] [INF] [133] Emby.Server.Implementations.Session.SessionWebSocketListener: Sending ForceKeepAlive message to 1 inactive WebSockets.
[2024-09-30 00:44:02.436 +00:00] [INF] [56] Emby.Server.Implementations.Session.SessionWebSocketListener: Sending ForceKeepAlive message to 1 inactive WebSockets.
[2024-09-30 00:46:50.436 +00:00] [INF] [222] Emby.Server.Implementations.Session.SessionWebSocketListener: Sending ForceKeepAlive message to 1 inactive WebSockets.
[2024-09-30 00:49:38.436 +00:00] [INF] [222] Emby.Server.Implementations.Session.SessionWebSocketListener: Sending ForceKeepAlive message to 1 inactive WebSockets.
[2024-09-30 00:52:26.436 +00:00] [INF] [65] Emby.Server.Implementations.Session.SessionWebSocketListener: Sending ForceKeepAlive message to 1 inactive WebSockets.
[2024-09-30 00:56:02.436 +00:00] [INF] [185] Emby.Server.Implementations.Session.SessionWebSocketListener: Sending ForceKeepAlive message to 1 inactive WebSockets.
[2024-09-30 00:58:50.436 +00:00] [INF] [113] Emby.Server.Implementations.Session.SessionWebSocketListener: Sending ForceKeepAlive message to 1 inactive WebSockets.
[2024-09-30 01:01:38.436 +00:00] [INF] [50] Emby.Server.Implementations.Session.SessionWebSocketListener: Sending ForceKeepAlive message to 1 inactive WebSockets.
[2024-09-30 01:04:26.436 +00:00] [INF] [95] Emby.Server.Implementations.Session.SessionWebSocketListener: Sending ForceKeepAlive message to 1 inactive WebSockets.
[2024-09-30 01:08:02.436 +00:00] [INF] [85] Emby.Server.Implementations.Session.SessionWebSocketListener: Sending ForceKeepAlive message to 1 inactive WebSockets.
[2024-09-30 01:10:50.435 +00:00] [INF] [136] Emby.Server.Implementations.Session.SessionWebSocketListener: Sending ForceKeepAlive message to 1 inactive WebSockets.
[2024-09-30 01:13:38.436 +00:00] [INF] [39] Emby.Server.Implementations.Session.SessionWebSocketListener: Sending ForceKeepAlive message to 1 inactive WebSockets.
[2024-09-30 01:16:26.435 +00:00] [INF] [182] Emby.Server.Implementations.Session.SessionWebSocketListener: Sending ForceKeepAlive message to 1 inactive WebSockets.
[2024-09-30 01:20:02.436 +00:00] [INF] [85] Emby.Server.Implementations.Session.SessionWebSocketListener: Sending ForceKeepAlive message to 1 inactive WebSockets.
[2024-09-30 01:22:50.436 +00:00] [INF] [139] Emby.Server.Implementations.Session.SessionWebSocketListener: Sending ForceKeepAlive message to 1 inactive WebSockets.
[2024-09-30 01:25:38.436 +00:00] [INF] [227] Emby.Server.Implementations.Session.SessionWebSocketListener: Sending ForceKeepAlive message to 1 inactive WebSockets.
[2024-09-30 01:28:26.436 +00:00] [INF] [237] Emby.Server.Implementations.Session.SessionWebSocketListener: Sending ForceKeepAlive message to 1 inactive WebSockets.
[2024-09-30 01:32:02.436 +00:00] [INF] [235] Emby.Server.Implementations.Session.SessionWebSocketListener: Sending ForceKeepAlive message to 1 inactive WebSockets.
[2024-09-30 01:34:50.436 +00:00] [INF] [185] Emby.Server.Implementations.Session.SessionWebSocketListener: Sending ForceKeepAlive message to 1 inactive WebSockets.
[2024-09-30 01:37:38.436 +00:00] [INF] [211] Emby.Server.Implementations.Session.SessionWebSocketListener: Sending ForceKeepAlive message to 1 inactive WebSockets.
[2024-09-30 01:40:26.437 +00:00] [INF] [92] Emby.Server.Implementations.Session.SessionWebSocketListener: Sending ForceKeepAlive message to 1 inactive WebSockets.
[2024-09-30 01:44:02.436 +00:00] [INF] [170] Emby.Server.Implementations.Session.SessionWebSocketListener: Sending ForceKeepAlive message to 1 inactive WebSockets.
[2024-09-30 01:46:50.436 +00:00] [INF] [209] Emby.Server.Implementations.Session.SessionWebSocketListener: Sending ForceKeepAlive message to 1 inactive WebSockets.
[2024-09-30 01:49:38.436 +00:00] [INF] [213] Emby.Server.Implementations.Session.SessionWebSocketListener: Sending ForceKeepAlive message to 1 inactive WebSockets.
[2024-09-30 01:52:26.436 +00:00] [INF] [34] Emby.Server.Implementations.Session.SessionWebSocketListener: Sending ForceKeepAlive message to 1 inactive WebSockets.
[2024-09-30 01:56:02.436 +00:00] [INF] [27] Emby.Server.Implementations.Session.SessionWebSocketListener: Sending ForceKeepAlive message to 1 inactive WebSockets.
[2024-09-30 01:58:50.436 +00:00] [INF] [64] Emby.Server.Implementations.Session.SessionWebSocketListener: Sending ForceKeepAlive message to 1 inactive WebSockets.
[2024-09-30 02:00:00.007 +00:00] [INF] [204] Emby.Server.Implementations.ScheduledTasks.TaskManager: "Extract Chapter Images" Completed after 0 minute(s) and 0 seconds
[2024-09-30 02:00:01.000 +00:00] [INF] [140] Emby.Server.Implementations.ScheduledTasks.TaskManager: Daily trigger for "Extract Chapter Images" set to fire at 2024-10-01 02:00:00.000 +00:00, which is 23:59:58.9994686 from now.
[2024-09-30 02:01:38.436 +00:00] [INF] [91] Emby.Server.Implementations.Session.SessionWebSocketListener: Sending ForceKeepAlive message to 1 inactive WebSockets.
[2024-09-30 02:04:26.436 +00:00] [INF] [91] Emby.Server.Implementations.Session.SessionWebSocketListener: Sending ForceKeepAlive message to 1 inactive WebSockets.
[2024-09-30 02:08:02.436 +00:00] [INF] [68] Emby.Server.Implementations.Session.SessionWebSocketListener: Sending ForceKeepAlive message to 1 inactive WebSockets.
[2024-09-30 02:10:50.436 +00:00] [INF] [124] Emby.Server.Implementations.Session.SessionWebSocketListener: Sending ForceKeepAlive message to 1 inactive WebSockets.
[2024-09-30 02:13:38.436 +00:00] [INF] [194] Emby.Server.Implementations.Session.SessionWebSocketListener: Sending ForceKeepAlive message to 1 inactive WebSockets.
[2024-09-30 02:16:26.436 +00:00] [INF] [119] Emby.Server.Implementations.Session.SessionWebSocketListener: Sending ForceKeepAlive message to 1 inactive WebSockets.
[2024-09-30 02:20:02.437 +00:00] [INF] [198] Emby.Server.Implementations.Session.SessionWebSocketListener: Sending ForceKeepAlive message to 1 inactive WebSockets.
[2024-09-30 02:22:50.437 +00:00] [INF] [22] Emby.Server.Implementations.Session.SessionWebSocketListener: Sending ForceKeepAlive message to 1 inactive WebSockets.
[2024-09-30 02:25:38.436 +00:00] [INF] [235] Emby.Server.Implementations.Session.SessionWebSocketListener: Sending ForceKeepAlive message to 1 inactive WebSockets.
[2024-09-30 02:28:26.436 +00:00] [INF] [142] Emby.Server.Implementations.Session.SessionWebSocketListener: Sending ForceKeepAlive message to 1 inactive WebSockets.
[2024-09-30 02:32:02.435 +00:00] [INF] [220] Emby.Server.Implementations.Session.SessionWebSocketListener: Sending ForceKeepAlive message to 1 inactive WebSockets.
[2024-09-30 02:34:50.435 +00:00] [INF] [83] Emby.Server.Implementations.Session.SessionWebSocketListener: Sending ForceKeepAlive message to 1 inactive WebSockets.
[2024-09-30 02:37:38.436 +00:00] [INF] [132] Emby.Server.Implementations.Session.SessionWebSocketListener: Sending ForceKeepAlive message to 1 inactive WebSockets.
[2024-09-30 02:40:26.436 +00:00] [INF] [31] Emby.Server.Implementations.Session.SessionWebSocketListener: Sending ForceKeepAlive message to 1 inactive WebSockets.
[2024-09-30 02:44:02.435 +00:00] [INF] [217] Emby.Server.Implementations.Session.SessionWebSocketListener: Sending ForceKeepAlive message to 1 inactive WebSockets.
[2024-09-30 02:46:50.436 +00:00] [INF] [56] Emby.Server.Implementations.Session.SessionWebSocketListener: Sending ForceKeepAlive message to 1 inactive WebSockets.
[2024-09-30 02:49:38.435 +00:00] [INF] [47] Emby.Server.Implementations.Session.SessionWebSocketListener: Sending ForceKeepAlive message to 1 inactive WebSockets.
[2024-09-30 02:52:26.436 +00:00] [INF] [43] Emby.Server.Implementations.Session.SessionWebSocketListener: Sending ForceKeepAlive message to 1 inactive WebSockets.
[2024-09-30 02:56:02.436 +00:00] [INF] [82] Emby.Server.Implementations.Session.SessionWebSocketListener: Sending ForceKeepAlive message to 1 inactive WebSockets.
[2024-09-30 02:58:50.436 +00:00] [INF] [204] Emby.Server.Implementations.Session.SessionWebSocketListener: Sending ForceKeepAlive message to 1 inactive WebSockets.
[2024-09-30 03:00:00.003 +00:00] [INF] [95] Emby.Server.Implementations.ScheduledTasks.TaskManager: "Generate Trickplay Images" Completed after 0 minute(s) and 0 seconds
[2024-09-30 03:00:01.000 +00:00] [INF] [99] Emby.Server.Implementations.ScheduledTasks.TaskManager: Daily trigger for "Generate Trickplay Images" set to fire at 2024-10-01 03:00:00.000 +00:00, which is 23:59:58.9996452 from now.
[2024-09-30 03:01:38.436 +00:00] [INF] [204] Emby.Server.Implementations.Session.SessionWebSocketListener: Sending ForceKeepAlive message to 1 inactive WebSockets.
[2024-09-30 03:04:26.435 +00:00] [INF] [73] Emby.Server.Implementations.Session.SessionWebSocketListener: Sending ForceKeepAlive message to 1 inactive WebSockets.
[2024-09-30 03:08:02.436 +00:00] [INF] [90] Emby.Server.Implementations.Session.SessionWebSocketListener: Sending ForceKeepAlive message to 1 inactive WebSockets.
[2024-09-30 03:10:50.436 +00:00] [INF] [42] Emby.Server.Implementations.Session.SessionWebSocketListener: Sending ForceKeepAlive message to 1 inactive WebSockets.
[2024-09-30 03:13:38.437 +00:00] [INF] [119] Emby.Server.Implementations.Session.SessionWebSocketListener: Sending ForceKeepAlive message to 1 inactive WebSockets.
[2024-09-30 03:16:26.436 +00:00] [INF] [56] Emby.Server.Implementations.Session.SessionWebSocketListener: Sending ForceKeepAlive message to 1 inactive WebSockets.
[2024-09-30 03:20:02.436 +00:00] [INF] [45] Emby.Server.Implementations.Session.SessionWebSocketListener: Sending ForceKeepAlive message to 1 inactive WebSockets.
[2024-09-30 03:22:50.436 +00:00] [INF] [22] Emby.Server.Implementations.Session.SessionWebSocketListener: Sending ForceKeepAlive message to 1 inactive WebSockets.
[2024-09-30 03:25:38.437 +00:00] [INF] [138] Emby.Server.Implementations.Session.SessionWebSocketListener: Sending ForceKeepAlive message to 1 inactive WebSockets.
[2024-09-30 03:28:26.436 +00:00] [INF] [142] Emby.Server.Implementations.Session.SessionWebSocketListener: Sending ForceKeepAlive message to 1 inactive WebSockets.
[2024-09-30 03:32:02.436 +00:00] [INF] [237] Emby.Server.Implementations.Session.SessionWebSocketListener: Sending ForceKeepAlive message to 1 inactive WebSockets.
[2024-09-30 03:34:50.436 +00:00] [INF] [234] Emby.Server.Implementations.Session.SessionWebSocketListener: Sending ForceKeepAlive message to 1 inactive WebSockets.
[2024-09-30 03:37:38.436 +00:00] [INF] [65] Emby.Server.Implementations.Session.SessionWebSocketListener: Sending ForceKeepAlive message to 1 inactive WebSockets.
[2024-09-30 03:40:26.437 +00:00] [INF] [45] Emby.Server.Implementations.Session.SessionWebSocketListener: Sending ForceKeepAlive message to 1 inactive WebSockets.
[2024-09-30 03:44:02.437 +00:00] [INF] [209] Emby.Server.Implementations.Session.SessionWebSocketListener: Sending ForceKeepAlive message to 1 inactive WebSockets.
[2024-09-30 03:46:50.436 +00:00] [INF] [194] Emby.Server.Implementations.Session.SessionWebSocketListener: Sending ForceKeepAlive message to 1 inactive WebSockets.
[2024-09-30 03:49:38.436 +00:00] [INF] [119] Emby.Server.Implementations.Session.SessionWebSocketListener: Sending ForceKeepAlive message to 1 inactive WebSockets.
[2024-09-30 03:52:26.436 +00:00] [INF] [124] Emby.Server.Implementations.Session.SessionWebSocketListener: Sending ForceKeepAlive message to 1 inactive WebSockets.
[2024-09-30 03:56:02.436 +00:00] [INF] [137] Emby.Server.Implementations.Session.SessionWebSocketListener: Sending ForceKeepAlive message to 1 inactive WebSockets.
[2024-09-30 03:58:50.436 +00:00] [INF] [230] Emby.Server.Implementations.Session.SessionWebSocketListener: Sending ForceKeepAlive message to 1 inactive WebSockets.
[2024-09-30 04:01:38.436 +00:00] [INF] [91] Emby.Server.Implementations.Session.SessionWebSocketListener: Sending ForceKeepAlive message to 1 inactive WebSockets.
[2024-09-30 04:04:26.436 +00:00] [INF] [204] Emby.Server.Implementations.Session.SessionWebSocketListener: Sending ForceKeepAlive message to 1 inactive WebSockets.
[2024-09-30 04:08:02.436 +00:00] [INF] [117] Emby.Server.Implementations.Session.SessionWebSocketListener: Sending ForceKeepAlive message to 1 inactive WebSockets.
[2024-09-30 04:10:50.436 +00:00] [INF] [155] Emby.Server.Implementations.Session.SessionWebSocketListener: Sending ForceKeepAlive message to 1 inactive WebSockets.
[2024-09-30 04:13:38.435 +00:00] [INF] [85] Emby.Server.Implementations.Session.SessionWebSocketListener: Sending ForceKeepAlive message to 1 inactive WebSockets.
[2024-09-30 04:16:26.435 +00:00] [INF] [193] Emby.Server.Implementations.Session.SessionWebSocketListener: Sending ForceKeepAlive message to 1 inactive WebSockets.
[2024-09-30 04:20:02.436 +00:00] [INF] [52] Emby.Server.Implementations.Session.SessionWebSocketListener: Sending ForceKeepAlive message to 1 inactive WebSockets.
[2024-09-30 04:22:50.436 +00:00] [INF] [131] Emby.Server.Implementations.Session.SessionWebSocketListener: Sending ForceKeepAlive message to 1 inactive WebSockets.
[2024-09-30 04:25:38.437 +00:00] [INF] [51] Emby.Server.Implementations.Session.SessionWebSocketListener: Sending ForceKeepAlive message to 1 inactive WebSockets.
[2024-09-30 04:28:26.436 +00:00] [INF] [160] Emby.Server.Implementations.Session.SessionWebSocketListener: Sending ForceKeepAlive message to 1 inactive WebSockets.
[2024-09-30 04:32:02.436 +00:00] [INF] [118] Emby.Server.Implementations.Session.SessionWebSocketListener: Sending ForceKeepAlive message to 1 inactive WebSockets.
[2024-09-30 04:34:50.436 +00:00] [INF] [59] Emby.Server.Implementations.Session.SessionWebSocketListener: Sending ForceKeepAlive message to 1 inactive WebSockets.
[2024-09-30 04:37:38.435 +00:00] [INF] [186] Emby.Server.Implementations.Session.SessionWebSocketListener: Sending ForceKeepAlive message to 1 inactive WebSockets.
[2024-09-30 04:40:26.435 +00:00] [INF] [179] Emby.Server.Implementations.Session.SessionWebSocketListener: Sending ForceKeepAlive message to 1 inactive WebSockets.
[2024-09-30 04:44:02.436 +00:00] [INF] [176] Emby.Server.Implementations.Session.SessionWebSocketListener: Sending ForceKeepAlive message to 1 inactive WebSockets.
[2024-09-30 04:46:50.436 +00:00] [INF] [60] Emby.Server.Implementations.Session.SessionWebSocketListener: Sending ForceKeepAlive message to 1 inactive WebSockets.
[2024-09-30 04:49:38.436 +00:00] [INF] [112] Emby.Server.Implementations.Session.SessionWebSocketListener: Sending ForceKeepAlive message to 1 inactive WebSockets.
[2024-09-30 04:52:26.436 +00:00] [INF] [175] Emby.Server.Implementations.Session.SessionWebSocketListener: Sending ForceKeepAlive message to 1 inactive WebSockets.
[2024-09-30 04:56:02.436 +00:00] [INF] [239] Emby.Server.Implementations.Session.SessionWebSocketListener: Sending ForceKeepAlive message to 1 inactive WebSockets.
[2024-09-30 04:58:50.436 +00:00] [INF] [150] Emby.Server.Implementations.Session.SessionWebSocketListener: Sending ForceKeepAlive message to 1 inactive WebSockets.
[2024-09-30 05:01:38.436 +00:00] [INF] [86] Emby.Server.Implementations.Session.SessionWebSocketListener: Sending ForceKeepAlive message to 1 inactive WebSockets.
[2024-09-30 05:04:26.435 +00:00] [INF] [150] Emby.Server.Implementations.Session.SessionWebSocketListener: Sending ForceKeepAlive message to 1 inactive WebSockets.
[2024-09-30 05:08:02.435 +00:00] [INF] [197] Emby.Server.Implementations.Session.SessionWebSocketListener: Sending ForceKeepAlive message to 1 inactive WebSockets.
[2024-09-30 05:10:50.436 +00:00] [INF] [229] Emby.Server.Implementations.Session.SessionWebSocketListener: Sending ForceKeepAlive message to 1 inactive WebSockets.
[2024-09-30 05:13:38.436 +00:00] [INF] [187] Emby.Server.Implementations.Session.SessionWebSocketListener: Sending ForceKeepAlive message to 1 inactive WebSockets.
[2024-09-30 05:16:26.435 +00:00] [INF] [60] Emby.Server.Implementations.Session.SessionWebSocketListener: Sending ForceKeepAlive message to 1 inactive WebSockets.
[2024-09-30 05:20:02.436 +00:00] [INF] [186] Emby.Server.Implementations.Session.SessionWebSocketListener: Sending ForceKeepAlive message to 1 inactive WebSockets.
[2024-09-30 05:22:50.436 +00:00] [INF] [178] Emby.Server.Implementations.Session.SessionWebSocketListener: Sending ForceKeepAlive message to 1 inactive WebSockets.
[2024-09-30 05:23:49.814 +00:00] [INF] [18] Emby.Server.Implementations.Library.LibraryManager: People validation complete
[2024-09-30 05:23:49.815 +00:00] [INF] [18] Emby.Server.Implementations.ScheduledTasks.TaskManager: "Refresh People" Completed after 0 minute(s) and 0 seconds
[2024-09-30 05:23:54.869 +00:00] [INF] [151] Emby.Server.Implementations.ScheduledTasks.TaskManager: "Download missing subtitles" Completed after 0 minute(s) and 0 seconds
[2024-09-30 05:23:54.994 +00:00] [INF] [151] Emby.Server.Implementations.ScheduledTasks.TaskManager: "Audio Normalization" Completed after 0 minute(s) and 0 seconds
[2024-09-30 05:23:55.022 +00:00] [INF] [18] Emby.Server.Implementations.ScheduledTasks.TaskManager: "Clean Log Directory" Completed after 0 minute(s) and 0 seconds
[2024-09-30 05:23:55.051 +00:00] [INF] [151] Emby.Server.Implementations.ScheduledTasks.TaskManager: "Clean Transcode Directory" Completed after 0 minute(s) and 0 seconds
[2024-09-30 05:23:55.076 +00:00] [INF] [131] Emby.Server.Implementations.ScheduledTasks.TaskManager: "Clean Cache Directory" Completed after 0 minute(s) and 0 seconds
[2024-09-30 05:23:55.103 +00:00] [INF] [151] Emby.Server.Implementations.ScheduledTasks.TaskManager: "TasksRefreshChannels" Completed after 0 minute(s) and 0 seconds
[2024-09-30 05:23:56.707 +00:00] [INF] [18] Emby.Server.Implementations.ScheduledTasks.Tasks.OptimizeDatabaseTask: Optimizing and vacuuming jellyfin.db...
[2024-09-30 05:23:56.739 +00:00] [INF] [18] Emby.Server.Implementations.ScheduledTasks.Tasks.OptimizeDatabaseTask: jellyfin.db optimized successfully!
[2024-09-30 05:23:56.740 +00:00] [INF] [18] Emby.Server.Implementations.ScheduledTasks.TaskManager: "Optimize database" Completed after 0 minute(s) and 0 seconds
[2024-09-30 05:25:38.436 +00:00] [INF] [152] Emby.Server.Implementations.Session.SessionWebSocketListener: Sending ForceKeepAlive message to 1 inactive WebSockets.
[2024-09-30 05:28:26.436 +00:00] [INF] [136] Emby.Server.Implementations.Session.SessionWebSocketListener: Sending ForceKeepAlive message to 1 inactive WebSockets.
[2024-09-30 05:32:02.436 +00:00] [INF] [60] Emby.Server.Implementations.Session.SessionWebSocketListener: Sending ForceKeepAlive message to 1 inactive WebSockets.
[2024-09-30 05:34:50.436 +00:00] [INF] [147] Emby.Server.Implementations.Session.SessionWebSocketListener: Sending ForceKeepAlive message to 1 inactive WebSockets.
[2024-09-30 05:37:38.436 +00:00] [INF] [99] Emby.Server.Implementations.Session.SessionWebSocketListener: Sending ForceKeepAlive message to 1 inactive WebSockets.
[2024-09-30 05:40:26.436 +00:00] [INF] [239] Emby.Server.Implementations.Session.SessionWebSocketListener: Sending ForceKeepAlive message to 1 inactive WebSockets.
[2024-09-30 05:44:02.436 +00:00] [INF] [96] Emby.Server.Implementations.Session.SessionWebSocketListener: Sending ForceKeepAlive message to 1 inactive WebSockets.
[2024-09-30 05:46:50.437 +00:00] [INF] [81] Emby.Server.Implementations.Session.SessionWebSocketListener: Sending ForceKeepAlive message to 1 inactive WebSockets.
[2024-09-30 05:49:38.436 +00:00] [INF] [24] Emby.Server.Implementations.Session.SessionWebSocketListener: Sending ForceKeepAlive message to 1 inactive WebSockets.
[2024-09-30 05:52:26.436 +00:00] [INF] [144] Emby.Server.Implementations.Session.SessionWebSocketListener: Sending ForceKeepAlive message to 1 inactive WebSockets.
[2024-09-30 05:56:02.436 +00:00] [INF] [141] Emby.Server.Implementations.Session.SessionWebSocketListener: Sending ForceKeepAlive message to 1 inactive WebSockets.
[2024-09-30 05:58:50.436 +00:00] [INF] [210] Emby.Server.Implementations.Session.SessionWebSocketListener: Sending ForceKeepAlive message to 1 inactive WebSockets.
[2024-09-30 06:01:38.435 +00:00] [INF] [223] Emby.Server.Implementations.Session.SessionWebSocketListener: Sending ForceKeepAlive message to 1 inactive WebSockets.
[2024-09-30 06:04:26.436 +00:00] [INF] [91] Emby.Server.Implementations.Session.SessionWebSocketListener: Sending ForceKeepAlive message to 1 inactive WebSockets.
[2024-09-30 06:08:02.436 +00:00] [INF] [197] Emby.Server.Implementations.Session.SessionWebSocketListener: Sending ForceKeepAlive message to 1 inactive WebSockets.
[2024-09-30 06:10:50.436 +00:00] [INF] [229] Emby.Server.Implementations.Session.SessionWebSocketListener: Sending ForceKeepAlive message to 1 inactive WebSockets.
[2024-09-30 06:13:38.435 +00:00] [INF] [129] Emby.Server.Implementations.Session.SessionWebSocketListener: Sending ForceKeepAlive message to 1 inactive WebSockets.
[2024-09-30 06:16:26.435 +00:00] [INF] [106] Emby.Server.Implementations.Session.SessionWebSocketListener: Sending ForceKeepAlive message to 1 inactive WebSockets.
[2024-09-30 06:20:02.435 +00:00] [INF] [193] Emby.Server.Implementations.Session.SessionWebSocketListener: Sending ForceKeepAlive message to 1 inactive WebSockets.
[2024-09-30 06:22:50.436 +00:00] [INF] [52] Emby.Server.Implementations.Session.SessionWebSocketListener: Sending ForceKeepAlive message to 1 inactive WebSockets.
[2024-09-30 06:24:10.025 +00:00] [INF] [213] Jellyfin.LiveTv.Guide.GuideManager: Refreshing guide with 7 days of guide data
[2024-09-30 06:24:10.026 +00:00] [INF] [213] Emby.Server.Implementations.ScheduledTasks.TaskManager: "Refresh Guide" Completed after 0 minute(s) and 3 seconds
[2024-09-30 06:25:38.436 +00:00] [INF] [43] Emby.Server.Implementations.Session.SessionWebSocketListener: Sending ForceKeepAlive message to 1 inactive WebSockets.
[2024-09-30 06:28:26.436 +00:00] [INF] [52] Emby.Server.Implementations.Session.SessionWebSocketListener: Sending ForceKeepAlive message to 1 inactive WebSockets.
[2024-09-30 06:32:02.436 +00:00] [INF] [179] Emby.Server.Implementations.Session.SessionWebSocketListener: Sending ForceKeepAlive message to 1 inactive WebSockets.
[2024-09-30 06:34:50.436 +00:00] [INF] [129] Emby.Server.Implementations.Session.SessionWebSocketListener: Sending ForceKeepAlive message to 1 inactive WebSockets.
[2024-09-30 06:37:38.436 +00:00] [INF] [64] Emby.Server.Implementations.Session.SessionWebSocketListener: Sending ForceKeepAlive message to 1 inactive WebSockets.
[2024-09-30 06:40:26.436 +00:00] [INF] [140] Emby.Server.Implementations.Session.SessionWebSocketListener: Sending ForceKeepAlive message to 1 inactive WebSockets.
[2024-09-30 06:44:02.436 +00:00] [INF] [96] Emby.Server.Implementations.Session.SessionWebSocketListener: Sending ForceKeepAlive message to 1 inactive WebSockets.
[2024-09-30 06:46:50.437 +00:00] [INF] [105] Emby.Server.Implementations.Session.SessionWebSocketListener: Sending ForceKeepAlive message to 1 inactive WebSockets.
[2024-09-30 06:49:38.435 +00:00] [INF] [123] Emby.Server.Implementations.Session.SessionWebSocketListener: Sending ForceKeepAlive message to 1 inactive WebSockets.
[2024-09-30 06:52:26.436 +00:00] [INF] [208] Emby.Server.Implementations.Session.SessionWebSocketListener: Sending ForceKeepAlive message to 1 inactive WebSockets.
[2024-09-30 06:56:02.436 +00:00] [INF] [208] Emby.Server.Implementations.Session.SessionWebSocketListener: Sending ForceKeepAlive message to 1 inactive WebSockets.
[2024-09-30 06:58:50.436 +00:00] [INF] [144] Emby.Server.Implementations.Session.SessionWebSocketListener: Sending ForceKeepAlive message to 1 inactive WebSockets.
[2024-09-30 07:01:38.436 +00:00] [INF] [188] Emby.Server.Implementations.Session.SessionWebSocketListener: Sending ForceKeepAlive message to 1 inactive WebSockets.
[2024-09-30 07:04:26.436 +00:00] [INF] [134] Emby.Server.Implementations.Session.SessionWebSocketListener: Sending ForceKeepAlive message to 1 inactive WebSockets.
[2024-09-30 07:08:02.436 +00:00] [INF] [197] Emby.Server.Implementations.Session.SessionWebSocketListener: Sending ForceKeepAlive message to 1 inactive WebSockets.
[2024-09-30 07:10:50.436 +00:00] [INF] [204] Emby.Server.Implementations.Session.SessionWebSocketListener: Sending ForceKeepAlive message to 1 inactive WebSockets.
[2024-09-30 07:13:38.436 +00:00] [INF] [33] Emby.Server.Implementations.Session.SessionWebSocketListener: Sending ForceKeepAlive message to 1 inactive WebSockets.
[2024-09-30 07:16:26.436 +00:00] [INF] [30] Emby.Server.Implementations.Session.SessionWebSocketListener: Sending ForceKeepAlive message to 1 inactive WebSockets.
[2024-09-30 07:20:02.437 +00:00] [INF] [143] Emby.Server.Implementations.Session.SessionWebSocketListener: Sending ForceKeepAlive message to 1 inactive WebSockets.
[2024-09-30 07:22:50.436 +00:00] [INF] [195] Emby.Server.Implementations.Session.SessionWebSocketListener: Sending ForceKeepAlive message to 1 inactive WebSockets.
[2024-09-30 07:25:38.437 +00:00] [INF] [124] Emby.Server.Implementations.Session.SessionWebSocketListener: Sending ForceKeepAlive message to 1 inactive WebSockets.
[2024-09-30 07:28:26.436 +00:00] [INF] [119] Emby.Server.Implementations.Session.SessionWebSocketListener: Sending ForceKeepAlive message to 1 inactive WebSockets.
[2024-09-30 07:32:02.436 +00:00] [INF] [19] Emby.Server.Implementations.Session.SessionWebSocketListener: Sending ForceKeepAlive message to 1 inactive WebSockets.
[2024-09-30 07:34:50.436 +00:00] [INF] [65] Emby.Server.Implementations.Session.SessionWebSocketListener: Sending ForceKeepAlive message to 1 inactive WebSockets.
[2024-09-30 07:37:38.436 +00:00] [INF] [88] Emby.Server.Implementations.Session.SessionWebSocketListener: Sending ForceKeepAlive message to 1 inactive WebSockets.
[2024-09-30 07:40:26.437 +00:00] [INF] [234] Emby.Server.Implementations.Session.SessionWebSocketListener: Sending ForceKeepAlive message to 1 inactive WebSockets.
[2024-09-30 07:44:02.435 +00:00] [INF] [227] Emby.Server.Implementations.Session.SessionWebSocketListener: Sending ForceKeepAlive message to 1 inactive WebSockets.
[2024-09-30 07:46:50.436 +00:00] [INF] [233] Emby.Server.Implementations.Session.SessionWebSocketListener: Sending ForceKeepAlive message to 1 inactive WebSockets.
[2024-09-30 07:49:38.435 +00:00] [INF] [22] Emby.Server.Implementations.Session.SessionWebSocketListener: Sending ForceKeepAlive message to 1 inactive WebSockets.
[2024-09-30 07:52:26.435 +00:00] [INF] [97] Emby.Server.Implementations.Session.SessionWebSocketListener: Sending ForceKeepAlive message to 1 inactive WebSockets.
[2024-09-30 07:56:02.437 +00:00] [INF] [84] Emby.Server.Implementations.Session.SessionWebSocketListener: Sending ForceKeepAlive message to 1 inactive WebSockets.
[2024-09-30 07:58:50.436 +00:00] [INF] [135] Emby.Server.Implementations.Session.SessionWebSocketListener: Sending ForceKeepAlive message to 1 inactive WebSockets.
[2024-09-30 08:01:38.435 +00:00] [INF] [47] Emby.Server.Implementations.Session.SessionWebSocketListener: Sending ForceKeepAlive message to 1 inactive WebSockets.
[2024-09-30 08:04:26.436 +00:00] [INF] [152] Emby.Server.Implementations.Session.SessionWebSocketListener: Sending ForceKeepAlive message to 1 inactive WebSockets.
[2024-09-30 08:08:02.436 +00:00] [INF] [193] Emby.Server.Implementations.Session.SessionWebSocketListener: Sending ForceKeepAlive message to 1 inactive WebSockets.
[2024-09-30 08:10:50.437 +00:00] [INF] [176] Emby.Server.Implementations.Session.SessionWebSocketListener: Sending ForceKeepAlive message to 1 inactive WebSockets.
[2024-09-30 08:13:38.435 +00:00] [INF] [176] Emby.Server.Implementations.Session.SessionWebSocketListener: Sending ForceKeepAlive message to 1 inactive WebSockets.
[2024-09-30 08:16:26.436 +00:00] [INF] [41] Emby.Server.Implementations.Session.SessionWebSocketListener: Sending ForceKeepAlive message to 1 inactive WebSockets.
[2024-09-30 08:20:02.436 +00:00] [INF] [147] Emby.Server.Implementations.Session.SessionWebSocketListener: Sending ForceKeepAlive message to 1 inactive WebSockets.
[2024-09-30 08:22:50.436 +00:00] [INF] [175] Emby.Server.Implementations.Session.SessionWebSocketListener: Sending ForceKeepAlive message to 1 inactive WebSockets.
[2024-09-30 08:25:38.437 +00:00] [INF] [29] Emby.Server.Implementations.Session.SessionWebSocketListener: Sending ForceKeepAlive message to 1 inactive WebSockets.
[2024-09-30 08:28:26.436 +00:00] [INF] [96] Emby.Server.Implementations.Session.SessionWebSocketListener: Sending ForceKeepAlive message to 1 inactive WebSockets.
[2024-09-30 08:32:02.435 +00:00] [INF] [91] Emby.Server.Implementations.Session.SessionWebSocketListener: Sending ForceKeepAlive message to 1 inactive WebSockets.
[2024-09-30 08:34:50.436 +00:00] [INF] [223] Emby.Server.Implementations.Session.SessionWebSocketListener: Sending ForceKeepAlive message to 1 inactive WebSockets.
[2024-09-30 08:37:38.436 +00:00] [INF] [118] Emby.Server.Implementations.Session.SessionWebSocketListener: Sending ForceKeepAlive message to 1 inactive WebSockets.
[2024-09-30 08:40:26.436 +00:00] [INF] [68] Emby.Server.Implementations.Session.SessionWebSocketListener: Sending ForceKeepAlive message to 1 inactive WebSockets.
[2024-09-30 08:44:02.436 +00:00] [INF] [20] Emby.Server.Implementations.Session.SessionWebSocketListener: Sending ForceKeepAlive message to 1 inactive WebSockets.
[2024-09-30 08:46:50.436 +00:00] [INF] [55] Emby.Server.Implementations.Session.SessionWebSocketListener: Sending ForceKeepAlive message to 1 inactive WebSockets.
[2024-09-30 08:49:38.436 +00:00] [INF] [51] Emby.Server.Implementations.Session.SessionWebSocketListener: Sending ForceKeepAlive message to 1 inactive WebSockets.
[2024-09-30 08:52:26.435 +00:00] [INF] [48] Emby.Server.Implementations.Session.SessionWebSocketListener: Sending ForceKeepAlive message to 1 inactive WebSockets.
[2024-09-30 08:56:02.437 +00:00] [INF] [82] Emby.Server.Implementations.Session.SessionWebSocketListener: Sending ForceKeepAlive message to 1 inactive WebSockets.
[2024-09-30 08:58:50.436 +00:00] [INF] [29] Emby.Server.Implementations.Session.SessionWebSocketListener: Sending ForceKeepAlive message to 1 inactive WebSockets.
[2024-09-30 09:01:38.436 +00:00] [INF] [229] Emby.Server.Implementations.Session.SessionWebSocketListener: Sending ForceKeepAlive message to 1 inactive WebSockets.
[2024-09-30 09:04:26.437 +00:00] [INF] [112] Emby.Server.Implementations.Session.SessionWebSocketListener: Sending ForceKeepAlive message to 1 inactive WebSockets.
[2024-09-30 09:08:02.437 +00:00] [INF] [187] Emby.Server.Implementations.Session.SessionWebSocketListener: Sending ForceKeepAlive message to 1 inactive WebSockets.
[2024-09-30 09:10:50.436 +00:00] [INF] [128] Emby.Server.Implementations.Session.SessionWebSocketListener: Sending ForceKeepAlive message to 1 inactive WebSockets.
[2024-09-30 09:11:08.744 +00:00] [INF] [176] Emby.Server.Implementations.IO.LibraryMonitor: Stopping directory watching for path "/media"
[2024-09-30 09:11:08.744 +00:00] [INF] [176] Emby.Server.Implementations.IO.LibraryMonitor: Stopping directory watching for path "/media2"
[2024-09-30 09:11:08.744 +00:00] [INF] [176] Emby.Server.Implementations.Library.LibraryManager: Validating media library
[2024-09-30 09:11:08.750 +00:00] [WRN] [176] MediaBrowser.Controller.Entities.BaseItem: Library folder "/config/data/playlists" is inaccessible or empty, skipping
[2024-09-30 09:11:08.785 +00:00] [WRN] [176] MediaBrowser.Controller.Entities.BaseItem: Library folder "/config/data/playlists" is inaccessible or empty, skipping
[2024-09-30 09:11:08.791 +00:00] [INF] [30] Emby.Server.Implementations.ScheduledTasks.TaskManager: "Scan Media Library" Completed after 0 minute(s) and 0 seconds
[2024-09-30 09:11:08.791 +00:00] [INF] [128] Emby.Server.Implementations.IO.LibraryMonitor: Watching directory "/media2"
[2024-09-30 09:11:08.835 +00:00] [INF] [179] Emby.Server.Implementations.IO.LibraryMonitor: Watching directory "/media"
[2024-09-30 09:13:38.437 +00:00] [INF] [106] Emby.Server.Implementations.Session.SessionWebSocketListener: Sending ForceKeepAlive message to 1 inactive WebSockets.
[2024-09-30 09:16:26.436 +00:00] [INF] [162] Emby.Server.Implementations.Session.SessionWebSocketListener: Sending ForceKeepAlive message to 1 inactive WebSockets.
[2024-09-30 09:17:39.430 +00:00] [INF] [117] Emby.Server.Implementations.ScheduledTasks.TaskManager: "Update Plugins" Completed after 0 minute(s) and 2 seconds
[2024-09-30 09:20:02.436 +00:00] [INF] [162] Emby.Server.Implementations.Session.SessionWebSocketListener: Sending ForceKeepAlive message to 1 inactive WebSockets.
[2024-09-30 09:22:50.436 +00:00] [INF] [162] Emby.Server.Implementations.Session.SessionWebSocketListener: Sending ForceKeepAlive message to 1 inactive WebSockets.
[2024-09-30 09:25:38.436 +00:00] [INF] [182] Emby.Server.Implementations.Session.SessionWebSocketListener: Sending ForceKeepAlive message to 1 inactive WebSockets.
[2024-09-30 09:28:26.436 +00:00] [INF] [128] Emby.Server.Implementations.Session.SessionWebSocketListener: Sending ForceKeepAlive message to 1 inactive WebSockets.
[2024-09-30 09:32:02.436 +00:00] [INF] [150] Emby.Server.Implementations.Session.SessionWebSocketListener: Sending ForceKeepAlive message to 1 inactive WebSockets.
[2024-09-30 09:34:50.436 +00:00] [INF] [86] Emby.Server.Implementations.Session.SessionWebSocketListener: Sending ForceKeepAlive message to 1 inactive WebSockets.
[2024-09-30 09:37:38.435 +00:00] [INF] [105] Emby.Server.Implementations.Session.SessionWebSocketListener: Sending ForceKeepAlive message to 1 inactive WebSockets.
[2024-09-30 09:40:26.435 +00:00] [INF] [144] Emby.Server.Implementations.Session.SessionWebSocketListener: Sending ForceKeepAlive message to 1 inactive WebSockets.
[2024-09-30 09:44:02.437 +00:00] [INF] [18] Emby.Server.Implementations.Session.SessionWebSocketListener: Sending ForceKeepAlive message to 1 inactive WebSockets.
[2024-09-30 09:46:50.436 +00:00] [INF] [80] Emby.Server.Implementations.Session.SessionWebSocketListener: Sending ForceKeepAlive message to 1 inactive WebSockets.
[2024-09-30 09:49:38.436 +00:00] [INF] [130] Emby.Server.Implementations.Session.SessionWebSocketListener: Sending ForceKeepAlive message to 1 inactive WebSockets.
[2024-09-30 09:52:26.436 +00:00] [INF] [18] Emby.Server.Implementations.Session.SessionWebSocketListener: Sending ForceKeepAlive message to 1 inactive WebSockets.
[2024-09-30 09:56:02.436 +00:00] [INF] [123] Emby.Server.Implementations.Session.SessionWebSocketListener: Sending ForceKeepAlive message to 1 inactive WebSockets.
[2024-09-30 09:58:50.435 +00:00] [INF] [118] Emby.Server.Implementations.Session.SessionWebSocketListener: Sending ForceKeepAlive message to 1 inactive WebSockets.
[2024-09-30 10:01:38.436 +00:00] [INF] [81] Emby.Server.Implementations.Session.SessionWebSocketListener: Sending ForceKeepAlive message to 1 inactive WebSockets.
[2024-09-30 10:04:26.436 +00:00] [INF] [86] Emby.Server.Implementations.Session.SessionWebSocketListener: Sending ForceKeepAlive message to 1 inactive WebSockets.
[2024-09-30 10:08:02.436 +00:00] [INF] [157] Emby.Server.Implementations.Session.SessionWebSocketListener: Sending ForceKeepAlive message to 1 inactive WebSockets.
[2024-09-30 10:08:14.436 +00:00] [INF] [157] Emby.Server.Implementations.Session.SessionWebSocketListener: Lost 1 WebSockets.
[2024-09-30 10:24:04.391 +00:00] [WRN] [235] Emby.Server.Implementations.HttpServer.WebSocketConnection: WS "192.168.1.9" error receiving data: "The remote party closed the WebSocket connection without completing the close handshake."
[2024-09-30 10:24:04.410 +00:00] [INF] [235] Emby.Server.Implementations.HttpServer.WebSocketManager: WS "192.168.1.9" closed
[2024-09-30 21:11:08.791 +00:00] [INF] [127] Emby.Server.Implementations.IO.LibraryMonitor: Stopping directory watching for path "/media"
[2024-09-30 21:11:08.791 +00:00] [INF] [127] Emby.Server.Implementations.IO.LibraryMonitor: Stopping directory watching for path "/media2"
[2024-09-30 21:11:08.791 +00:00] [INF] [127] Emby.Server.Implementations.Library.LibraryManager: Validating media library
[2024-09-30 21:11:08.797 +00:00] [WRN] [127] MediaBrowser.Controller.Entities.BaseItem: Library folder "/config/data/playlists" is inaccessible or empty, skipping
[2024-09-30 21:11:08.803 +00:00] [WRN] [112] MediaBrowser.Controller.Entities.BaseItem: Library folder "/config/data/playlists" is inaccessible or empty, skipping
[2024-09-30 21:11:08.809 +00:00] [INF] [112] Emby.Server.Implementations.ScheduledTasks.TaskManager: "Scan Media Library" Completed after 0 minute(s) and 0 seconds
[2024-09-30 21:11:08.809 +00:00] [INF] [127] Emby.Server.Implementations.IO.LibraryMonitor: Watching directory "/media"
[2024-09-30 21:11:08.847 +00:00] [INF] [187] Emby.Server.Implementations.IO.LibraryMonitor: Watching directory "/media2"
