[2024-08-26 00:00:14.301 +00:00] [INF] [23] Emby.Server.Implementations.Session.SessionWebSocketListener: Sending ForceKeepAlive message to 1 inactive WebSockets.
[2024-08-26 00:03:02.301 +00:00] [INF] [83] Emby.Server.Implementations.Session.SessionWebSocketListener: Sending ForceKeepAlive message to 1 inactive WebSockets.
[2024-08-26 00:06:26.301 +00:00] [INF] [78] Emby.Server.Implementations.Session.SessionWebSocketListener: Sending ForceKeepAlive message to 1 inactive WebSockets.
[2024-08-26 00:09:14.302 +00:00] [INF] [80] Emby.Server.Implementations.Session.SessionWebSocketListener: Sending ForceKeepAlive message to 1 inactive WebSockets.
[2024-08-26 00:12:02.300 +00:00] [INF] [83] Emby.Server.Implementations.Session.SessionWebSocketListener: Sending ForceKeepAlive message to 1 inactive WebSockets.
[2024-08-26 00:15:26.301 +00:00] [INF] [99] Emby.Server.Implementations.Session.SessionWebSocketListener: Sending ForceKeepAlive message to 1 inactive WebSockets.
[2024-08-26 00:18:14.301 +00:00] [INF] [109] Emby.Server.Implementations.Session.SessionWebSocketListener: Sending ForceKeepAlive message to 1 inactive WebSockets.
[2024-08-26 00:21:02.301 +00:00] [INF] [116] Emby.Server.Implementations.Session.SessionWebSocketListener: Sending ForceKeepAlive message to 1 inactive WebSockets.
[2024-08-26 00:24:26.301 +00:00] [INF] [127] Emby.Server.Implementations.Session.SessionWebSocketListener: Sending ForceKeepAlive message to 1 inactive WebSockets.
[2024-08-26 00:27:14.301 +00:00] [INF] [138] Emby.Server.Implementations.Session.SessionWebSocketListener: Sending ForceKeepAlive message to 1 inactive WebSockets.
[2024-08-26 00:30:02.301 +00:00] [INF] [144] Emby.Server.Implementations.Session.SessionWebSocketListener: Sending ForceKeepAlive message to 1 inactive WebSockets.
[2024-08-26 00:33:26.300 +00:00] [INF] [168] Emby.Server.Implementations.Session.SessionWebSocketListener: Sending ForceKeepAlive message to 1 inactive WebSockets.
[2024-08-26 00:36:14.301 +00:00] [INF] [36] Emby.Server.Implementations.Session.SessionWebSocketListener: Sending ForceKeepAlive message to 1 inactive WebSockets.
[2024-08-26 00:39:02.301 +00:00] [INF] [43] Emby.Server.Implementations.Session.SessionWebSocketListener: Sending ForceKeepAlive message to 1 inactive WebSockets.
[2024-08-26 00:42:26.300 +00:00] [INF] [53] Emby.Server.Implementations.Session.SessionWebSocketListener: Sending ForceKeepAlive message to 1 inactive WebSockets.
[2024-08-26 00:45:14.300 +00:00] [INF] [58] Emby.Server.Implementations.Session.SessionWebSocketListener: Sending ForceKeepAlive message to 1 inactive WebSockets.
[2024-08-26 00:48:02.300 +00:00] [INF] [69] Emby.Server.Implementations.Session.SessionWebSocketListener: Sending ForceKeepAlive message to 1 inactive WebSockets.
[2024-08-26 00:51:26.300 +00:00] [INF] [162] Emby.Server.Implementations.Session.SessionWebSocketListener: Sending ForceKeepAlive message to 1 inactive WebSockets.
[2024-08-26 00:54:14.301 +00:00] [INF] [152] Emby.Server.Implementations.Session.SessionWebSocketListener: Sending ForceKeepAlive message to 1 inactive WebSockets.
[2024-08-26 00:57:02.302 +00:00] [INF] [149] Emby.Server.Implementations.Session.SessionWebSocketListener: Sending ForceKeepAlive message to 1 inactive WebSockets.
[2024-08-26 01:00:26.301 +00:00] [INF] [157] Emby.Server.Implementations.Session.SessionWebSocketListener: Sending ForceKeepAlive message to 1 inactive WebSockets.
[2024-08-26 01:03:14.300 +00:00] [INF] [68] Emby.Server.Implementations.Session.SessionWebSocketListener: Sending ForceKeepAlive message to 1 inactive WebSockets.
[2024-08-26 01:06:02.300 +00:00] [INF] [66] Emby.Server.Implementations.Session.SessionWebSocketListener: Sending ForceKeepAlive message to 1 inactive WebSockets.
[2024-08-26 01:09:26.301 +00:00] [INF] [52] Emby.Server.Implementations.Session.SessionWebSocketListener: Sending ForceKeepAlive message to 1 inactive WebSockets.
[2024-08-26 01:12:14.301 +00:00] [INF] [43] Emby.Server.Implementations.Session.SessionWebSocketListener: Sending ForceKeepAlive message to 1 inactive WebSockets.
[2024-08-26 01:15:02.301 +00:00] [INF] [42] Emby.Server.Implementations.Session.SessionWebSocketListener: Sending ForceKeepAlive message to 1 inactive WebSockets.
[2024-08-26 01:18:26.301 +00:00] [INF] [19] Emby.Server.Implementations.Session.SessionWebSocketListener: Sending ForceKeepAlive message to 1 inactive WebSockets.
[2024-08-26 01:21:14.301 +00:00] [INF] [146] Emby.Server.Implementations.Session.SessionWebSocketListener: Sending ForceKeepAlive message to 1 inactive WebSockets.
[2024-08-26 01:24:02.301 +00:00] [INF] [139] Emby.Server.Implementations.Session.SessionWebSocketListener: Sending ForceKeepAlive message to 1 inactive WebSockets.
[2024-08-26 01:27:26.301 +00:00] [INF] [129] Emby.Server.Implementations.Session.SessionWebSocketListener: Sending ForceKeepAlive message to 1 inactive WebSockets.
[2024-08-26 01:30:14.301 +00:00] [INF] [114] Emby.Server.Implementations.Session.SessionWebSocketListener: Sending ForceKeepAlive message to 1 inactive WebSockets.
[2024-08-26 01:33:02.301 +00:00] [INF] [107] Emby.Server.Implementations.Session.SessionWebSocketListener: Sending ForceKeepAlive message to 1 inactive WebSockets.
[2024-08-26 01:36:26.302 +00:00] [INF] [100] Emby.Server.Implementations.Session.SessionWebSocketListener: Sending ForceKeepAlive message to 1 inactive WebSockets.
[2024-08-26 01:39:14.301 +00:00] [INF] [92] Emby.Server.Implementations.Session.SessionWebSocketListener: Sending ForceKeepAlive message to 1 inactive WebSockets.
[2024-08-26 01:42:02.300 +00:00] [INF] [81] Emby.Server.Implementations.Session.SessionWebSocketListener: Sending ForceKeepAlive message to 1 inactive WebSockets.
[2024-08-26 01:45:26.301 +00:00] [INF] [75] Emby.Server.Implementations.Session.SessionWebSocketListener: Sending ForceKeepAlive message to 1 inactive WebSockets.
[2024-08-26 01:48:14.301 +00:00] [INF] [79] Emby.Server.Implementations.Session.SessionWebSocketListener: Sending ForceKeepAlive message to 1 inactive WebSockets.
[2024-08-26 01:51:02.301 +00:00] [INF] [92] Emby.Server.Implementations.Session.SessionWebSocketListener: Sending ForceKeepAlive message to 1 inactive WebSockets.
[2024-08-26 01:54:26.301 +00:00] [INF] [105] Emby.Server.Implementations.Session.SessionWebSocketListener: Sending ForceKeepAlive message to 1 inactive WebSockets.
[2024-08-26 01:57:14.300 +00:00] [INF] [109] Emby.Server.Implementations.Session.SessionWebSocketListener: Sending ForceKeepAlive message to 1 inactive WebSockets.
[2024-08-26 02:00:01.024 +00:00] [INF] [119] Emby.Server.Implementations.ScheduledTasks.TaskManager: "Extract Chapter Images" Completed after 0 minute(s) and 0 seconds
[2024-08-26 02:00:02.014 +00:00] [INF] [121] Emby.Server.Implementations.ScheduledTasks.TaskManager: Daily trigger for "Extract Chapter Images" set to fire at 2024-08-27 02:00:00.000 +00:00, which is 23:59:57.9858340 from now.
[2024-08-26 02:00:02.301 +00:00] [INF] [121] Emby.Server.Implementations.Session.SessionWebSocketListener: Sending ForceKeepAlive message to 1 inactive WebSockets.
[2024-08-26 02:03:26.300 +00:00] [INF] [110] Emby.Server.Implementations.Session.SessionWebSocketListener: Sending ForceKeepAlive message to 1 inactive WebSockets.
[2024-08-26 02:06:14.301 +00:00] [INF] [102] Emby.Server.Implementations.Session.SessionWebSocketListener: Sending ForceKeepAlive message to 1 inactive WebSockets.
[2024-08-26 02:09:02.301 +00:00] [INF] [20] Emby.Server.Implementations.Session.SessionWebSocketListener: Sending ForceKeepAlive message to 1 inactive WebSockets.
[2024-08-26 02:12:26.301 +00:00] [INF] [82] Emby.Server.Implementations.Session.SessionWebSocketListener: Sending ForceKeepAlive message to 1 inactive WebSockets.
[2024-08-26 02:15:14.300 +00:00] [INF] [75] Emby.Server.Implementations.Session.SessionWebSocketListener: Sending ForceKeepAlive message to 1 inactive WebSockets.
[2024-08-26 02:18:02.301 +00:00] [INF] [125] Emby.Server.Implementations.Session.SessionWebSocketListener: Sending ForceKeepAlive message to 1 inactive WebSockets.
[2024-08-26 02:21:26.301 +00:00] [INF] [130] Emby.Server.Implementations.Session.SessionWebSocketListener: Sending ForceKeepAlive message to 1 inactive WebSockets.
[2024-08-26 02:24:14.302 +00:00] [INF] [143] Emby.Server.Implementations.Session.SessionWebSocketListener: Sending ForceKeepAlive message to 1 inactive WebSockets.
[2024-08-26 02:27:02.302 +00:00] [INF] [168] Emby.Server.Implementations.Session.SessionWebSocketListener: Sending ForceKeepAlive message to 1 inactive WebSockets.
[2024-08-26 02:30:26.301 +00:00] [INF] [11] Emby.Server.Implementations.Session.SessionWebSocketListener: Sending ForceKeepAlive message to 1 inactive WebSockets.
[2024-08-26 02:33:14.301 +00:00] [INF] [18] Emby.Server.Implementations.Session.SessionWebSocketListener: Sending ForceKeepAlive message to 1 inactive WebSockets.
[2024-08-26 02:36:02.301 +00:00] [INF] [140] Emby.Server.Implementations.Session.SessionWebSocketListener: Sending ForceKeepAlive message to 1 inactive WebSockets.
[2024-08-26 02:39:26.301 +00:00] [INF] [135] Emby.Server.Implementations.Session.SessionWebSocketListener: Sending ForceKeepAlive message to 1 inactive WebSockets.
[2024-08-26 02:42:14.301 +00:00] [INF] [127] Emby.Server.Implementations.Session.SessionWebSocketListener: Sending ForceKeepAlive message to 1 inactive WebSockets.
[2024-08-26 02:45:02.301 +00:00] [INF] [75] Emby.Server.Implementations.Session.SessionWebSocketListener: Sending ForceKeepAlive message to 1 inactive WebSockets.
[2024-08-26 02:48:26.301 +00:00] [INF] [81] Emby.Server.Implementations.Session.SessionWebSocketListener: Sending ForceKeepAlive message to 1 inactive WebSockets.
[2024-08-26 02:51:14.300 +00:00] [INF] [86] Emby.Server.Implementations.Session.SessionWebSocketListener: Sending ForceKeepAlive message to 1 inactive WebSockets.
[2024-08-26 02:54:02.301 +00:00] [INF] [92] Emby.Server.Implementations.Session.SessionWebSocketListener: Sending ForceKeepAlive message to 1 inactive WebSockets.
[2024-08-26 02:57:26.301 +00:00] [INF] [20] Emby.Server.Implementations.Session.SessionWebSocketListener: Sending ForceKeepAlive message to 1 inactive WebSockets.
[2024-08-26 03:00:01.028 +00:00] [INF] [92] Emby.Server.Implementations.ScheduledTasks.TaskManager: "Generate Trickplay Images" Completed after 0 minute(s) and 0 seconds
[2024-08-26 03:00:02.013 +00:00] [INF] [104] Emby.Server.Implementations.ScheduledTasks.TaskManager: Daily trigger for "Generate Trickplay Images" set to fire at 2024-08-27 03:00:00.000 +00:00, which is 23:59:57.9862710 from now.
[2024-08-26 03:00:14.300 +00:00] [INF] [104] Emby.Server.Implementations.Session.SessionWebSocketListener: Sending ForceKeepAlive message to 1 inactive WebSockets.
[2024-08-26 03:03:02.301 +00:00] [INF] [20] Emby.Server.Implementations.Session.SessionWebSocketListener: Sending ForceKeepAlive message to 1 inactive WebSockets.
[2024-08-26 03:06:26.301 +00:00] [INF] [90] Emby.Server.Implementations.Session.SessionWebSocketListener: Sending ForceKeepAlive message to 1 inactive WebSockets.
[2024-08-26 03:09:14.301 +00:00] [INF] [82] Emby.Server.Implementations.Session.SessionWebSocketListener: Sending ForceKeepAlive message to 1 inactive WebSockets.
[2024-08-26 03:12:02.301 +00:00] [INF] [122] Emby.Server.Implementations.Session.SessionWebSocketListener: Sending ForceKeepAlive message to 1 inactive WebSockets.
[2024-08-26 03:15:26.301 +00:00] [INF] [127] Emby.Server.Implementations.Session.SessionWebSocketListener: Sending ForceKeepAlive message to 1 inactive WebSockets.
[2024-08-26 03:18:14.302 +00:00] [INF] [128] Emby.Server.Implementations.Session.SessionWebSocketListener: Sending ForceKeepAlive message to 1 inactive WebSockets.
[2024-08-26 03:21:02.302 +00:00] [INF] [24] Emby.Server.Implementations.Session.SessionWebSocketListener: Sending ForceKeepAlive message to 1 inactive WebSockets.
[2024-08-26 03:24:26.301 +00:00] [INF] [3] Emby.Server.Implementations.Session.SessionWebSocketListener: Sending ForceKeepAlive message to 1 inactive WebSockets.
[2024-08-26 03:27:14.301 +00:00] [INF] [109] Emby.Server.Implementations.Session.SessionWebSocketListener: Sending ForceKeepAlive message to 1 inactive WebSockets.
[2024-08-26 03:30:02.302 +00:00] [INF] [118] Emby.Server.Implementations.Session.SessionWebSocketListener: Sending ForceKeepAlive message to 1 inactive WebSockets.
[2024-08-26 03:33:26.300 +00:00] [INF] [113] Emby.Server.Implementations.Session.SessionWebSocketListener: Sending ForceKeepAlive message to 1 inactive WebSockets.
[2024-08-26 03:36:14.301 +00:00] [INF] [110] Emby.Server.Implementations.Session.SessionWebSocketListener: Sending ForceKeepAlive message to 1 inactive WebSockets.
[2024-08-26 03:39:02.301 +00:00] [INF] [147] Emby.Server.Implementations.Session.SessionWebSocketListener: Sending ForceKeepAlive message to 1 inactive WebSockets.
[2024-08-26 03:42:26.301 +00:00] [INF] [146] Emby.Server.Implementations.Session.SessionWebSocketListener: Sending ForceKeepAlive message to 1 inactive WebSockets.
[2024-08-26 03:45:14.301 +00:00] [INF] [134] Emby.Server.Implementations.Session.SessionWebSocketListener: Sending ForceKeepAlive message to 1 inactive WebSockets.
[2024-08-26 03:48:02.301 +00:00] [INF] [125] Emby.Server.Implementations.Session.SessionWebSocketListener: Sending ForceKeepAlive message to 1 inactive WebSockets.
[2024-08-26 03:51:26.301 +00:00] [INF] [72] Emby.Server.Implementations.Session.SessionWebSocketListener: Sending ForceKeepAlive message to 1 inactive WebSockets.
[2024-08-26 03:54:14.300 +00:00] [INF] [86] Emby.Server.Implementations.Session.SessionWebSocketListener: Sending ForceKeepAlive message to 1 inactive WebSockets.
[2024-08-26 03:57:02.301 +00:00] [INF] [90] Emby.Server.Implementations.Session.SessionWebSocketListener: Sending ForceKeepAlive message to 1 inactive WebSockets.
[2024-08-26 04:00:26.300 +00:00] [INF] [32] Emby.Server.Implementations.Session.SessionWebSocketListener: Sending ForceKeepAlive message to 1 inactive WebSockets.
[2024-08-26 04:03:14.301 +00:00] [INF] [35] Emby.Server.Implementations.Session.SessionWebSocketListener: Sending ForceKeepAlive message to 1 inactive WebSockets.
[2024-08-26 04:06:02.301 +00:00] [INF] [49] Emby.Server.Implementations.Session.SessionWebSocketListener: Sending ForceKeepAlive message to 1 inactive WebSockets.
[2024-08-26 04:09:26.301 +00:00] [INF] [51] Emby.Server.Implementations.Session.SessionWebSocketListener: Sending ForceKeepAlive message to 1 inactive WebSockets.
[2024-08-26 04:12:14.301 +00:00] [INF] [68] Emby.Server.Implementations.Session.SessionWebSocketListener: Sending ForceKeepAlive message to 1 inactive WebSockets.
[2024-08-26 04:15:02.301 +00:00] [INF] [73] Emby.Server.Implementations.Session.SessionWebSocketListener: Sending ForceKeepAlive message to 1 inactive WebSockets.
[2024-08-26 04:18:26.301 +00:00] [INF] [27] Emby.Server.Implementations.Session.SessionWebSocketListener: Sending ForceKeepAlive message to 1 inactive WebSockets.
[2024-08-26 04:21:14.300 +00:00] [INF] [152] Emby.Server.Implementations.Session.SessionWebSocketListener: Sending ForceKeepAlive message to 1 inactive WebSockets.
[2024-08-26 04:24:02.301 +00:00] [INF] [149] Emby.Server.Implementations.Session.SessionWebSocketListener: Sending ForceKeepAlive message to 1 inactive WebSockets.
[2024-08-26 04:27:26.301 +00:00] [INF] [164] Emby.Server.Implementations.Session.SessionWebSocketListener: Sending ForceKeepAlive message to 1 inactive WebSockets.
[2024-08-26 04:30:14.301 +00:00] [INF] [163] Emby.Server.Implementations.Session.SessionWebSocketListener: Sending ForceKeepAlive message to 1 inactive WebSockets.
[2024-08-26 04:33:02.301 +00:00] [INF] [163] Emby.Server.Implementations.Session.SessionWebSocketListener: Sending ForceKeepAlive message to 1 inactive WebSockets.
[2024-08-26 04:36:26.301 +00:00] [INF] [57] Emby.Server.Implementations.Session.SessionWebSocketListener: Sending ForceKeepAlive message to 1 inactive WebSockets.
[2024-08-26 04:39:14.301 +00:00] [INF] [46] Emby.Server.Implementations.Session.SessionWebSocketListener: Sending ForceKeepAlive message to 1 inactive WebSockets.
[2024-08-26 04:42:02.301 +00:00] [INF] [39] Emby.Server.Implementations.Session.SessionWebSocketListener: Sending ForceKeepAlive message to 1 inactive WebSockets.
[2024-08-26 04:45:26.302 +00:00] [INF] [103] Emby.Server.Implementations.Session.SessionWebSocketListener: Sending ForceKeepAlive message to 1 inactive WebSockets.
[2024-08-26 04:48:14.301 +00:00] [INF] [91] Emby.Server.Implementations.Session.SessionWebSocketListener: Sending ForceKeepAlive message to 1 inactive WebSockets.
[2024-08-26 04:51:02.301 +00:00] [INF] [83] Emby.Server.Implementations.Session.SessionWebSocketListener: Sending ForceKeepAlive message to 1 inactive WebSockets.
[2024-08-26 04:54:26.301 +00:00] [INF] [89] Emby.Server.Implementations.Session.SessionWebSocketListener: Sending ForceKeepAlive message to 1 inactive WebSockets.
[2024-08-26 04:57:14.301 +00:00] [INF] [132] Emby.Server.Implementations.Session.SessionWebSocketListener: Sending ForceKeepAlive message to 1 inactive WebSockets.
[2024-08-26 05:00:02.301 +00:00] [INF] [138] Emby.Server.Implementations.Session.SessionWebSocketListener: Sending ForceKeepAlive message to 1 inactive WebSockets.
[2024-08-26 05:03:26.301 +00:00] [INF] [18] Emby.Server.Implementations.Session.SessionWebSocketListener: Sending ForceKeepAlive message to 1 inactive WebSockets.
[2024-08-26 05:06:14.301 +00:00] [INF] [109] Emby.Server.Implementations.Session.SessionWebSocketListener: Sending ForceKeepAlive message to 1 inactive WebSockets.
[2024-08-26 05:09:02.301 +00:00] [INF] [112] Emby.Server.Implementations.Session.SessionWebSocketListener: Sending ForceKeepAlive message to 1 inactive WebSockets.
[2024-08-26 05:12:26.301 +00:00] [INF] [112] Emby.Server.Implementations.Session.SessionWebSocketListener: Sending ForceKeepAlive message to 1 inactive WebSockets.
[2024-08-26 05:15:14.302 +00:00] [INF] [25] Emby.Server.Implementations.Session.SessionWebSocketListener: Sending ForceKeepAlive message to 1 inactive WebSockets.
[2024-08-26 05:18:02.301 +00:00] [INF] [24] Emby.Server.Implementations.Session.SessionWebSocketListener: Sending ForceKeepAlive message to 1 inactive WebSockets.
[2024-08-26 05:21:26.301 +00:00] [INF] [139] Emby.Server.Implementations.Session.SessionWebSocketListener: Sending ForceKeepAlive message to 1 inactive WebSockets.
[2024-08-26 05:23:43.327 +00:00] [INF] [130] Emby.Server.Implementations.Library.LibraryManager: People validation complete
[2024-08-26 05:23:43.327 +00:00] [INF] [130] Emby.Server.Implementations.ScheduledTasks.TaskManager: "Refresh People" Completed after 0 minute(s) and 0 seconds
[2024-08-26 05:23:48.388 +00:00] [INF] [132] Emby.Server.Implementations.ScheduledTasks.TaskManager: "Download missing subtitles" Completed after 0 minute(s) and 0 seconds
[2024-08-26 05:23:48.422 +00:00] [INF] [133] Emby.Server.Implementations.ScheduledTasks.TaskManager: "Audio Normalization" Completed after 0 minute(s) and 0 seconds
[2024-08-26 05:23:48.449 +00:00] [INF] [131] Emby.Server.Implementations.ScheduledTasks.TaskManager: "Clean Log Directory" Completed after 0 minute(s) and 0 seconds
[2024-08-26 05:23:48.479 +00:00] [INF] [131] Emby.Server.Implementations.ScheduledTasks.TaskManager: "Clean Transcode Directory" Completed after 0 minute(s) and 0 seconds
[2024-08-26 05:23:48.509 +00:00] [INF] [133] Emby.Server.Implementations.ScheduledTasks.TaskManager: "Clean Cache Directory" Completed after 0 minute(s) and 0 seconds
[2024-08-26 05:23:48.544 +00:00] [INF] [132] Emby.Server.Implementations.ScheduledTasks.TaskManager: "TasksRefreshChannels" Completed after 0 minute(s) and 0 seconds
[2024-08-26 05:23:48.867 +00:00] [INF] [130] Emby.Server.Implementations.ScheduledTasks.Tasks.OptimizeDatabaseTask: Optimizing and vacuuming jellyfin.db...
[2024-08-26 05:23:48.918 +00:00] [INF] [130] Emby.Server.Implementations.ScheduledTasks.Tasks.OptimizeDatabaseTask: jellyfin.db optimized successfully!
[2024-08-26 05:23:48.918 +00:00] [INF] [130] Emby.Server.Implementations.ScheduledTasks.TaskManager: "Optimize database" Completed after 0 minute(s) and 0 seconds
[2024-08-26 05:24:14.302 +00:00] [INF] [130] Emby.Server.Implementations.Session.SessionWebSocketListener: Sending ForceKeepAlive message to 1 inactive WebSockets.
[2024-08-26 05:27:02.301 +00:00] [INF] [136] Emby.Server.Implementations.Session.SessionWebSocketListener: Sending ForceKeepAlive message to 1 inactive WebSockets.
[2024-08-26 05:30:26.301 +00:00] [INF] [144] Emby.Server.Implementations.Session.SessionWebSocketListener: Sending ForceKeepAlive message to 1 inactive WebSockets.
[2024-08-26 05:33:14.300 +00:00] [INF] [106] Emby.Server.Implementations.Session.SessionWebSocketListener: Sending ForceKeepAlive message to 1 inactive WebSockets.
[2024-08-26 05:36:02.301 +00:00] [INF] [113] Emby.Server.Implementations.Session.SessionWebSocketListener: Sending ForceKeepAlive message to 1 inactive WebSockets.
[2024-08-26 05:39:26.300 +00:00] [INF] [125] Emby.Server.Implementations.Session.SessionWebSocketListener: Sending ForceKeepAlive message to 1 inactive WebSockets.
[2024-08-26 05:42:14.301 +00:00] [INF] [77] Emby.Server.Implementations.Session.SessionWebSocketListener: Sending ForceKeepAlive message to 1 inactive WebSockets.
[2024-08-26 05:45:02.301 +00:00] [INF] [87] Emby.Server.Implementations.Session.SessionWebSocketListener: Sending ForceKeepAlive message to 1 inactive WebSockets.
[2024-08-26 05:48:26.301 +00:00] [INF] [104] Emby.Server.Implementations.Session.SessionWebSocketListener: Sending ForceKeepAlive message to 1 inactive WebSockets.
[2024-08-26 05:51:14.301 +00:00] [INF] [104] Emby.Server.Implementations.Session.SessionWebSocketListener: Sending ForceKeepAlive message to 1 inactive WebSockets.
[2024-08-26 05:54:02.301 +00:00] [INF] [37] Emby.Server.Implementations.Session.SessionWebSocketListener: Sending ForceKeepAlive message to 1 inactive WebSockets.
[2024-08-26 05:57:26.300 +00:00] [INF] [100] Emby.Server.Implementations.Session.SessionWebSocketListener: Sending ForceKeepAlive message to 1 inactive WebSockets.
[2024-08-26 06:00:14.301 +00:00] [INF] [105] Emby.Server.Implementations.Session.SessionWebSocketListener: Sending ForceKeepAlive message to 1 inactive WebSockets.
[2024-08-26 06:03:02.301 +00:00] [INF] [86] Emby.Server.Implementations.Session.SessionWebSocketListener: Sending ForceKeepAlive message to 1 inactive WebSockets.
[2024-08-26 06:06:26.301 +00:00] [INF] [80] Emby.Server.Implementations.Session.SessionWebSocketListener: Sending ForceKeepAlive message to 1 inactive WebSockets.
[2024-08-26 06:09:14.300 +00:00] [INF] [125] Emby.Server.Implementations.Session.SessionWebSocketListener: Sending ForceKeepAlive message to 1 inactive WebSockets.
[2024-08-26 06:12:02.301 +00:00] [INF] [120] Emby.Server.Implementations.Session.SessionWebSocketListener: Sending ForceKeepAlive message to 1 inactive WebSockets.
[2024-08-26 06:15:26.302 +00:00] [INF] [107] Emby.Server.Implementations.Session.SessionWebSocketListener: Sending ForceKeepAlive message to 1 inactive WebSockets.
[2024-08-26 06:18:14.301 +00:00] [INF] [3] Emby.Server.Implementations.Session.SessionWebSocketListener: Sending ForceKeepAlive message to 1 inactive WebSockets.
[2024-08-26 06:21:02.301 +00:00] [INF] [144] Emby.Server.Implementations.Session.SessionWebSocketListener: Sending ForceKeepAlive message to 1 inactive WebSockets.
[2024-08-26 06:24:00.590 +00:00] [INF] [129] Jellyfin.LiveTv.Guide.GuideManager: Refreshing guide with 7 days of guide data
[2024-08-26 06:24:00.596 +00:00] [INF] [129] Emby.Server.Implementations.ScheduledTasks.TaskManager: "Refresh Guide" Completed after 0 minute(s) and 3 seconds
[2024-08-26 06:24:26.301 +00:00] [INF] [129] Emby.Server.Implementations.Session.SessionWebSocketListener: Sending ForceKeepAlive message to 1 inactive WebSockets.
[2024-08-26 06:27:14.300 +00:00] [INF] [137] Emby.Server.Implementations.Session.SessionWebSocketListener: Sending ForceKeepAlive message to 1 inactive WebSockets.
[2024-08-26 06:30:02.301 +00:00] [INF] [146] Emby.Server.Implementations.Session.SessionWebSocketListener: Sending ForceKeepAlive message to 1 inactive WebSockets.
[2024-08-26 06:33:26.301 +00:00] [INF] [107] Emby.Server.Implementations.Session.SessionWebSocketListener: Sending ForceKeepAlive message to 1 inactive WebSockets.
[2024-08-26 06:36:14.301 +00:00] [INF] [108] Emby.Server.Implementations.Session.SessionWebSocketListener: Sending ForceKeepAlive message to 1 inactive WebSockets.
[2024-08-26 06:39:02.301 +00:00] [INF] [121] Emby.Server.Implementations.Session.SessionWebSocketListener: Sending ForceKeepAlive message to 1 inactive WebSockets.
[2024-08-26 06:42:26.301 +00:00] [INF] [128] Emby.Server.Implementations.Session.SessionWebSocketListener: Sending ForceKeepAlive message to 1 inactive WebSockets.
[2024-08-26 06:45:14.301 +00:00] [INF] [124] Emby.Server.Implementations.Session.SessionWebSocketListener: Sending ForceKeepAlive message to 1 inactive WebSockets.
[2024-08-26 06:48:02.301 +00:00] [INF] [75] Emby.Server.Implementations.Session.SessionWebSocketListener: Sending ForceKeepAlive message to 1 inactive WebSockets.
[2024-08-26 06:51:26.301 +00:00] [INF] [79] Emby.Server.Implementations.Session.SessionWebSocketListener: Sending ForceKeepAlive message to 1 inactive WebSockets.
[2024-08-26 06:54:14.301 +00:00] [INF] [87] Emby.Server.Implementations.Session.SessionWebSocketListener: Sending ForceKeepAlive message to 1 inactive WebSockets.
[2024-08-26 06:57:02.301 +00:00] [INF] [83] Emby.Server.Implementations.Session.SessionWebSocketListener: Sending ForceKeepAlive message to 1 inactive WebSockets.
[2024-08-26 07:00:26.301 +00:00] [INF] [99] Emby.Server.Implementations.Session.SessionWebSocketListener: Sending ForceKeepAlive message to 1 inactive WebSockets.
[2024-08-26 07:03:14.301 +00:00] [INF] [91] Emby.Server.Implementations.Session.SessionWebSocketListener: Sending ForceKeepAlive message to 1 inactive WebSockets.
[2024-08-26 07:06:02.301 +00:00] [INF] [84] Emby.Server.Implementations.Session.SessionWebSocketListener: Sending ForceKeepAlive message to 1 inactive WebSockets.
[2024-08-26 07:09:26.301 +00:00] [INF] [76] Emby.Server.Implementations.Session.SessionWebSocketListener: Sending ForceKeepAlive message to 1 inactive WebSockets.
[2024-08-26 07:12:14.301 +00:00] [INF] [127] Emby.Server.Implementations.Session.SessionWebSocketListener: Sending ForceKeepAlive message to 1 inactive WebSockets.
[2024-08-26 07:15:02.301 +00:00] [INF] [117] Emby.Server.Implementations.Session.SessionWebSocketListener: Sending ForceKeepAlive message to 1 inactive WebSockets.
[2024-08-26 07:18:26.301 +00:00] [INF] [115] Emby.Server.Implementations.Session.SessionWebSocketListener: Sending ForceKeepAlive message to 1 inactive WebSockets.
[2024-08-26 07:21:14.300 +00:00] [INF] [11] Emby.Server.Implementations.Session.SessionWebSocketListener: Sending ForceKeepAlive message to 1 inactive WebSockets.
[2024-08-26 07:24:02.301 +00:00] [INF] [142] Emby.Server.Implementations.Session.SessionWebSocketListener: Sending ForceKeepAlive message to 1 inactive WebSockets.
[2024-08-26 07:27:26.301 +00:00] [INF] [137] Emby.Server.Implementations.Session.SessionWebSocketListener: Sending ForceKeepAlive message to 1 inactive WebSockets.
[2024-08-26 07:30:14.300 +00:00] [INF] [105] Emby.Server.Implementations.Session.SessionWebSocketListener: Sending ForceKeepAlive message to 1 inactive WebSockets.
[2024-08-26 07:33:02.301 +00:00] [INF] [142] Emby.Server.Implementations.Session.SessionWebSocketListener: Sending ForceKeepAlive message to 1 inactive WebSockets.
[2024-08-26 07:36:26.301 +00:00] [INF] [24] Emby.Server.Implementations.Session.SessionWebSocketListener: Sending ForceKeepAlive message to 1 inactive WebSockets.
[2024-08-26 07:39:14.301 +00:00] [INF] [106] Emby.Server.Implementations.Session.SessionWebSocketListener: Sending ForceKeepAlive message to 1 inactive WebSockets.
[2024-08-26 07:42:02.301 +00:00] [INF] [111] Emby.Server.Implementations.Session.SessionWebSocketListener: Sending ForceKeepAlive message to 1 inactive WebSockets.
[2024-08-26 07:45:26.301 +00:00] [INF] [120] Emby.Server.Implementations.Session.SessionWebSocketListener: Sending ForceKeepAlive message to 1 inactive WebSockets.
[2024-08-26 07:48:14.302 +00:00] [INF] [112] Emby.Server.Implementations.Session.SessionWebSocketListener: Sending ForceKeepAlive message to 1 inactive WebSockets.
[2024-08-26 07:51:02.300 +00:00] [INF] [124] Emby.Server.Implementations.Session.SessionWebSocketListener: Sending ForceKeepAlive message to 1 inactive WebSockets.
[2024-08-26 07:54:26.301 +00:00] [INF] [77] Emby.Server.Implementations.Session.SessionWebSocketListener: Sending ForceKeepAlive message to 1 inactive WebSockets.
[2024-08-26 07:57:14.301 +00:00] [INF] [93] Emby.Server.Implementations.Session.SessionWebSocketListener: Sending ForceKeepAlive message to 1 inactive WebSockets.
[2024-08-26 08:00:02.301 +00:00] [INF] [10] Emby.Server.Implementations.Session.SessionWebSocketListener: Sending ForceKeepAlive message to 1 inactive WebSockets.
[2024-08-26 08:03:26.301 +00:00] [INF] [132] Emby.Server.Implementations.Session.SessionWebSocketListener: Sending ForceKeepAlive message to 1 inactive WebSockets.
[2024-08-26 08:06:14.300 +00:00] [INF] [44] Emby.Server.Implementations.Session.SessionWebSocketListener: Sending ForceKeepAlive message to 1 inactive WebSockets.
[2024-08-26 08:09:02.301 +00:00] [INF] [50] Emby.Server.Implementations.Session.SessionWebSocketListener: Sending ForceKeepAlive message to 1 inactive WebSockets.
[2024-08-26 08:12:26.300 +00:00] [INF] [69] Emby.Server.Implementations.Session.SessionWebSocketListener: Sending ForceKeepAlive message to 1 inactive WebSockets.
[2024-08-26 08:15:14.301 +00:00] [INF] [158] Emby.Server.Implementations.Session.SessionWebSocketListener: Sending ForceKeepAlive message to 1 inactive WebSockets.
[2024-08-26 08:18:02.301 +00:00] [INF] [153] Emby.Server.Implementations.Session.SessionWebSocketListener: Sending ForceKeepAlive message to 1 inactive WebSockets.
[2024-08-26 08:21:26.300 +00:00] [INF] [168] Emby.Server.Implementations.Session.SessionWebSocketListener: Sending ForceKeepAlive message to 1 inactive WebSockets.
[2024-08-26 08:24:14.301 +00:00] [INF] [170] Emby.Server.Implementations.Session.SessionWebSocketListener: Sending ForceKeepAlive message to 1 inactive WebSockets.
[2024-08-26 08:27:02.301 +00:00] [INF] [164] Emby.Server.Implementations.Session.SessionWebSocketListener: Sending ForceKeepAlive message to 1 inactive WebSockets.
[2024-08-26 08:30:26.301 +00:00] [INF] [26] Emby.Server.Implementations.Session.SessionWebSocketListener: Sending ForceKeepAlive message to 1 inactive WebSockets.
[2024-08-26 08:33:14.301 +00:00] [INF] [74] Emby.Server.Implementations.Session.SessionWebSocketListener: Sending ForceKeepAlive message to 1 inactive WebSockets.
[2024-08-26 08:36:02.302 +00:00] [INF] [60] Emby.Server.Implementations.Session.SessionWebSocketListener: Sending ForceKeepAlive message to 1 inactive WebSockets.
[2024-08-26 08:39:26.301 +00:00] [INF] [53] Emby.Server.Implementations.Session.SessionWebSocketListener: Sending ForceKeepAlive message to 1 inactive WebSockets.
[2024-08-26 08:42:14.301 +00:00] [INF] [133] Emby.Server.Implementations.Session.SessionWebSocketListener: Sending ForceKeepAlive message to 1 inactive WebSockets.
[2024-08-26 08:45:02.302 +00:00] [INF] [36] Emby.Server.Implementations.Session.SessionWebSocketListener: Sending ForceKeepAlive message to 1 inactive WebSockets.
[2024-08-26 08:48:26.301 +00:00] [INF] [23] Emby.Server.Implementations.Session.SessionWebSocketListener: Sending ForceKeepAlive message to 1 inactive WebSockets.
[2024-08-26 08:51:14.301 +00:00] [INF] [87] Emby.Server.Implementations.Session.SessionWebSocketListener: Sending ForceKeepAlive message to 1 inactive WebSockets.
[2024-08-26 08:54:02.301 +00:00] [INF] [81] Emby.Server.Implementations.Session.SessionWebSocketListener: Sending ForceKeepAlive message to 1 inactive WebSockets.
[2024-08-26 08:57:26.300 +00:00] [INF] [80] Emby.Server.Implementations.Session.SessionWebSocketListener: Sending ForceKeepAlive message to 1 inactive WebSockets.
[2024-08-26 09:00:14.301 +00:00] [INF] [121] Emby.Server.Implementations.Session.SessionWebSocketListener: Sending ForceKeepAlive message to 1 inactive WebSockets.
[2024-08-26 09:03:02.301 +00:00] [INF] [115] Emby.Server.Implementations.Session.SessionWebSocketListener: Sending ForceKeepAlive message to 1 inactive WebSockets.
[2024-08-26 09:06:26.301 +00:00] [INF] [16] Emby.Server.Implementations.Session.SessionWebSocketListener: Sending ForceKeepAlive message to 1 inactive WebSockets.
[2024-08-26 09:09:14.301 +00:00] [INF] [139] Emby.Server.Implementations.Session.SessionWebSocketListener: Sending ForceKeepAlive message to 1 inactive WebSockets.
[2024-08-26 09:10:58.672 +00:00] [INF] [140] Emby.Server.Implementations.IO.LibraryMonitor: Stopping directory watching for path "/media"
[2024-08-26 09:10:58.672 +00:00] [INF] [140] Emby.Server.Implementations.IO.LibraryMonitor: Stopping directory watching for path "/media2"
[2024-08-26 09:10:58.672 +00:00] [INF] [140] Emby.Server.Implementations.Library.LibraryManager: Validating media library
[2024-08-26 09:10:58.679 +00:00] [WRN] [140] MediaBrowser.Controller.Entities.BaseItem: Library folder "/config/data/playlists" is inaccessible or empty, skipping
[2024-08-26 09:10:58.712 +00:00] [WRN] [105] MediaBrowser.Controller.Entities.BaseItem: Library folder "/config/data/playlists" is inaccessible or empty, skipping
[2024-08-26 09:10:58.719 +00:00] [INF] [138] Emby.Server.Implementations.ScheduledTasks.TaskManager: "Scan Media Library" Completed after 0 minute(s) and 0 seconds
[2024-08-26 09:10:58.771 +00:00] [INF] [137] Emby.Server.Implementations.IO.LibraryMonitor: Watching directory "/media"
[2024-08-26 09:10:58.771 +00:00] [INF] [105] Emby.Server.Implementations.IO.LibraryMonitor: Watching directory "/media2"
[2024-08-26 09:12:02.301 +00:00] [INF] [41] Emby.Server.Implementations.Session.SessionWebSocketListener: Sending ForceKeepAlive message to 1 inactive WebSockets.
[2024-08-26 09:15:26.301 +00:00] [INF] [24] Emby.Server.Implementations.Session.SessionWebSocketListener: Sending ForceKeepAlive message to 1 inactive WebSockets.
[2024-08-26 09:17:30.985 +00:00] [INF] [108] Emby.Server.Implementations.ScheduledTasks.TaskManager: "Update Plugins" Completed after 0 minute(s) and 1 seconds
[2024-08-26 09:18:14.301 +00:00] [INF] [107] Emby.Server.Implementations.Session.SessionWebSocketListener: Sending ForceKeepAlive message to 1 inactive WebSockets.
[2024-08-26 09:21:02.300 +00:00] [INF] [25] Emby.Server.Implementations.Session.SessionWebSocketListener: Sending ForceKeepAlive message to 1 inactive WebSockets.
[2024-08-26 09:24:26.301 +00:00] [INF] [16] Emby.Server.Implementations.Session.SessionWebSocketListener: Sending ForceKeepAlive message to 1 inactive WebSockets.
[2024-08-26 09:27:14.301 +00:00] [INF] [113] Emby.Server.Implementations.Session.SessionWebSocketListener: Sending ForceKeepAlive message to 1 inactive WebSockets.
[2024-08-26 09:30:02.301 +00:00] [INF] [113] Emby.Server.Implementations.Session.SessionWebSocketListener: Sending ForceKeepAlive message to 1 inactive WebSockets.
[2024-08-26 09:33:26.301 +00:00] [INF] [125] Emby.Server.Implementations.Session.SessionWebSocketListener: Sending ForceKeepAlive message to 1 inactive WebSockets.
[2024-08-26 09:36:14.301 +00:00] [INF] [76] Emby.Server.Implementations.Session.SessionWebSocketListener: Sending ForceKeepAlive message to 1 inactive WebSockets.
[2024-08-26 09:39:02.300 +00:00] [INF] [91] Emby.Server.Implementations.Session.SessionWebSocketListener: Sending ForceKeepAlive message to 1 inactive WebSockets.
[2024-08-26 09:42:26.301 +00:00] [INF] [37] Emby.Server.Implementations.Session.SessionWebSocketListener: Sending ForceKeepAlive message to 1 inactive WebSockets.
[2024-08-26 09:45:14.301 +00:00] [INF] [40] Emby.Server.Implementations.Session.SessionWebSocketListener: Sending ForceKeepAlive message to 1 inactive WebSockets.
[2024-08-26 09:48:02.301 +00:00] [INF] [44] Emby.Server.Implementations.Session.SessionWebSocketListener: Sending ForceKeepAlive message to 1 inactive WebSockets.
[2024-08-26 09:51:26.300 +00:00] [INF] [38] Emby.Server.Implementations.Session.SessionWebSocketListener: Sending ForceKeepAlive message to 1 inactive WebSockets.
[2024-08-26 09:54:14.300 +00:00] [INF] [92] Emby.Server.Implementations.Session.SessionWebSocketListener: Sending ForceKeepAlive message to 1 inactive WebSockets.
[2024-08-26 09:57:02.301 +00:00] [INF] [88] Emby.Server.Implementations.Session.SessionWebSocketListener: Sending ForceKeepAlive message to 1 inactive WebSockets.
[2024-08-26 10:00:26.301 +00:00] [INF] [72] Emby.Server.Implementations.Session.SessionWebSocketListener: Sending ForceKeepAlive message to 1 inactive WebSockets.
[2024-08-26 10:03:14.301 +00:00] [INF] [75] Emby.Server.Implementations.Session.SessionWebSocketListener: Sending ForceKeepAlive message to 1 inactive WebSockets.
[2024-08-26 10:06:02.301 +00:00] [INF] [96] Emby.Server.Implementations.Session.SessionWebSocketListener: Sending ForceKeepAlive message to 1 inactive WebSockets.
[2024-08-26 10:09:26.301 +00:00] [INF] [138] Emby.Server.Implementations.Session.SessionWebSocketListener: Sending ForceKeepAlive message to 1 inactive WebSockets.
[2024-08-26 10:12:14.302 +00:00] [INF] [142] Emby.Server.Implementations.Session.SessionWebSocketListener: Sending ForceKeepAlive message to 1 inactive WebSockets.
[2024-08-26 10:15:02.300 +00:00] [INF] [16] Emby.Server.Implementations.Session.SessionWebSocketListener: Sending ForceKeepAlive message to 1 inactive WebSockets.
[2024-08-26 10:18:26.301 +00:00] [INF] [109] Emby.Server.Implementations.Session.SessionWebSocketListener: Sending ForceKeepAlive message to 1 inactive WebSockets.
[2024-08-26 10:21:14.301 +00:00] [INF] [53] Emby.Server.Implementations.Session.SessionWebSocketListener: Sending ForceKeepAlive message to 1 inactive WebSockets.
[2024-08-26 10:24:02.302 +00:00] [INF] [62] Emby.Server.Implementations.Session.SessionWebSocketListener: Sending ForceKeepAlive message to 1 inactive WebSockets.
[2024-08-26 10:27:26.301 +00:00] [INF] [157] Emby.Server.Implementations.Session.SessionWebSocketListener: Sending ForceKeepAlive message to 1 inactive WebSockets.
[2024-08-26 10:30:14.300 +00:00] [INF] [157] Emby.Server.Implementations.Session.SessionWebSocketListener: Sending ForceKeepAlive message to 1 inactive WebSockets.
[2024-08-26 10:33:02.301 +00:00] [INF] [15] Emby.Server.Implementations.Session.SessionWebSocketListener: Sending ForceKeepAlive message to 1 inactive WebSockets.
[2024-08-26 10:36:26.301 +00:00] [INF] [104] Emby.Server.Implementations.Session.SessionWebSocketListener: Sending ForceKeepAlive message to 1 inactive WebSockets.
[2024-08-26 10:39:14.300 +00:00] [INF] [102] Emby.Server.Implementations.Session.SessionWebSocketListener: Sending ForceKeepAlive message to 1 inactive WebSockets.
[2024-08-26 10:42:02.302 +00:00] [INF] [152] Emby.Server.Implementations.Session.SessionWebSocketListener: Sending ForceKeepAlive message to 1 inactive WebSockets.
[2024-08-26 10:45:26.301 +00:00] [INF] [27] Emby.Server.Implementations.Session.SessionWebSocketListener: Sending ForceKeepAlive message to 1 inactive WebSockets.
[2024-08-26 10:48:14.301 +00:00] [INF] [158] Emby.Server.Implementations.Session.SessionWebSocketListener: Sending ForceKeepAlive message to 1 inactive WebSockets.
[2024-08-26 10:51:02.301 +00:00] [INF] [73] Emby.Server.Implementations.Session.SessionWebSocketListener: Sending ForceKeepAlive message to 1 inactive WebSockets.
[2024-08-26 10:54:26.301 +00:00] [INF] [66] Emby.Server.Implementations.Session.SessionWebSocketListener: Sending ForceKeepAlive message to 1 inactive WebSockets.
[2024-08-26 10:57:14.301 +00:00] [INF] [58] Emby.Server.Implementations.Session.SessionWebSocketListener: Sending ForceKeepAlive message to 1 inactive WebSockets.
[2024-08-26 11:00:02.301 +00:00] [INF] [55] Emby.Server.Implementations.Session.SessionWebSocketListener: Sending ForceKeepAlive message to 1 inactive WebSockets.
[2024-08-26 11:03:26.301 +00:00] [INF] [31] Emby.Server.Implementations.Session.SessionWebSocketListener: Sending ForceKeepAlive message to 1 inactive WebSockets.
[2024-08-26 11:06:14.302 +00:00] [INF] [3] Emby.Server.Implementations.Session.SessionWebSocketListener: Sending ForceKeepAlive message to 1 inactive WebSockets.
[2024-08-26 11:09:02.301 +00:00] [INF] [141] Emby.Server.Implementations.Session.SessionWebSocketListener: Sending ForceKeepAlive message to 1 inactive WebSockets.
[2024-08-26 11:12:26.300 +00:00] [INF] [24] Emby.Server.Implementations.Session.SessionWebSocketListener: Sending ForceKeepAlive message to 1 inactive WebSockets.
[2024-08-26 11:15:14.301 +00:00] [INF] [18] Emby.Server.Implementations.Session.SessionWebSocketListener: Sending ForceKeepAlive message to 1 inactive WebSockets.
[2024-08-26 11:18:02.301 +00:00] [INF] [52] Emby.Server.Implementations.Session.SessionWebSocketListener: Sending ForceKeepAlive message to 1 inactive WebSockets.
[2024-08-26 11:21:26.301 +00:00] [INF] [54] Emby.Server.Implementations.Session.SessionWebSocketListener: Sending ForceKeepAlive message to 1 inactive WebSockets.
[2024-08-26 11:24:14.301 +00:00] [INF] [62] Emby.Server.Implementations.Session.SessionWebSocketListener: Sending ForceKeepAlive message to 1 inactive WebSockets.
[2024-08-26 11:27:02.301 +00:00] [INF] [71] Emby.Server.Implementations.Session.SessionWebSocketListener: Sending ForceKeepAlive message to 1 inactive WebSockets.
[2024-08-26 11:30:26.300 +00:00] [INF] [97] Emby.Server.Implementations.Session.SessionWebSocketListener: Sending ForceKeepAlive message to 1 inactive WebSockets.
[2024-08-26 11:33:14.301 +00:00] [INF] [148] Emby.Server.Implementations.Session.SessionWebSocketListener: Sending ForceKeepAlive message to 1 inactive WebSockets.
[2024-08-26 11:36:02.301 +00:00] [INF] [149] Emby.Server.Implementations.Session.SessionWebSocketListener: Sending ForceKeepAlive message to 1 inactive WebSockets.
[2024-08-26 11:39:26.301 +00:00] [INF] [168] Emby.Server.Implementations.Session.SessionWebSocketListener: Sending ForceKeepAlive message to 1 inactive WebSockets.
[2024-08-26 11:42:14.301 +00:00] [INF] [104] Emby.Server.Implementations.Session.SessionWebSocketListener: Sending ForceKeepAlive message to 1 inactive WebSockets.
[2024-08-26 11:45:02.301 +00:00] [INF] [28] Emby.Server.Implementations.Session.SessionWebSocketListener: Sending ForceKeepAlive message to 1 inactive WebSockets.
[2024-08-26 11:48:26.301 +00:00] [INF] [15] Emby.Server.Implementations.Session.SessionWebSocketListener: Sending ForceKeepAlive message to 1 inactive WebSockets.
[2024-08-26 11:51:14.301 +00:00] [INF] [97] Emby.Server.Implementations.Session.SessionWebSocketListener: Sending ForceKeepAlive message to 1 inactive WebSockets.
[2024-08-26 11:54:02.301 +00:00] [INF] [160] Emby.Server.Implementations.Session.SessionWebSocketListener: Sending ForceKeepAlive message to 1 inactive WebSockets.
[2024-08-26 11:57:26.301 +00:00] [INF] [160] Emby.Server.Implementations.Session.SessionWebSocketListener: Sending ForceKeepAlive message to 1 inactive WebSockets.
[2024-08-26 12:00:14.301 +00:00] [INF] [63] Emby.Server.Implementations.Session.SessionWebSocketListener: Sending ForceKeepAlive message to 1 inactive WebSockets.
[2024-08-26 12:03:02.301 +00:00] [INF] [108] Emby.Server.Implementations.Session.SessionWebSocketListener: Sending ForceKeepAlive message to 1 inactive WebSockets.
[2024-08-26 12:06:26.301 +00:00] [INF] [19] Emby.Server.Implementations.Session.SessionWebSocketListener: Sending ForceKeepAlive message to 1 inactive WebSockets.
[2024-08-26 12:09:14.301 +00:00] [INF] [138] Emby.Server.Implementations.Session.SessionWebSocketListener: Sending ForceKeepAlive message to 1 inactive WebSockets.
[2024-08-26 12:12:02.300 +00:00] [INF] [119] Emby.Server.Implementations.Session.SessionWebSocketListener: Sending ForceKeepAlive message to 1 inactive WebSockets.
[2024-08-26 12:15:26.302 +00:00] [INF] [89] Emby.Server.Implementations.Session.SessionWebSocketListener: Sending ForceKeepAlive message to 1 inactive WebSockets.
[2024-08-26 12:18:14.300 +00:00] [INF] [79] Emby.Server.Implementations.Session.SessionWebSocketListener: Sending ForceKeepAlive message to 1 inactive WebSockets.
[2024-08-26 12:21:02.300 +00:00] [INF] [81] Emby.Server.Implementations.Session.SessionWebSocketListener: Sending ForceKeepAlive message to 1 inactive WebSockets.
[2024-08-26 12:24:26.301 +00:00] [INF] [21] Emby.Server.Implementations.Session.SessionWebSocketListener: Sending ForceKeepAlive message to 1 inactive WebSockets.
[2024-08-26 12:27:14.301 +00:00] [INF] [130] Emby.Server.Implementations.Session.SessionWebSocketListener: Sending ForceKeepAlive message to 1 inactive WebSockets.
[2024-08-26 12:30:02.301 +00:00] [INF] [46] Emby.Server.Implementations.Session.SessionWebSocketListener: Sending ForceKeepAlive message to 1 inactive WebSockets.
[2024-08-26 12:33:26.300 +00:00] [INF] [39] Emby.Server.Implementations.Session.SessionWebSocketListener: Sending ForceKeepAlive message to 1 inactive WebSockets.
[2024-08-26 12:36:14.301 +00:00] [INF] [50] Emby.Server.Implementations.Session.SessionWebSocketListener: Sending ForceKeepAlive message to 1 inactive WebSockets.
[2024-08-26 12:39:02.301 +00:00] [INF] [42] Emby.Server.Implementations.Session.SessionWebSocketListener: Sending ForceKeepAlive message to 1 inactive WebSockets.
[2024-08-26 12:42:26.301 +00:00] [INF] [38] Emby.Server.Implementations.Session.SessionWebSocketListener: Sending ForceKeepAlive message to 1 inactive WebSockets.
[2024-08-26 12:45:14.300 +00:00] [INF] [99] Emby.Server.Implementations.Session.SessionWebSocketListener: Sending ForceKeepAlive message to 1 inactive WebSockets.
[2024-08-26 12:48:02.301 +00:00] [INF] [88] Emby.Server.Implementations.Session.SessionWebSocketListener: Sending ForceKeepAlive message to 1 inactive WebSockets.
[2024-08-26 12:51:26.301 +00:00] [INF] [77] Emby.Server.Implementations.Session.SessionWebSocketListener: Sending ForceKeepAlive message to 1 inactive WebSockets.
[2024-08-26 12:54:14.300 +00:00] [INF] [98] Emby.Server.Implementations.Session.SessionWebSocketListener: Sending ForceKeepAlive message to 1 inactive WebSockets.
[2024-08-26 12:57:02.301 +00:00] [INF] [116] Emby.Server.Implementations.Session.SessionWebSocketListener: Sending ForceKeepAlive message to 1 inactive WebSockets.
[2024-08-26 13:00:26.301 +00:00] [INF] [140] Emby.Server.Implementations.Session.SessionWebSocketListener: Sending ForceKeepAlive message to 1 inactive WebSockets.
[2024-08-26 13:03:14.302 +00:00] [INF] [137] Emby.Server.Implementations.Session.SessionWebSocketListener: Sending ForceKeepAlive message to 1 inactive WebSockets.
[2024-08-26 13:06:02.301 +00:00] [INF] [110] Emby.Server.Implementations.Session.SessionWebSocketListener: Sending ForceKeepAlive message to 1 inactive WebSockets.
[2024-08-26 13:09:26.300 +00:00] [INF] [56] Emby.Server.Implementations.Session.SessionWebSocketListener: Sending ForceKeepAlive message to 1 inactive WebSockets.
[2024-08-26 13:12:14.302 +00:00] [INF] [69] Emby.Server.Implementations.Session.SessionWebSocketListener: Sending ForceKeepAlive message to 1 inactive WebSockets.
[2024-08-26 13:15:02.301 +00:00] [INF] [74] Emby.Server.Implementations.Session.SessionWebSocketListener: Sending ForceKeepAlive message to 1 inactive WebSockets.
[2024-08-26 13:18:26.301 +00:00] [INF] [153] Emby.Server.Implementations.Session.SessionWebSocketListener: Sending ForceKeepAlive message to 1 inactive WebSockets.
[2024-08-26 13:21:14.301 +00:00] [INF] [17] Emby.Server.Implementations.Session.SessionWebSocketListener: Sending ForceKeepAlive message to 1 inactive WebSockets.
[2024-08-26 13:24:02.301 +00:00] [INF] [172] Emby.Server.Implementations.Session.SessionWebSocketListener: Sending ForceKeepAlive message to 1 inactive WebSockets.
[2024-08-26 13:27:26.301 +00:00] [INF] [103] Emby.Server.Implementations.Session.SessionWebSocketListener: Sending ForceKeepAlive message to 1 inactive WebSockets.
[2024-08-26 13:30:14.301 +00:00] [INF] [151] Emby.Server.Implementations.Session.SessionWebSocketListener: Sending ForceKeepAlive message to 1 inactive WebSockets.
[2024-08-26 13:33:02.301 +00:00] [INF] [26] Emby.Server.Implementations.Session.SessionWebSocketListener: Sending ForceKeepAlive message to 1 inactive WebSockets.
[2024-08-26 13:36:26.301 +00:00] [INF] [70] Emby.Server.Implementations.Session.SessionWebSocketListener: Sending ForceKeepAlive message to 1 inactive WebSockets.
[2024-08-26 13:39:14.301 +00:00] [INF] [67] Emby.Server.Implementations.Session.SessionWebSocketListener: Sending ForceKeepAlive message to 1 inactive WebSockets.
[2024-08-26 13:42:02.302 +00:00] [INF] [57] Emby.Server.Implementations.Session.SessionWebSocketListener: Sending ForceKeepAlive message to 1 inactive WebSockets.
[2024-08-26 13:45:26.301 +00:00] [INF] [11] Emby.Server.Implementations.Session.SessionWebSocketListener: Sending ForceKeepAlive message to 1 inactive WebSockets.
[2024-08-26 13:48:14.301 +00:00] [INF] [137] Emby.Server.Implementations.Session.SessionWebSocketListener: Sending ForceKeepAlive message to 1 inactive WebSockets.
[2024-08-26 13:51:02.300 +00:00] [INF] [114] Emby.Server.Implementations.Session.SessionWebSocketListener: Sending ForceKeepAlive message to 1 inactive WebSockets.
[2024-08-26 13:54:26.301 +00:00] [INF] [126] Emby.Server.Implementations.Session.SessionWebSocketListener: Sending ForceKeepAlive message to 1 inactive WebSockets.
[2024-08-26 13:57:14.301 +00:00] [INF] [78] Emby.Server.Implementations.Session.SessionWebSocketListener: Sending ForceKeepAlive message to 1 inactive WebSockets.
[2024-08-26 14:00:02.302 +00:00] [INF] [84] Emby.Server.Implementations.Session.SessionWebSocketListener: Sending ForceKeepAlive message to 1 inactive WebSockets.
[2024-08-26 14:03:26.301 +00:00] [INF] [29] Emby.Server.Implementations.Session.SessionWebSocketListener: Sending ForceKeepAlive message to 1 inactive WebSockets.
[2024-08-26 14:06:14.301 +00:00] [INF] [37] Emby.Server.Implementations.Session.SessionWebSocketListener: Sending ForceKeepAlive message to 1 inactive WebSockets.
[2024-08-26 14:09:02.301 +00:00] [INF] [133] Emby.Server.Implementations.Session.SessionWebSocketListener: Sending ForceKeepAlive message to 1 inactive WebSockets.
[2024-08-26 14:12:26.301 +00:00] [INF] [20] Emby.Server.Implementations.Session.SessionWebSocketListener: Sending ForceKeepAlive message to 1 inactive WebSockets.
[2024-08-26 14:15:14.302 +00:00] [INF] [49] Emby.Server.Implementations.Session.SessionWebSocketListener: Sending ForceKeepAlive message to 1 inactive WebSockets.
[2024-08-26 14:18:02.301 +00:00] [INF] [42] Emby.Server.Implementations.Session.SessionWebSocketListener: Sending ForceKeepAlive message to 1 inactive WebSockets.
[2024-08-26 14:21:26.302 +00:00] [INF] [130] Emby.Server.Implementations.Session.SessionWebSocketListener: Sending ForceKeepAlive message to 1 inactive WebSockets.
[2024-08-26 14:24:14.301 +00:00] [INF] [99] Emby.Server.Implementations.Session.SessionWebSocketListener: Sending ForceKeepAlive message to 1 inactive WebSockets.
[2024-08-26 14:27:02.301 +00:00] [INF] [83] Emby.Server.Implementations.Session.SessionWebSocketListener: Sending ForceKeepAlive message to 1 inactive WebSockets.
[2024-08-26 14:30:26.301 +00:00] [INF] [76] Emby.Server.Implementations.Session.SessionWebSocketListener: Sending ForceKeepAlive message to 1 inactive WebSockets.
[2024-08-26 14:33:14.300 +00:00] [INF] [122] Emby.Server.Implementations.Session.SessionWebSocketListener: Sending ForceKeepAlive message to 1 inactive WebSockets.
[2024-08-26 14:36:02.301 +00:00] [INF] [118] Emby.Server.Implementations.Session.SessionWebSocketListener: Sending ForceKeepAlive message to 1 inactive WebSockets.
[2024-08-26 14:39:26.301 +00:00] [INF] [138] Emby.Server.Implementations.Session.SessionWebSocketListener: Sending ForceKeepAlive message to 1 inactive WebSockets.
[2024-08-26 14:42:14.301 +00:00] [INF] [137] Emby.Server.Implementations.Session.SessionWebSocketListener: Sending ForceKeepAlive message to 1 inactive WebSockets.
[2024-08-26 14:45:02.301 +00:00] [INF] [25] Emby.Server.Implementations.Session.SessionWebSocketListener: Sending ForceKeepAlive message to 1 inactive WebSockets.
[2024-08-26 14:48:26.301 +00:00] [INF] [106] Emby.Server.Implementations.Session.SessionWebSocketListener: Sending ForceKeepAlive message to 1 inactive WebSockets.
[2024-08-26 14:51:14.301 +00:00] [INF] [51] Emby.Server.Implementations.Session.SessionWebSocketListener: Sending ForceKeepAlive message to 1 inactive WebSockets.
[2024-08-26 14:54:02.302 +00:00] [INF] [62] Emby.Server.Implementations.Session.SessionWebSocketListener: Sending ForceKeepAlive message to 1 inactive WebSockets.
[2024-08-26 14:57:26.302 +00:00] [INF] [66] Emby.Server.Implementations.Session.SessionWebSocketListener: Sending ForceKeepAlive message to 1 inactive WebSockets.
[2024-08-26 15:00:14.301 +00:00] [INF] [69] Emby.Server.Implementations.Session.SessionWebSocketListener: Sending ForceKeepAlive message to 1 inactive WebSockets.
[2024-08-26 15:03:02.301 +00:00] [INF] [161] Emby.Server.Implementations.Session.SessionWebSocketListener: Sending ForceKeepAlive message to 1 inactive WebSockets.
[2024-08-26 15:06:26.301 +00:00] [INF] [8] Emby.Server.Implementations.Session.SessionWebSocketListener: Sending ForceKeepAlive message to 1 inactive WebSockets.
[2024-08-26 15:09:14.300 +00:00] [INF] [15] Emby.Server.Implementations.Session.SessionWebSocketListener: Sending ForceKeepAlive message to 1 inactive WebSockets.
[2024-08-26 15:12:02.300 +00:00] [INF] [166] Emby.Server.Implementations.Session.SessionWebSocketListener: Sending ForceKeepAlive message to 1 inactive WebSockets.
[2024-08-26 15:15:26.301 +00:00] [INF] [136] Emby.Server.Implementations.Session.SessionWebSocketListener: Sending ForceKeepAlive message to 1 inactive WebSockets.
[2024-08-26 15:18:14.301 +00:00] [INF] [104] Emby.Server.Implementations.Session.SessionWebSocketListener: Sending ForceKeepAlive message to 1 inactive WebSockets.
[2024-08-26 15:21:02.301 +00:00] [INF] [15] Emby.Server.Implementations.Session.SessionWebSocketListener: Sending ForceKeepAlive message to 1 inactive WebSockets.
[2024-08-26 15:24:26.300 +00:00] [INF] [8] Emby.Server.Implementations.Session.SessionWebSocketListener: Sending ForceKeepAlive message to 1 inactive WebSockets.
[2024-08-26 15:27:14.301 +00:00] [INF] [159] Emby.Server.Implementations.Session.SessionWebSocketListener: Sending ForceKeepAlive message to 1 inactive WebSockets.
[2024-08-26 15:30:02.301 +00:00] [INF] [69] Emby.Server.Implementations.Session.SessionWebSocketListener: Sending ForceKeepAlive message to 1 inactive WebSockets.
[2024-08-26 15:33:26.302 +00:00] [INF] [66] Emby.Server.Implementations.Session.SessionWebSocketListener: Sending ForceKeepAlive message to 1 inactive WebSockets.
[2024-08-26 15:36:14.301 +00:00] [INF] [57] Emby.Server.Implementations.Session.SessionWebSocketListener: Sending ForceKeepAlive message to 1 inactive WebSockets.
[2024-08-26 15:39:02.301 +00:00] [INF] [109] Emby.Server.Implementations.Session.SessionWebSocketListener: Sending ForceKeepAlive message to 1 inactive WebSockets.
[2024-08-26 15:42:26.302 +00:00] [INF] [25] Emby.Server.Implementations.Session.SessionWebSocketListener: Sending ForceKeepAlive message to 1 inactive WebSockets.
[2024-08-26 15:45:14.300 +00:00] [INF] [145] Emby.Server.Implementations.Session.SessionWebSocketListener: Sending ForceKeepAlive message to 1 inactive WebSockets.
[2024-08-26 15:48:02.301 +00:00] [INF] [138] Emby.Server.Implementations.Session.SessionWebSocketListener: Sending ForceKeepAlive message to 1 inactive WebSockets.
[2024-08-26 15:51:26.302 +00:00] [INF] [146] Emby.Server.Implementations.Session.SessionWebSocketListener: Sending ForceKeepAlive message to 1 inactive WebSockets.
[2024-08-26 15:54:14.301 +00:00] [INF] [3] Emby.Server.Implementations.Session.SessionWebSocketListener: Sending ForceKeepAlive message to 1 inactive WebSockets.
[2024-08-26 15:57:02.301 +00:00] [INF] [53] Emby.Server.Implementations.Session.SessionWebSocketListener: Sending ForceKeepAlive message to 1 inactive WebSockets.
[2024-08-26 16:00:26.302 +00:00] [INF] [53] Emby.Server.Implementations.Session.SessionWebSocketListener: Sending ForceKeepAlive message to 1 inactive WebSockets.
[2024-08-26 16:03:14.300 +00:00] [INF] [65] Emby.Server.Implementations.Session.SessionWebSocketListener: Sending ForceKeepAlive message to 1 inactive WebSockets.
[2024-08-26 16:06:02.300 +00:00] [INF] [71] Emby.Server.Implementations.Session.SessionWebSocketListener: Sending ForceKeepAlive message to 1 inactive WebSockets.
[2024-08-26 16:09:26.301 +00:00] [INF] [27] Emby.Server.Implementations.Session.SessionWebSocketListener: Sending ForceKeepAlive message to 1 inactive WebSockets.
[2024-08-26 16:12:14.301 +00:00] [INF] [17] Emby.Server.Implementations.Session.SessionWebSocketListener: Sending ForceKeepAlive message to 1 inactive WebSockets.
[2024-08-26 16:15:02.301 +00:00] [INF] [171] Emby.Server.Implementations.Session.SessionWebSocketListener: Sending ForceKeepAlive message to 1 inactive WebSockets.
[2024-08-26 16:18:26.301 +00:00] [INF] [117] Emby.Server.Implementations.Session.SessionWebSocketListener: Sending ForceKeepAlive message to 1 inactive WebSockets.
[2024-08-26 16:21:14.301 +00:00] [INF] [128] Emby.Server.Implementations.Session.SessionWebSocketListener: Sending ForceKeepAlive message to 1 inactive WebSockets.
[2024-08-26 16:24:02.300 +00:00] [INF] [126] Emby.Server.Implementations.Session.SessionWebSocketListener: Sending ForceKeepAlive message to 1 inactive WebSockets.
[2024-08-26 16:27:26.301 +00:00] [INF] [91] Emby.Server.Implementations.Session.SessionWebSocketListener: Sending ForceKeepAlive message to 1 inactive WebSockets.
[2024-08-26 16:30:14.301 +00:00] [INF] [92] Emby.Server.Implementations.Session.SessionWebSocketListener: Sending ForceKeepAlive message to 1 inactive WebSockets.
[2024-08-26 16:33:02.302 +00:00] [INF] [30] Emby.Server.Implementations.Session.SessionWebSocketListener: Sending ForceKeepAlive message to 1 inactive WebSockets.
[2024-08-26 16:36:26.300 +00:00] [INF] [46] Emby.Server.Implementations.Session.SessionWebSocketListener: Sending ForceKeepAlive message to 1 inactive WebSockets.
[2024-08-26 16:39:14.300 +00:00] [INF] [50] Emby.Server.Implementations.Session.SessionWebSocketListener: Sending ForceKeepAlive message to 1 inactive WebSockets.
[2024-08-26 16:42:02.300 +00:00] [INF] [47] Emby.Server.Implementations.Session.SessionWebSocketListener: Sending ForceKeepAlive message to 1 inactive WebSockets.
[2024-08-26 16:45:26.301 +00:00] [INF] [38] Emby.Server.Implementations.Session.SessionWebSocketListener: Sending ForceKeepAlive message to 1 inactive WebSockets.
[2024-08-26 16:48:14.301 +00:00] [INF] [29] Emby.Server.Implementations.Session.SessionWebSocketListener: Sending ForceKeepAlive message to 1 inactive WebSockets.
[2024-08-26 16:51:02.301 +00:00] [INF] [85] Emby.Server.Implementations.Session.SessionWebSocketListener: Sending ForceKeepAlive message to 1 inactive WebSockets.
[2024-08-26 16:54:26.301 +00:00] [INF] [80] Emby.Server.Implementations.Session.SessionWebSocketListener: Sending ForceKeepAlive message to 1 inactive WebSockets.
[2024-08-26 16:57:14.301 +00:00] [INF] [116] Emby.Server.Implementations.Session.SessionWebSocketListener: Sending ForceKeepAlive message to 1 inactive WebSockets.
[2024-08-26 17:00:02.301 +00:00] [INF] [120] Emby.Server.Implementations.Session.SessionWebSocketListener: Sending ForceKeepAlive message to 1 inactive WebSockets.
[2024-08-26 17:03:26.301 +00:00] [INF] [103] Emby.Server.Implementations.Session.SessionWebSocketListener: Sending ForceKeepAlive message to 1 inactive WebSockets.
[2024-08-26 17:06:14.301 +00:00] [INF] [164] Emby.Server.Implementations.Session.SessionWebSocketListener: Sending ForceKeepAlive message to 1 inactive WebSockets.
[2024-08-26 17:09:02.301 +00:00] [INF] [151] Emby.Server.Implementations.Session.SessionWebSocketListener: Sending ForceKeepAlive message to 1 inactive WebSockets.
[2024-08-26 17:12:26.301 +00:00] [INF] [74] Emby.Server.Implementations.Session.SessionWebSocketListener: Sending ForceKeepAlive message to 1 inactive WebSockets.
[2024-08-26 17:15:14.301 +00:00] [INF] [63] Emby.Server.Implementations.Session.SessionWebSocketListener: Sending ForceKeepAlive message to 1 inactive WebSockets.
[2024-08-26 17:18:02.301 +00:00] [INF] [59] Emby.Server.Implementations.Session.SessionWebSocketListener: Sending ForceKeepAlive message to 1 inactive WebSockets.
[2024-08-26 17:21:26.302 +00:00] [INF] [106] Emby.Server.Implementations.Session.SessionWebSocketListener: Sending ForceKeepAlive message to 1 inactive WebSockets.
[2024-08-26 17:24:14.301 +00:00] [INF] [19] Emby.Server.Implementations.Session.SessionWebSocketListener: Sending ForceKeepAlive message to 1 inactive WebSockets.
[2024-08-26 17:27:02.302 +00:00] [INF] [105] Emby.Server.Implementations.Session.SessionWebSocketListener: Sending ForceKeepAlive message to 1 inactive WebSockets.
[2024-08-26 17:30:26.301 +00:00] [INF] [19] Emby.Server.Implementations.Session.SessionWebSocketListener: Sending ForceKeepAlive message to 1 inactive WebSockets.
[2024-08-26 17:33:14.301 +00:00] [INF] [109] Emby.Server.Implementations.Session.SessionWebSocketListener: Sending ForceKeepAlive message to 1 inactive WebSockets.
[2024-08-26 17:36:02.300 +00:00] [INF] [51] Emby.Server.Implementations.Session.SessionWebSocketListener: Sending ForceKeepAlive message to 1 inactive WebSockets.
[2024-08-26 17:39:26.301 +00:00] [INF] [62] Emby.Server.Implementations.Session.SessionWebSocketListener: Sending ForceKeepAlive message to 1 inactive WebSockets.
[2024-08-26 17:42:14.301 +00:00] [INF] [160] Emby.Server.Implementations.Session.SessionWebSocketListener: Sending ForceKeepAlive message to 1 inactive WebSockets.
[2024-08-26 17:45:02.301 +00:00] [INF] [160] Emby.Server.Implementations.Session.SessionWebSocketListener: Sending ForceKeepAlive message to 1 inactive WebSockets.
[2024-08-26 17:48:26.301 +00:00] [INF] [148] Emby.Server.Implementations.Session.SessionWebSocketListener: Sending ForceKeepAlive message to 1 inactive WebSockets.
[2024-08-26 17:51:14.302 +00:00] [INF] [104] Emby.Server.Implementations.Session.SessionWebSocketListener: Sending ForceKeepAlive message to 1 inactive WebSockets.
[2024-08-26 17:54:02.301 +00:00] [INF] [20] Emby.Server.Implementations.Session.SessionWebSocketListener: Sending ForceKeepAlive message to 1 inactive WebSockets.
[2024-08-26 17:57:26.301 +00:00] [INF] [128] Emby.Server.Implementations.Session.SessionWebSocketListener: Sending ForceKeepAlive message to 1 inactive WebSockets.
[2024-08-26 18:00:14.302 +00:00] [INF] [78] Emby.Server.Implementations.Session.SessionWebSocketListener: Sending ForceKeepAlive message to 1 inactive WebSockets.
[2024-08-26 18:03:02.301 +00:00] [INF] [85] Emby.Server.Implementations.Session.SessionWebSocketListener: Sending ForceKeepAlive message to 1 inactive WebSockets.
[2024-08-26 18:06:26.301 +00:00] [INF] [29] Emby.Server.Implementations.Session.SessionWebSocketListener: Sending ForceKeepAlive message to 1 inactive WebSockets.
[2024-08-26 18:09:14.301 +00:00] [INF] [34] Emby.Server.Implementations.Session.SessionWebSocketListener: Sending ForceKeepAlive message to 1 inactive WebSockets.
[2024-08-26 18:12:02.301 +00:00] [INF] [42] Emby.Server.Implementations.Session.SessionWebSocketListener: Sending ForceKeepAlive message to 1 inactive WebSockets.
[2024-08-26 18:15:26.301 +00:00] [INF] [100] Emby.Server.Implementations.Session.SessionWebSocketListener: Sending ForceKeepAlive message to 1 inactive WebSockets.
[2024-08-26 18:18:14.301 +00:00] [INF] [40] Emby.Server.Implementations.Session.SessionWebSocketListener: Sending ForceKeepAlive message to 1 inactive WebSockets.
[2024-08-26 18:21:02.301 +00:00] [INF] [130] Emby.Server.Implementations.Session.SessionWebSocketListener: Sending ForceKeepAlive message to 1 inactive WebSockets.
[2024-08-26 18:24:26.300 +00:00] [INF] [22] Emby.Server.Implementations.Session.SessionWebSocketListener: Sending ForceKeepAlive message to 1 inactive WebSockets.
[2024-08-26 18:27:14.301 +00:00] [INF] [33] Emby.Server.Implementations.Session.SessionWebSocketListener: Sending ForceKeepAlive message to 1 inactive WebSockets.
[2024-08-26 18:30:02.302 +00:00] [INF] [86] Emby.Server.Implementations.Session.SessionWebSocketListener: Sending ForceKeepAlive message to 1 inactive WebSockets.
[2024-08-26 18:33:26.301 +00:00] [INF] [123] Emby.Server.Implementations.Session.SessionWebSocketListener: Sending ForceKeepAlive message to 1 inactive WebSockets.
[2024-08-26 18:36:14.301 +00:00] [INF] [126] Emby.Server.Implementations.Session.SessionWebSocketListener: Sending ForceKeepAlive message to 1 inactive WebSockets.
[2024-08-26 18:39:02.301 +00:00] [INF] [119] Emby.Server.Implementations.Session.SessionWebSocketListener: Sending ForceKeepAlive message to 1 inactive WebSockets.
[2024-08-26 18:42:26.301 +00:00] [INF] [136] Emby.Server.Implementations.Session.SessionWebSocketListener: Sending ForceKeepAlive message to 1 inactive WebSockets.
[2024-08-26 18:45:14.300 +00:00] [INF] [113] Emby.Server.Implementations.Session.SessionWebSocketListener: Sending ForceKeepAlive message to 1 inactive WebSockets.
[2024-08-26 18:48:02.300 +00:00] [INF] [28] Emby.Server.Implementations.Session.SessionWebSocketListener: Sending ForceKeepAlive message to 1 inactive WebSockets.
[2024-08-26 18:51:26.301 +00:00] [INF] [26] Emby.Server.Implementations.Session.SessionWebSocketListener: Sending ForceKeepAlive message to 1 inactive WebSockets.
[2024-08-26 18:54:14.301 +00:00] [INF] [160] Emby.Server.Implementations.Session.SessionWebSocketListener: Sending ForceKeepAlive message to 1 inactive WebSockets.
[2024-08-26 18:57:02.301 +00:00] [INF] [158] Emby.Server.Implementations.Session.SessionWebSocketListener: Sending ForceKeepAlive message to 1 inactive WebSockets.
[2024-08-26 19:00:26.301 +00:00] [INF] [61] Emby.Server.Implementations.Session.SessionWebSocketListener: Sending ForceKeepAlive message to 1 inactive WebSockets.
[2024-08-26 19:03:14.301 +00:00] [INF] [56] Emby.Server.Implementations.Session.SessionWebSocketListener: Sending ForceKeepAlive message to 1 inactive WebSockets.
[2024-08-26 19:06:02.301 +00:00] [INF] [111] Emby.Server.Implementations.Session.SessionWebSocketListener: Sending ForceKeepAlive message to 1 inactive WebSockets.
[2024-08-26 19:09:26.301 +00:00] [INF] [19] Emby.Server.Implementations.Session.SessionWebSocketListener: Sending ForceKeepAlive message to 1 inactive WebSockets.
[2024-08-26 19:12:14.300 +00:00] [INF] [18] Emby.Server.Implementations.Session.SessionWebSocketListener: Sending ForceKeepAlive message to 1 inactive WebSockets.
[2024-08-26 19:15:02.301 +00:00] [INF] [140] Emby.Server.Implementations.Session.SessionWebSocketListener: Sending ForceKeepAlive message to 1 inactive WebSockets.
[2024-08-26 19:18:26.301 +00:00] [INF] [24] Emby.Server.Implementations.Session.SessionWebSocketListener: Sending ForceKeepAlive message to 1 inactive WebSockets.
[2024-08-26 19:21:14.300 +00:00] [INF] [16] Emby.Server.Implementations.Session.SessionWebSocketListener: Sending ForceKeepAlive message to 1 inactive WebSockets.
[2024-08-26 19:24:02.301 +00:00] [INF] [25] Emby.Server.Implementations.Session.SessionWebSocketListener: Sending ForceKeepAlive message to 1 inactive WebSockets.
[2024-08-26 19:27:26.301 +00:00] [INF] [52] Emby.Server.Implementations.Session.SessionWebSocketListener: Sending ForceKeepAlive message to 1 inactive WebSockets.
[2024-08-26 19:30:14.301 +00:00] [INF] [57] Emby.Server.Implementations.Session.SessionWebSocketListener: Sending ForceKeepAlive message to 1 inactive WebSockets.
[2024-08-26 19:33:02.301 +00:00] [INF] [68] Emby.Server.Implementations.Session.SessionWebSocketListener: Sending ForceKeepAlive message to 1 inactive WebSockets.
[2024-08-26 19:36:26.301 +00:00] [INF] [160] Emby.Server.Implementations.Session.SessionWebSocketListener: Sending ForceKeepAlive message to 1 inactive WebSockets.
[2024-08-26 19:39:14.301 +00:00] [INF] [97] Emby.Server.Implementations.Session.SessionWebSocketListener: Sending ForceKeepAlive message to 1 inactive WebSockets.
[2024-08-26 19:42:02.300 +00:00] [INF] [15] Emby.Server.Implementations.Session.SessionWebSocketListener: Sending ForceKeepAlive message to 1 inactive WebSockets.
[2024-08-26 19:45:26.300 +00:00] [INF] [165] Emby.Server.Implementations.Session.SessionWebSocketListener: Sending ForceKeepAlive message to 1 inactive WebSockets.
[2024-08-26 19:48:14.300 +00:00] [INF] [170] Emby.Server.Implementations.Session.SessionWebSocketListener: Sending ForceKeepAlive message to 1 inactive WebSockets.
[2024-08-26 19:51:02.301 +00:00] [INF] [164] Emby.Server.Implementations.Session.SessionWebSocketListener: Sending ForceKeepAlive message to 1 inactive WebSockets.
[2024-08-26 19:54:26.302 +00:00] [INF] [15] Emby.Server.Implementations.Session.SessionWebSocketListener: Sending ForceKeepAlive message to 1 inactive WebSockets.
[2024-08-26 19:57:14.302 +00:00] [INF] [97] Emby.Server.Implementations.Session.SessionWebSocketListener: Sending ForceKeepAlive message to 1 inactive WebSockets.
[2024-08-26 20:00:02.301 +00:00] [INF] [74] Emby.Server.Implementations.Session.SessionWebSocketListener: Sending ForceKeepAlive message to 1 inactive WebSockets.
[2024-08-26 20:03:26.302 +00:00] [INF] [73] Emby.Server.Implementations.Session.SessionWebSocketListener: Sending ForceKeepAlive message to 1 inactive WebSockets.
[2024-08-26 20:06:14.301 +00:00] [INF] [62] Emby.Server.Implementations.Session.SessionWebSocketListener: Sending ForceKeepAlive message to 1 inactive WebSockets.
[2024-08-26 20:09:02.301 +00:00] [INF] [54] Emby.Server.Implementations.Session.SessionWebSocketListener: Sending ForceKeepAlive message to 1 inactive WebSockets.
[2024-08-26 20:12:26.301 +00:00] [INF] [108] Emby.Server.Implementations.Session.SessionWebSocketListener: Sending ForceKeepAlive message to 1 inactive WebSockets.
[2024-08-26 20:15:14.300 +00:00] [INF] [25] Emby.Server.Implementations.Session.SessionWebSocketListener: Sending ForceKeepAlive message to 1 inactive WebSockets.
[2024-08-26 20:18:02.301 +00:00] [INF] [143] Emby.Server.Implementations.Session.SessionWebSocketListener: Sending ForceKeepAlive message to 1 inactive WebSockets.
[2024-08-26 20:21:26.301 +00:00] [INF] [147] Emby.Server.Implementations.Session.SessionWebSocketListener: Sending ForceKeepAlive message to 1 inactive WebSockets.
[2024-08-26 20:24:14.301 +00:00] [INF] [110] Emby.Server.Implementations.Session.SessionWebSocketListener: Sending ForceKeepAlive message to 1 inactive WebSockets.
[2024-08-26 20:27:02.301 +00:00] [INF] [55] Emby.Server.Implementations.Session.SessionWebSocketListener: Sending ForceKeepAlive message to 1 inactive WebSockets.
[2024-08-26 20:30:26.301 +00:00] [INF] [69] Emby.Server.Implementations.Session.SessionWebSocketListener: Sending ForceKeepAlive message to 1 inactive WebSockets.
[2024-08-26 20:33:14.300 +00:00] [INF] [162] Emby.Server.Implementations.Session.SessionWebSocketListener: Sending ForceKeepAlive message to 1 inactive WebSockets.
[2024-08-26 20:36:02.301 +00:00] [INF] [151] Emby.Server.Implementations.Session.SessionWebSocketListener: Sending ForceKeepAlive message to 1 inactive WebSockets.
[2024-08-26 20:39:26.301 +00:00] [INF] [172] Emby.Server.Implementations.Session.SessionWebSocketListener: Sending ForceKeepAlive message to 1 inactive WebSockets.
[2024-08-26 20:42:14.301 +00:00] [INF] [114] Emby.Server.Implementations.Session.SessionWebSocketListener: Sending ForceKeepAlive message to 1 inactive WebSockets.
[2024-08-26 20:45:02.300 +00:00] [INF] [118] Emby.Server.Implementations.Session.SessionWebSocketListener: Sending ForceKeepAlive message to 1 inactive WebSockets.
[2024-08-26 20:48:26.300 +00:00] [INF] [125] Emby.Server.Implementations.Session.SessionWebSocketListener: Sending ForceKeepAlive message to 1 inactive WebSockets.
[2024-08-26 20:51:14.301 +00:00] [INF] [81] Emby.Server.Implementations.Session.SessionWebSocketListener: Sending ForceKeepAlive message to 1 inactive WebSockets.
[2024-08-26 20:54:02.301 +00:00] [INF] [86] Emby.Server.Implementations.Session.SessionWebSocketListener: Sending ForceKeepAlive message to 1 inactive WebSockets.
[2024-08-26 20:57:26.300 +00:00] [INF] [33] Emby.Server.Implementations.Session.SessionWebSocketListener: Sending ForceKeepAlive message to 1 inactive WebSockets.
[2024-08-26 21:00:14.302 +00:00] [INF] [130] Emby.Server.Implementations.Session.SessionWebSocketListener: Sending ForceKeepAlive message to 1 inactive WebSockets.
[2024-08-26 21:03:02.301 +00:00] [INF] [40] Emby.Server.Implementations.Session.SessionWebSocketListener: Sending ForceKeepAlive message to 1 inactive WebSockets.
[2024-08-26 21:06:26.301 +00:00] [INF] [49] Emby.Server.Implementations.Session.SessionWebSocketListener: Sending ForceKeepAlive message to 1 inactive WebSockets.
[2024-08-26 21:09:14.302 +00:00] [INF] [100] Emby.Server.Implementations.Session.SessionWebSocketListener: Sending ForceKeepAlive message to 1 inactive WebSockets.
[2024-08-26 21:10:58.720 +00:00] [INF] [45] Emby.Server.Implementations.IO.LibraryMonitor: Stopping directory watching for path "/media"
[2024-08-26 21:10:58.720 +00:00] [INF] [45] Emby.Server.Implementations.IO.LibraryMonitor: Stopping directory watching for path "/media2"
[2024-08-26 21:10:58.720 +00:00] [INF] [45] Emby.Server.Implementations.Library.LibraryManager: Validating media library
[2024-08-26 21:10:58.727 +00:00] [WRN] [45] MediaBrowser.Controller.Entities.BaseItem: Library folder "/config/data/playlists" is inaccessible or empty, skipping
[2024-08-26 21:10:58.735 +00:00] [WRN] [43] MediaBrowser.Controller.Entities.BaseItem: Library folder "/config/data/playlists" is inaccessible or empty, skipping
[2024-08-26 21:10:58.742 +00:00] [INF] [100] Emby.Server.Implementations.ScheduledTasks.TaskManager: "Scan Media Library" Completed after 0 minute(s) and 0 seconds
[2024-08-26 21:10:58.779 +00:00] [INF] [42] Emby.Server.Implementations.IO.LibraryMonitor: Watching directory "/media2"
[2024-08-26 21:10:58.779 +00:00] [INF] [49] Emby.Server.Implementations.IO.LibraryMonitor: Watching directory "/media"
[2024-08-26 21:12:02.301 +00:00] [INF] [47] Emby.Server.Implementations.Session.SessionWebSocketListener: Sending ForceKeepAlive message to 1 inactive WebSockets.
[2024-08-26 21:15:26.301 +00:00] [INF] [130] Emby.Server.Implementations.Session.SessionWebSocketListener: Sending ForceKeepAlive message to 1 inactive WebSockets.
[2024-08-26 21:18:14.301 +00:00] [INF] [30] Emby.Server.Implementations.Session.SessionWebSocketListener: Sending ForceKeepAlive message to 1 inactive WebSockets.
[2024-08-26 21:21:02.301 +00:00] [INF] [23] Emby.Server.Implementations.Session.SessionWebSocketListener: Sending ForceKeepAlive message to 1 inactive WebSockets.
[2024-08-26 21:24:26.301 +00:00] [INF] [85] Emby.Server.Implementations.Session.SessionWebSocketListener: Sending ForceKeepAlive message to 1 inactive WebSockets.
[2024-08-26 21:27:14.301 +00:00] [INF] [89] Emby.Server.Implementations.Session.SessionWebSocketListener: Sending ForceKeepAlive message to 1 inactive WebSockets.
[2024-08-26 21:30:02.301 +00:00] [INF] [127] Emby.Server.Implementations.Session.SessionWebSocketListener: Sending ForceKeepAlive message to 1 inactive WebSockets.
[2024-08-26 21:33:26.301 +00:00] [INF] [114] Emby.Server.Implementations.Session.SessionWebSocketListener: Sending ForceKeepAlive message to 1 inactive WebSockets.
[2024-08-26 21:36:14.301 +00:00] [INF] [172] Emby.Server.Implementations.Session.SessionWebSocketListener: Sending ForceKeepAlive message to 1 inactive WebSockets.
[2024-08-26 21:39:02.301 +00:00] [INF] [165] Emby.Server.Implementations.Session.SessionWebSocketListener: Sending ForceKeepAlive message to 1 inactive WebSockets.
[2024-08-26 21:42:26.301 +00:00] [INF] [152] Emby.Server.Implementations.Session.SessionWebSocketListener: Sending ForceKeepAlive message to 1 inactive WebSockets.
[2024-08-26 21:45:14.301 +00:00] [INF] [164] Emby.Server.Implementations.Session.SessionWebSocketListener: Sending ForceKeepAlive message to 1 inactive WebSockets.
[2024-08-26 21:48:02.300 +00:00] [INF] [136] Emby.Server.Implementations.Session.SessionWebSocketListener: Sending ForceKeepAlive message to 1 inactive WebSockets.
[2024-08-26 21:51:26.300 +00:00] [INF] [98] Emby.Server.Implementations.Session.SessionWebSocketListener: Sending ForceKeepAlive message to 1 inactive WebSockets.
[2024-08-26 21:54:14.301 +00:00] [INF] [72] Emby.Server.Implementations.Session.SessionWebSocketListener: Sending ForceKeepAlive message to 1 inactive WebSockets.
[2024-08-26 21:57:02.301 +00:00] [INF] [81] Emby.Server.Implementations.Session.SessionWebSocketListener: Sending ForceKeepAlive message to 1 inactive WebSockets.
[2024-08-26 22:00:26.301 +00:00] [INF] [95] Emby.Server.Implementations.Session.SessionWebSocketListener: Sending ForceKeepAlive message to 1 inactive WebSockets.
[2024-08-26 22:03:14.301 +00:00] [INF] [32] Emby.Server.Implementations.Session.SessionWebSocketListener: Sending ForceKeepAlive message to 1 inactive WebSockets.
[2024-08-26 22:06:02.301 +00:00] [INF] [35] Emby.Server.Implementations.Session.SessionWebSocketListener: Sending ForceKeepAlive message to 1 inactive WebSockets.
[2024-08-26 22:09:26.301 +00:00] [INF] [100] Emby.Server.Implementations.Session.SessionWebSocketListener: Sending ForceKeepAlive message to 1 inactive WebSockets.
[2024-08-26 22:12:14.301 +00:00] [INF] [156] Emby.Server.Implementations.Session.SessionWebSocketListener: Sending ForceKeepAlive message to 1 inactive WebSockets.
[2024-08-26 22:15:02.301 +00:00] [INF] [69] Emby.Server.Implementations.Session.SessionWebSocketListener: Sending ForceKeepAlive message to 1 inactive WebSockets.
[2024-08-26 22:18:26.301 +00:00] [INF] [59] Emby.Server.Implementations.Session.SessionWebSocketListener: Sending ForceKeepAlive message to 1 inactive WebSockets.
[2024-08-26 22:21:14.301 +00:00] [INF] [51] Emby.Server.Implementations.Session.SessionWebSocketListener: Sending ForceKeepAlive message to 1 inactive WebSockets.
[2024-08-26 22:24:02.300 +00:00] [INF] [16] Emby.Server.Implementations.Session.SessionWebSocketListener: Sending ForceKeepAlive message to 1 inactive WebSockets.
[2024-08-26 22:27:26.301 +00:00] [INF] [39] Emby.Server.Implementations.Session.SessionWebSocketListener: Sending ForceKeepAlive message to 1 inactive WebSockets.
[2024-08-26 22:30:14.302 +00:00] [INF] [134] Emby.Server.Implementations.Session.SessionWebSocketListener: Sending ForceKeepAlive message to 1 inactive WebSockets.
[2024-08-26 22:33:02.301 +00:00] [INF] [24] Emby.Server.Implementations.Session.SessionWebSocketListener: Sending ForceKeepAlive message to 1 inactive WebSockets.
[2024-08-26 22:36:26.301 +00:00] [INF] [108] Emby.Server.Implementations.Session.SessionWebSocketListener: Sending ForceKeepAlive message to 1 inactive WebSockets.
[2024-08-26 22:39:14.301 +00:00] [INF] [53] Emby.Server.Implementations.Session.SessionWebSocketListener: Sending ForceKeepAlive message to 1 inactive WebSockets.
[2024-08-26 22:42:02.301 +00:00] [INF] [62] Emby.Server.Implementations.Session.SessionWebSocketListener: Sending ForceKeepAlive message to 1 inactive WebSockets.
[2024-08-26 22:45:26.301 +00:00] [INF] [157] Emby.Server.Implementations.Session.SessionWebSocketListener: Sending ForceKeepAlive message to 1 inactive WebSockets.
[2024-08-26 22:48:14.301 +00:00] [INF] [27] Emby.Server.Implementations.Session.SessionWebSocketListener: Sending ForceKeepAlive message to 1 inactive WebSockets.
[2024-08-26 22:51:02.301 +00:00] [INF] [42] Emby.Server.Implementations.Session.SessionWebSocketListener: Sending ForceKeepAlive message to 1 inactive WebSockets.
[2024-08-26 22:54:26.301 +00:00] [INF] [130] Emby.Server.Implementations.Session.SessionWebSocketListener: Sending ForceKeepAlive message to 1 inactive WebSockets.
[2024-08-26 22:57:14.301 +00:00] [INF] [30] Emby.Server.Implementations.Session.SessionWebSocketListener: Sending ForceKeepAlive message to 1 inactive WebSockets.
[2024-08-26 23:00:02.301 +00:00] [INF] [21] Emby.Server.Implementations.Session.SessionWebSocketListener: Sending ForceKeepAlive message to 1 inactive WebSockets.
[2024-08-26 23:03:26.302 +00:00] [INF] [82] Emby.Server.Implementations.Session.SessionWebSocketListener: Sending ForceKeepAlive message to 1 inactive WebSockets.
[2024-08-26 23:06:14.301 +00:00] [INF] [76] Emby.Server.Implementations.Session.SessionWebSocketListener: Sending ForceKeepAlive message to 1 inactive WebSockets.
[2024-08-26 23:09:02.301 +00:00] [INF] [123] Emby.Server.Implementations.Session.SessionWebSocketListener: Sending ForceKeepAlive message to 1 inactive WebSockets.
[2024-08-26 23:12:26.301 +00:00] [INF] [118] Emby.Server.Implementations.Session.SessionWebSocketListener: Sending ForceKeepAlive message to 1 inactive WebSockets.
[2024-08-26 23:15:14.301 +00:00] [INF] [121] Emby.Server.Implementations.Session.SessionWebSocketListener: Sending ForceKeepAlive message to 1 inactive WebSockets.
[2024-08-26 23:18:02.301 +00:00] [INF] [103] Emby.Server.Implementations.Session.SessionWebSocketListener: Sending ForceKeepAlive message to 1 inactive WebSockets.
[2024-08-26 23:21:26.301 +00:00] [INF] [136] Emby.Server.Implementations.Session.SessionWebSocketListener: Sending ForceKeepAlive message to 1 inactive WebSockets.
[2024-08-26 23:24:14.301 +00:00] [INF] [165] Emby.Server.Implementations.Session.SessionWebSocketListener: Sending ForceKeepAlive message to 1 inactive WebSockets.
[2024-08-26 23:27:02.300 +00:00] [INF] [149] Emby.Server.Implementations.Session.SessionWebSocketListener: Sending ForceKeepAlive message to 1 inactive WebSockets.
[2024-08-26 23:30:26.301 +00:00] [INF] [166] Emby.Server.Implementations.Session.SessionWebSocketListener: Sending ForceKeepAlive message to 1 inactive WebSockets.
[2024-08-26 23:33:14.300 +00:00] [INF] [149] Emby.Server.Implementations.Session.SessionWebSocketListener: Sending ForceKeepAlive message to 1 inactive WebSockets.
[2024-08-26 23:36:02.301 +00:00] [INF] [112] Emby.Server.Implementations.Session.SessionWebSocketListener: Sending ForceKeepAlive message to 1 inactive WebSockets.
[2024-08-26 23:39:26.301 +00:00] [INF] [118] Emby.Server.Implementations.Session.SessionWebSocketListener: Sending ForceKeepAlive message to 1 inactive WebSockets.
[2024-08-26 23:42:14.301 +00:00] [INF] [123] Emby.Server.Implementations.Session.SessionWebSocketListener: Sending ForceKeepAlive message to 1 inactive WebSockets.
[2024-08-26 23:45:02.301 +00:00] [INF] [82] Emby.Server.Implementations.Session.SessionWebSocketListener: Sending ForceKeepAlive message to 1 inactive WebSockets.
[2024-08-26 23:48:26.301 +00:00] [INF] [91] Emby.Server.Implementations.Session.SessionWebSocketListener: Sending ForceKeepAlive message to 1 inactive WebSockets.
[2024-08-26 23:51:14.301 +00:00] [INF] [95] Emby.Server.Implementations.Session.SessionWebSocketListener: Sending ForceKeepAlive message to 1 inactive WebSockets.
[2024-08-26 23:54:02.301 +00:00] [INF] [36] Emby.Server.Implementations.Session.SessionWebSocketListener: Sending ForceKeepAlive message to 1 inactive WebSockets.
[2024-08-26 23:57:26.302 +00:00] [INF] [46] Emby.Server.Implementations.Session.SessionWebSocketListener: Sending ForceKeepAlive message to 1 inactive WebSockets.
